2025-11-04 22:03:45.146 [info] Reading sessions from keychain...
2025-11-04 22:03:45.146 [info] Getting sessions for all scopes...
2025-11-04 22:03:45.275 [info] Got stored sessions!
2025-11-04 22:03:45.275 [info] Got 1 verified sessions.
2025-11-04 22:03:45.275 [info] Got 1 sessions for ...
2025-11-04 22:03:45.275 [info] Getting sessions for all scopes...
2025-11-04 22:03:45.275 [info] Got 1 sessions for ...
2025-11-04 22:03:45.275 [info] Getting sessions for all scopes...
2025-11-04 22:03:45.275 [info] Got 1 sessions for ...
2025-11-04 22:03:45.275 [info] Getting sessions for all scopes...
2025-11-04 22:03:45.275 [info] Got 1 sessions for ...
2025-11-04 22:03:45.275 [info] Getting sessions for all scopes...
2025-11-04 22:03:45.275 [info] Got 1 sessions for ...
2025-11-04 22:03:45.275 [info] Getting sessions for all scopes...
2025-11-04 22:03:45.275 [info] Got 1 sessions for ...
2025-11-04 22:03:45.275 [info] Getting sessions for all scopes...
2025-11-04 22:03:45.275 [info] Got 1 sessions for ...
2025-11-04 22:03:45.390 [info] Getting sessions for all scopes...
2025-11-04 22:03:45.390 [info] Got 1 sessions for ...
2025-11-04 22:03:45.391 [info] Getting sessions for all scopes...
2025-11-04 22:03:45.391 [info] Got 1 sessions for ...
2025-11-04 22:03:45.391 [info] Getting sessions for all scopes...
2025-11-04 22:03:45.391 [info] Got 1 sessions for ...
2025-11-04 22:03:45.392 [info] Getting sessions for all scopes...
2025-11-04 22:03:45.392 [info] Got 1 sessions for ...
2025-11-04 22:03:45.392 [info] Getting sessions for all scopes...
2025-11-04 22:03:45.392 [info] Got 1 sessions for ...
2025-11-04 22:03:45.392 [info] Getting sessions for all scopes...
2025-11-04 22:03:45.392 [info] Got 1 sessions for ...
2025-11-04 22:03:48.900 [info] Getting sessions for all scopes...
2025-11-04 22:03:48.900 [info] Got 1 sessions for ...
2025-11-04 22:03:48.924 [info] Getting sessions for all scopes...
2025-11-04 22:03:48.925 [info] Got 1 sessions for ...
2025-11-04 22:03:48.941 [info] Getting sessions for all scopes...
2025-11-04 22:03:48.941 [info] Got 1 sessions for ...
2025-11-04 22:03:48.941 [info] Getting sessions for all scopes...
2025-11-04 22:03:48.941 [info] Got 1 sessions for ...
2025-11-04 22:03:48.942 [info] Getting sessions for all scopes...
2025-11-04 22:03:48.942 [info] Got 1 sessions for ...
2025-11-04 22:03:49.107 [info] Getting sessions for all scopes...
2025-11-04 22:03:49.107 [info] Got 1 sessions for ...
2025-11-04 22:03:49.107 [info] Getting sessions for all scopes...
2025-11-04 22:03:49.107 [info] Got 1 sessions for ...
2025-11-04 22:03:49.373 [info] FetcherService: Electron fetch failed with status: 429 
2025-11-04 22:03:49.780 [info] Getting sessions for read:user,repo,user:email,workflow...
2025-11-04 22:03:49.780 [info] Got 1 sessions for read:user,repo,user:email,workflow...
2025-11-04 22:03:49.806 [info] Getting sessions for all scopes...
2025-11-04 22:03:49.806 [info] Got 1 sessions for ...
2025-11-04 22:03:49.851 [info] Getting sessions for all scopes...
2025-11-04 22:03:49.851 [info] Got 1 sessions for ...
2025-11-04 22:03:49.996 [info] Getting sessions for read:user,repo,user:email,workflow...
2025-11-04 22:03:49.996 [info] Got 1 sessions for read:user,repo,user:email,workflow...
2025-11-04 22:03:50.077 [info] Getting sessions for read:user,repo,user:email,workflow...
2025-11-04 22:03:50.077 [info] Got 1 sessions for read:user,repo,user:email,workflow...
2025-11-04 22:03:50.078 [info] Getting sessions for all scopes...
2025-11-04 22:03:50.078 [info] Got 1 sessions for ...
2025-11-04 22:03:50.078 [info] Getting sessions for all scopes...
2025-11-04 22:03:50.078 [info] Got 1 sessions for ...
2025-11-04 22:03:50.126 [info] Getting sessions for all scopes...
2025-11-04 22:03:50.126 [info] Got 1 sessions for ...
2025-11-04 22:03:50.164 [info] Getting sessions for read:user,repo,user:email,workflow...
2025-11-04 22:03:50.164 [info] Got 1 sessions for read:user,repo,user:email,workflow...
2025-11-04 22:03:50.317 [info] FetcherService: Node fetch failed with status: 429 Too Many Requests
2025-11-04 22:03:50.642 [info] Getting sessions for all scopes...
2025-11-04 22:03:50.642 [info] Got 1 sessions for ...
2025-11-04 22:03:50.642 [info] Getting sessions for all scopes...
2025-11-04 22:03:50.642 [info] Got 1 sessions for ...
2025-11-04 22:03:50.658 [info] FetcherService: Node http/s failed with status: 429 Too Many Requests
2025-11-04 22:03:50.662 [info] Getting sessions for read:user,repo,user:email,workflow...
2025-11-04 22:03:50.662 [info] Got 1 sessions for read:user,repo,user:email,workflow...
2025-11-04 22:03:50.756 [info] Getting sessions for all scopes...
2025-11-04 22:03:50.756 [info] Got 1 sessions for ...
2025-11-04 22:03:50.770 [info] Getting sessions for all scopes...
2025-11-04 22:03:50.770 [info] Got 1 sessions for ...
2025-11-04 22:03:50.785 [info] Getting sessions for all scopes...
2025-11-04 22:03:50.785 [info] Got 1 sessions for ...
2025-11-04 22:03:50.794 [info] Getting sessions for read:user,repo,user:email,workflow...
2025-11-04 22:03:50.794 [info] Got 1 sessions for read:user,repo,user:email,workflow...
2025-11-04 22:03:51.168 [info] Getting sessions for all scopes...
2025-11-04 22:03:51.168 [info] Got 1 sessions for ...
