2025-11-17 18:14:26.605 [info] Reading sessions from keychain...
2025-11-17 18:14:26.605 [info] Getting sessions for all scopes...
2025-11-17 18:14:26.729 [info] Got stored sessions!
2025-11-17 18:14:26.729 [info] Got 1 verified sessions.
2025-11-17 18:14:26.729 [info] Got 1 sessions for ...
2025-11-17 18:14:26.730 [info] Getting sessions for all scopes...
2025-11-17 18:14:26.730 [info] Got 1 sessions for ...
2025-11-17 18:14:26.730 [info] Getting sessions for all scopes...
2025-11-17 18:14:26.730 [info] Got 1 sessions for ...
2025-11-17 18:14:26.730 [info] Getting sessions for all scopes...
2025-11-17 18:14:26.730 [info] Got 1 sessions for ...
2025-11-17 18:14:26.730 [info] Getting sessions for all scopes...
2025-11-17 18:14:26.730 [info] Got 1 sessions for ...
2025-11-17 18:14:26.730 [info] Getting sessions for all scopes...
2025-11-17 18:14:26.730 [info] Got 1 sessions for ...
2025-11-17 18:14:26.730 [info] Getting sessions for all scopes...
2025-11-17 18:14:26.730 [info] Got 1 sessions for ...
2025-11-17 18:14:26.765 [info] Getting sessions for all scopes...
2025-11-17 18:14:26.765 [info] Got 1 sessions for ...
2025-11-17 18:14:26.765 [info] Getting sessions for all scopes...
2025-11-17 18:14:26.765 [info] Got 1 sessions for ...
2025-11-17 18:14:26.766 [info] Getting sessions for all scopes...
2025-11-17 18:14:26.766 [info] Got 1 sessions for ...
2025-11-17 18:14:26.766 [info] Getting sessions for all scopes...
2025-11-17 18:14:26.766 [info] Got 1 sessions for ...
2025-11-17 18:14:26.767 [info] Getting sessions for all scopes...
2025-11-17 18:14:26.767 [info] Got 1 sessions for ...
2025-11-17 18:14:26.767 [info] Getting sessions for all scopes...
2025-11-17 18:14:26.767 [info] Got 1 sessions for ...
2025-11-17 18:14:26.905 [info] Getting sessions for all scopes...
2025-11-17 18:14:26.905 [info] Got 1 sessions for ...
2025-11-17 18:14:30.403 [info] Getting sessions for all scopes...
2025-11-17 18:14:30.403 [info] Got 1 sessions for ...
2025-11-17 18:14:30.418 [info] Getting sessions for all scopes...
2025-11-17 18:14:30.418 [info] Got 1 sessions for ...
2025-11-17 18:14:30.418 [info] Getting sessions for all scopes...
2025-11-17 18:14:30.418 [info] Got 1 sessions for ...
2025-11-17 18:14:30.419 [info] Getting sessions for all scopes...
2025-11-17 18:14:30.419 [info] Got 1 sessions for ...
2025-11-17 18:14:30.543 [info] Getting sessions for read:user,repo,user:email,workflow...
2025-11-17 18:14:30.543 [info] Got 1 sessions for read:user,repo,user:email,workflow...
2025-11-17 18:14:30.562 [info] Getting sessions for all scopes...
2025-11-17 18:14:30.562 [info] Got 1 sessions for ...
2025-11-17 18:14:30.562 [info] Getting sessions for all scopes...
2025-11-17 18:14:30.562 [info] Got 1 sessions for ...
2025-11-17 18:14:30.894 [info] FetcherService: Electron fetch failed with status: 429 
2025-11-17 18:14:31.242 [info] Getting sessions for all scopes...
2025-11-17 18:14:31.242 [info] Got 1 sessions for ...
2025-11-17 18:14:31.245 [info] Getting sessions for read:user,repo,user:email,workflow...
2025-11-17 18:14:31.245 [info] Got 1 sessions for read:user,repo,user:email,workflow...
2025-11-17 18:14:31.269 [info] Getting sessions for all scopes...
2025-11-17 18:14:31.269 [info] Got 1 sessions for ...
2025-11-17 18:14:31.280 [info] Getting sessions for all scopes...
2025-11-17 18:14:31.280 [info] Got 1 sessions for ...
2025-11-17 18:14:31.280 [info] Getting sessions for read:user,repo,user:email,workflow...
2025-11-17 18:14:31.280 [info] Got 1 sessions for read:user,repo,user:email,workflow...
2025-11-17 18:14:31.367 [info] Getting sessions for all scopes...
2025-11-17 18:14:31.367 [info] Got 1 sessions for ...
2025-11-17 18:14:31.657 [info] FetcherService: Node fetch failed with status: 429 Too Many Requests
2025-11-17 18:14:31.724 [info] Getting sessions for all scopes...
2025-11-17 18:14:31.724 [info] Got 1 sessions for ...
2025-11-17 18:14:31.724 [info] Getting sessions for all scopes...
2025-11-17 18:14:31.724 [info] Got 1 sessions for ...
2025-11-17 18:14:31.735 [info] Getting sessions for read:user,repo,user:email,workflow...
2025-11-17 18:14:31.735 [info] Got 1 sessions for read:user,repo,user:email,workflow...
2025-11-17 18:14:31.801 [info] Getting sessions for all scopes...
2025-11-17 18:14:31.801 [info] Got 1 sessions for ...
2025-11-17 18:14:31.802 [info] Getting sessions for all scopes...
2025-11-17 18:14:31.802 [info] Got 1 sessions for ...
2025-11-17 18:14:31.815 [info] Getting sessions for all scopes...
2025-11-17 18:14:31.815 [info] Got 1 sessions for ...
2025-11-17 18:14:31.824 [info] Getting sessions for read:user,repo,user:email,workflow...
2025-11-17 18:14:31.824 [info] Got 1 sessions for read:user,repo,user:email,workflow...
2025-11-17 18:14:31.985 [info] FetcherService: Node http/s failed with status: 429 Too Many Requests
2025-11-17 18:14:32.861 [info] Getting sessions for all scopes...
2025-11-17 18:14:32.862 [info] Got 1 sessions for ...
