2025-11-12 17:46:56.427 [info] [main] Log level: Info
2025-11-12 17:46:56.427 [info] [main] Validating found git in: "git"
2025-11-12 17:46:56.427 [info] [main] Using git "2.51.1" from "git"
2025-11-12 17:46:56.427 [info] [Model][doInitialScan] Initial repository scan started
2025-11-12 17:46:56.427 [info] > git rev-parse --show-toplevel [12ms]
2025-11-12 17:46:56.427 [info] > git rev-parse --git-dir --git-common-dir --show-superproject-working-tree [110ms]
2025-11-12 17:46:56.427 [info] [Model][openRepository] Opened repository (path): /home/pancake/Documents/TeamProject28
2025-11-12 17:46:56.427 [info] [Model][openRepository] Opened repository (real path): /home/pancake/Documents/TeamProject28
2025-11-12 17:46:56.427 [info] [Model][openRepository] Opened repository (kind): repository
2025-11-12 17:46:56.430 [info] > git rev-parse --show-toplevel [7ms]
2025-11-12 17:46:56.430 [info] > git config --get commit.template [23ms]
2025-11-12 17:46:56.468 [info] > git rev-parse --show-toplevel [29ms]
2025-11-12 17:46:56.481 [info] > git for-each-ref --format=%(refname)%00%(upstream:short)%00%(objectname)%00%(upstream:track)%00%(upstream:remotename)%00%(upstream:remoteref) refs/heads/main refs/remotes/main [31ms]
2025-11-12 17:47:00.099 [info] > git rev-parse --show-toplevel [3619ms]
2025-11-12 17:47:00.330 [info] > git rev-parse --show-toplevel [77ms]
2025-11-12 17:47:00.680 [info] > git status -z -uall [276ms]
2025-11-12 17:47:00.681 [info] > git rev-parse --show-toplevel [256ms]
2025-11-12 17:47:00.683 [info] [Model][doInitialScan] Initial repository scan completed - repositories (1), closed repositories (0), parent repositories (0), unsafe repositories (0)
2025-11-12 17:47:00.709 [info] > git for-each-ref --sort -committerdate --format %(refname)%00%(objectname)%00%(*objectname) [295ms]
2025-11-12 17:47:00.812 [info] > git show --textconv :frontend/src/App.tsx [117ms]
2025-11-12 17:47:00.813 [info] > git check-ignore -v -z --stdin [52ms]
2025-11-12 17:47:00.814 [info] > git for-each-ref --format=%(refname)%00%(upstream:short)%00%(objectname)%00%(upstream:track)%00%(upstream:remotename)%00%(upstream:remoteref) refs/heads/main refs/remotes/main [72ms]
2025-11-12 17:47:00.826 [info] > git ls-files --stage -- frontend/src/App.tsx [119ms]
2025-11-12 17:47:01.247 [info] > git cat-file -s 29a29021351262b099217478e3dbf5710a2a90af [409ms]
2025-11-12 17:47:01.247 [info] > git config --get --local branch.main.vscode-merge-base [421ms]
2025-11-12 17:47:01.260 [info] > git config --get commit.template [470ms]
2025-11-12 17:47:01.294 [info] > git for-each-ref --format=%(refname)%00%(upstream:short)%00%(objectname)%00%(upstream:track)%00%(upstream:remotename)%00%(upstream:remoteref) refs/heads/origin/main refs/remotes/origin/main [35ms]
2025-11-12 17:47:01.373 [info] > git merge-base refs/heads/main refs/remotes/origin/main [66ms]
2025-11-12 17:47:01.395 [info] > git diff --name-status -z --diff-filter=ADMR efd004418091a037db934e0965917564bb892b3c...refs/remotes/origin/main [9ms]
2025-11-12 17:47:01.396 [info] > git for-each-ref --format=%(refname)%00%(upstream:short)%00%(objectname)%00%(upstream:track)%00%(upstream:remotename)%00%(upstream:remoteref) refs/heads/main refs/remotes/main [27ms]
2025-11-12 17:47:01.514 [info] > git status -z -uall [42ms]
2025-11-12 17:47:01.514 [info] > git for-each-ref --sort -committerdate --format %(refname)%00%(objectname)%00%(*objectname) [32ms]
2025-11-12 17:47:01.518 [info] > git blame --root --incremental efd004418091a037db934e0965917564bb892b3c -- frontend/src/App.tsx [63ms]
2025-11-12 17:47:05.178 [info] > git fetch [389ms]
2025-11-12 17:47:05.178 [info] From https://github.com/fireyss/Team28
   d54db0a..d7a1749  rivi       -> origin/rivi
   d54db0a..07f5cd0  rose       -> origin/rose
2025-11-12 17:47:05.204 [info] > git config --get commit.template [13ms]
2025-11-12 17:47:05.205 [info] > git for-each-ref --format=%(refname)%00%(upstream:short)%00%(objectname)%00%(upstream:track)%00%(upstream:remotename)%00%(upstream:remoteref) refs/heads/main refs/remotes/main [2ms]
2025-11-12 17:47:05.229 [info] > git status -z -uall [13ms]
2025-11-12 17:47:05.230 [info] > git for-each-ref --sort -committerdate --format %(refname)%00%(objectname)%00%(*objectname) [2ms]
2025-11-12 17:47:06.330 [info] > git config --get commit.template [14ms]
2025-11-12 17:47:06.331 [info] > git for-each-ref --format=%(refname)%00%(upstream:short)%00%(objectname)%00%(upstream:track)%00%(upstream:remotename)%00%(upstream:remoteref) refs/heads/main refs/remotes/main [2ms]
2025-11-12 17:47:06.356 [info] > git status -z -uall [12ms]
2025-11-12 17:47:06.358 [info] > git for-each-ref --sort -committerdate --format %(refname)%00%(objectname)%00%(*objectname) [2ms]
2025-11-12 17:47:06.424 [info] > git ls-files --stage -- frontend/src/App.tsx [3ms]
2025-11-12 17:47:06.435 [info] > git cat-file -s 29a29021351262b099217478e3dbf5710a2a90af [1ms]
2025-11-12 17:47:06.450 [info] > git show --textconv :frontend/src/App.tsx [2ms]
2025-11-12 17:47:07.821 [info] > git check-ignore -v -z --stdin [1ms]
2025-11-12 17:47:08.419 [info] > git for-each-ref --sort -committerdate --format %(refname)%00%(objectname)%00%(*objectname)%00%(parent)%00%(*parent)%00%(authorname)%00%(*authorname)%00%(committerdate:unix)%00%(*committerdate:unix)%00%(subject)%00%(*subject)%00%(upstream:track) [6ms]
2025-11-12 17:47:13.629 [info] > git checkout -q rose [17ms]
2025-11-12 17:47:13.654 [info] > git config --get commit.template [13ms]
2025-11-12 17:47:13.658 [info] > git for-each-ref --format=%(refname)%00%(upstream:short)%00%(objectname)%00%(upstream:track)%00%(upstream:remotename)%00%(upstream:remoteref) refs/heads/rose refs/remotes/rose [4ms]
2025-11-12 17:47:13.683 [info] > git status -z -uall [12ms]
2025-11-12 17:47:13.685 [info] > git for-each-ref --sort -committerdate --format %(refname)%00%(objectname)%00%(*objectname) [3ms]
2025-11-12 17:47:13.713 [info] > git blame --root --incremental c2770cb51b0cb2019172133b7833b75501b07b7b -- frontend/src/App.tsx [15ms]
2025-11-12 17:47:13.758 [info] > git for-each-ref --format=%(refname)%00%(upstream:short)%00%(objectname)%00%(upstream:track)%00%(upstream:remotename)%00%(upstream:remoteref) refs/heads/rose refs/remotes/rose [46ms]
2025-11-12 17:47:13.783 [info] > git config --get --local branch.rose.vscode-merge-base [12ms]
2025-11-12 17:47:13.797 [info] > git for-each-ref --format=%(refname)%00%(upstream:short)%00%(objectname)%00%(upstream:track)%00%(upstream:remotename)%00%(upstream:remoteref) refs/heads/origin/rose refs/remotes/origin/rose [3ms]
2025-11-12 17:47:13.813 [info] > git merge-base refs/heads/rose refs/remotes/origin/rose [5ms]
2025-11-12 17:47:13.853 [info] > git diff --name-status -z --diff-filter=ADMR 6dad64802c0388eec77368a8306e48ce52fecbeb...refs/remotes/origin/rose [29ms]
2025-11-12 17:47:14.730 [info] > git check-ignore -v -z --stdin [1ms]
2025-11-12 17:47:14.941 [info] > git config --get commit.template [12ms]
2025-11-12 17:47:14.946 [info] > git for-each-ref --format=%(refname)%00%(upstream:short)%00%(objectname)%00%(upstream:track)%00%(upstream:remotename)%00%(upstream:remoteref) refs/heads/rose refs/remotes/rose [6ms]
2025-11-12 17:47:14.971 [info] > git status -z -uall [13ms]
2025-11-12 17:47:14.973 [info] > git for-each-ref --sort -committerdate --format %(refname)%00%(objectname)%00%(*objectname) [2ms]
2025-11-12 17:47:15.029 [info] > git ls-files --stage -- frontend/src/App.tsx [1ms]
2025-11-12 17:47:15.042 [info] > git cat-file -s 2056c8622d151dc3692e9dc7fbddd882cf772922 [2ms]
2025-11-12 17:47:15.056 [info] > git show --textconv :frontend/src/App.tsx [1ms]
2025-11-12 17:47:20.705 [info] > git for-each-ref --sort -committerdate --format %(refname)%00%(objectname)%00%(*objectname)%00%(parent)%00%(*parent)%00%(authorname)%00%(*authorname)%00%(committerdate:unix)%00%(*committerdate:unix)%00%(subject)%00%(*subject)%00%(upstream:track) [6ms]
2025-11-12 17:47:22.259 [info] > git checkout -q main [20ms]
2025-11-12 17:47:22.286 [info] > git config --get commit.template [14ms]
2025-11-12 17:47:22.287 [info] > git for-each-ref --format=%(refname)%00%(upstream:short)%00%(objectname)%00%(upstream:track)%00%(upstream:remotename)%00%(upstream:remoteref) refs/heads/main refs/remotes/main [2ms]
2025-11-12 17:47:22.312 [info] > git status -z -uall [14ms]
2025-11-12 17:47:22.313 [info] > git for-each-ref --sort -committerdate --format %(refname)%00%(objectname)%00%(*objectname) [1ms]
2025-11-12 17:47:22.340 [info] > git for-each-ref --format=%(refname)%00%(upstream:short)%00%(objectname)%00%(upstream:track)%00%(upstream:remotename)%00%(upstream:remoteref) refs/heads/main refs/remotes/main [12ms]
2025-11-12 17:47:22.378 [info] > git config --get --local branch.main.vscode-merge-base [24ms]
2025-11-12 17:47:22.395 [info] > git for-each-ref --format=%(refname)%00%(upstream:short)%00%(objectname)%00%(upstream:track)%00%(upstream:remotename)%00%(upstream:remoteref) refs/heads/origin/main refs/remotes/origin/main [4ms]
2025-11-12 17:47:22.408 [info] > git merge-base refs/heads/main refs/remotes/origin/main [1ms]
2025-11-12 17:47:22.422 [info] > git diff --name-status -z --diff-filter=ADMR efd004418091a037db934e0965917564bb892b3c...refs/remotes/origin/main [2ms]
2025-11-12 17:47:23.386 [info] > git config --get commit.template [14ms]
2025-11-12 17:47:23.387 [info] > git for-each-ref --format=%(refname)%00%(upstream:short)%00%(objectname)%00%(upstream:track)%00%(upstream:remotename)%00%(upstream:remoteref) refs/heads/main refs/remotes/main [2ms]
2025-11-12 17:47:23.412 [info] > git status -z -uall [13ms]
2025-11-12 17:47:23.413 [info] > git for-each-ref --sort -committerdate --format %(refname)%00%(objectname)%00%(*objectname) [1ms]
2025-11-12 17:47:23.473 [info] > git ls-files --stage -- frontend/src/App.tsx [1ms]
2025-11-12 17:47:23.486 [info] > git cat-file -s 29a29021351262b099217478e3dbf5710a2a90af [1ms]
2025-11-12 17:47:23.501 [info] > git show --textconv :frontend/src/App.tsx [2ms]
2025-11-12 17:48:30.535 [info] > git for-each-ref --sort -committerdate --format %(refname)%00%(objectname)%00%(*objectname)%00%(parent)%00%(*parent)%00%(authorname)%00%(*authorname)%00%(committerdate:unix)%00%(*committerdate:unix)%00%(subject)%00%(*subject)%00%(upstream:track) [6ms]
2025-11-12 17:48:36.872 [info] > git checkout -q rose [19ms]
2025-11-12 17:48:36.895 [info] > git config --get commit.template [12ms]
2025-11-12 17:48:36.900 [info] > git for-each-ref --format=%(refname)%00%(upstream:short)%00%(objectname)%00%(upstream:track)%00%(upstream:remotename)%00%(upstream:remoteref) refs/heads/rose refs/remotes/rose [5ms]
2025-11-12 17:48:36.925 [info] > git status -z -uall [14ms]
2025-11-12 17:48:36.926 [info] > git for-each-ref --sort -committerdate --format %(refname)%00%(objectname)%00%(*objectname) [1ms]
2025-11-12 17:48:36.945 [info] > git for-each-ref --format=%(refname)%00%(upstream:short)%00%(objectname)%00%(upstream:track)%00%(upstream:remotename)%00%(upstream:remoteref) refs/heads/rose refs/remotes/rose [4ms]
2025-11-12 17:48:36.958 [info] > git config --get --local branch.rose.vscode-merge-base [1ms]
2025-11-12 17:48:36.973 [info] > git for-each-ref --format=%(refname)%00%(upstream:short)%00%(objectname)%00%(upstream:track)%00%(upstream:remotename)%00%(upstream:remoteref) refs/heads/origin/rose refs/remotes/origin/rose [1ms]
2025-11-12 17:48:36.990 [info] > git merge-base refs/heads/rose refs/remotes/origin/rose [5ms]
2025-11-12 17:48:37.026 [info] > git diff --name-status -z --diff-filter=ADMR 6dad64802c0388eec77368a8306e48ce52fecbeb...refs/remotes/origin/rose [24ms]
2025-11-12 17:48:37.980 [info] > git log --format=%H%n%aN%n%aE%n%at%n%ct%n%P%n%D%n%B -z --shortstat --diff-merges=first-parent -n50 --skip=0 --topo-order --decorate=full --stdin [46ms]
2025-11-12 17:48:38.129 [info] > git config --get commit.template [2ms]
2025-11-12 17:48:38.146 [info] > git for-each-ref --format=%(refname)%00%(upstream:short)%00%(objectname)%00%(upstream:track)%00%(upstream:remotename)%00%(upstream:remoteref) refs/heads/rose refs/remotes/rose [5ms]
2025-11-12 17:48:38.170 [info] > git status -z -uall [12ms]
2025-11-12 17:48:38.171 [info] > git for-each-ref --sort -committerdate --format %(refname)%00%(objectname)%00%(*objectname) [1ms]
2025-11-12 17:48:38.229 [info] > git ls-files --stage -- frontend/src/App.tsx [2ms]
2025-11-12 17:48:38.241 [info] > git cat-file -s 2056c8622d151dc3692e9dc7fbddd882cf772922 [1ms]
2025-11-12 17:48:38.255 [info] > git show --textconv :frontend/src/App.tsx [2ms]
2025-11-12 17:48:40.173 [info] > git for-each-ref --sort -committerdate --format %(refname)%00%(objectname)%00%(*objectname)%00%(parent)%00%(*parent)%00%(authorname)%00%(*authorname)%00%(committerdate:unix)%00%(*committerdate:unix)%00%(subject)%00%(*subject)%00%(upstream:track) [8ms]
2025-11-12 17:48:41.268 [info] > git checkout -q aurelio [20ms]
2025-11-12 17:48:41.292 [info] > git config --get commit.template [12ms]
2025-11-12 17:48:41.292 [info] > git for-each-ref --format=%(refname)%00%(upstream:short)%00%(objectname)%00%(upstream:track)%00%(upstream:remotename)%00%(upstream:remoteref) refs/heads/aurelio refs/remotes/aurelio [1ms]
2025-11-12 17:48:41.318 [info] > git status -z -uall [14ms]
2025-11-12 17:48:41.319 [info] > git for-each-ref --sort -committerdate --format %(refname)%00%(objectname)%00%(*objectname) [2ms]
2025-11-12 17:48:41.352 [info] > git blame --root --incremental 29c4a65608a95870ecf79983617b43379a4371ca -- frontend/src/App.tsx [17ms]
2025-11-12 17:48:41.373 [info] > git for-each-ref --format=%(refname)%00%(upstream:short)%00%(objectname)%00%(upstream:track)%00%(upstream:remotename)%00%(upstream:remoteref) refs/heads/aurelio refs/remotes/aurelio [21ms]
2025-11-12 17:48:41.387 [info] > git config --get --local branch.aurelio.vscode-merge-base [1ms]
2025-11-12 17:48:41.401 [info] > git for-each-ref --format=%(refname)%00%(upstream:short)%00%(objectname)%00%(upstream:track)%00%(upstream:remotename)%00%(upstream:remoteref) refs/heads/origin/main refs/remotes/origin/main [2ms]
2025-11-12 17:48:41.426 [info] > git merge-base refs/heads/aurelio refs/remotes/origin/aurelio [14ms]
2025-11-12 17:48:41.439 [info] > git diff --name-status -z --diff-filter=ADMR 29c4a65608a95870ecf79983617b43379a4371ca...refs/remotes/origin/aurelio [1ms]
2025-11-12 17:48:41.468 [info] > git log --format=%H%n%aN%n%aE%n%at%n%ct%n%P%n%D%n%B -z --shortstat --diff-merges=first-parent -n50 --skip=0 --topo-order --decorate=full --stdin [42ms]
2025-11-12 17:48:42.474 [info] > git ls-files --stage -- frontend/src/App.tsx [1ms]
2025-11-12 17:48:42.487 [info] > git cat-file -s 29a29021351262b099217478e3dbf5710a2a90af [1ms]
2025-11-12 17:48:42.502 [info] > git show --textconv :frontend/src/App.tsx [1ms]
2025-11-12 17:48:43.201 [info] > git config --get commit.template [13ms]
2025-11-12 17:48:43.202 [info] > git for-each-ref --format=%(refname)%00%(upstream:short)%00%(objectname)%00%(upstream:track)%00%(upstream:remotename)%00%(upstream:remoteref) refs/heads/aurelio refs/remotes/aurelio [1ms]
2025-11-12 17:48:43.225 [info] > git status -z -uall [13ms]
2025-11-12 17:48:43.226 [info] > git for-each-ref --sort -committerdate --format %(refname)%00%(objectname)%00%(*objectname) [2ms]
2025-11-12 17:48:49.985 [info] > git for-each-ref --sort -committerdate --format %(refname)%00%(objectname)%00%(*objectname) refs/remotes/origin/ [2ms]
2025-11-12 17:48:51.543 [info] > git log --oneline --cherry aurelio...aurelio@{upstream} -- [1ms]
2025-11-12 17:48:51.833 [info] > git pull --tags origin main [279ms]
2025-11-12 17:48:51.833 [info] From https://github.com/fireyss/Team28
 * branch            main       -> FETCH_HEAD
2025-11-12 17:48:51.858 [info] > git config --get commit.template [13ms]
2025-11-12 17:48:51.859 [info] > git for-each-ref --format=%(refname)%00%(upstream:short)%00%(objectname)%00%(upstream:track)%00%(upstream:remotename)%00%(upstream:remoteref) refs/heads/aurelio refs/remotes/aurelio [1ms]
2025-11-12 17:48:51.886 [info] > git status -z -uall [15ms]
2025-11-12 17:48:51.886 [info] > git for-each-ref --sort -committerdate --format %(refname)%00%(objectname)%00%(*objectname) [3ms]
2025-11-12 17:48:51.912 [info] > git blame --root --incremental d54db0a8d6b1486b8c1b267df0d0f8cc9aacc3a0 -- frontend/src/App.tsx [14ms]
2025-11-12 17:48:51.914 [info] > git merge-base refs/heads/aurelio refs/remotes/origin/aurelio [4ms]
2025-11-12 17:48:51.940 [info] > git diff --name-status -z --diff-filter=ADMR 29c4a65608a95870ecf79983617b43379a4371ca...refs/remotes/origin/aurelio [14ms]
2025-11-12 17:48:51.984 [info] > git log --format=%H%n%aN%n%aE%n%at%n%ct%n%P%n%D%n%B -z --shortstat --diff-merges=first-parent -n50 --skip=0 --topo-order --decorate=full --stdin [45ms]
2025-11-12 17:48:54.028 [info] > git log --oneline --cherry aurelio...aurelio@{upstream} -- [5ms]
2025-11-12 17:48:54.067 [info] > git ls-files --stage -- frontend/src/App.tsx [2ms]
2025-11-12 17:48:54.085 [info] > git cat-file -s 29a29021351262b099217478e3dbf5710a2a90af [2ms]
2025-11-12 17:48:54.111 [info] > git show --textconv :frontend/src/App.tsx [2ms]
2025-11-12 17:48:54.305 [info] > git pull --tags origin aurelio [259ms]
2025-11-12 17:48:54.305 [info] From https://github.com/fireyss/Team28
 * branch            aurelio    -> FETCH_HEAD
2025-11-12 17:48:55.189 [info] > git push origin aurelio:aurelio [869ms]
2025-11-12 17:48:55.189 [info] To https://github.com/fireyss/Team28.git
   29c4a65..d54db0a  aurelio -> aurelio
2025-11-12 17:48:55.213 [info] > git config --get commit.template [11ms]
2025-11-12 17:48:55.213 [info] > git for-each-ref --format=%(refname)%00%(upstream:short)%00%(objectname)%00%(upstream:track)%00%(upstream:remotename)%00%(upstream:remoteref) refs/heads/aurelio refs/remotes/aurelio [1ms]
2025-11-12 17:48:55.238 [info] > git status -z -uall [12ms]
2025-11-12 17:48:55.240 [info] > git for-each-ref --sort -committerdate --format %(refname)%00%(objectname)%00%(*objectname) [2ms]
2025-11-12 17:48:55.271 [info] > git merge-base refs/heads/aurelio refs/remotes/origin/aurelio [17ms]
2025-11-12 17:48:55.307 [info] > git diff --name-status -z --diff-filter=ADMR d54db0a8d6b1486b8c1b267df0d0f8cc9aacc3a0...refs/remotes/origin/aurelio [20ms]
2025-11-12 17:48:55.308 [info] > git config --get commit.template [36ms]
2025-11-12 17:48:55.323 [info] > git for-each-ref --format=%(refname)%00%(upstream:short)%00%(objectname)%00%(upstream:track)%00%(upstream:remotename)%00%(upstream:remoteref) refs/heads/aurelio refs/remotes/aurelio [2ms]
2025-11-12 17:48:55.350 [info] > git status -z -uall [13ms]
2025-11-12 17:48:55.351 [info] > git log --format=%H%n%aN%n%aE%n%at%n%ct%n%P%n%D%n%B -z --shortstat --diff-merges=first-parent -n50 --skip=0 --topo-order --decorate=full --stdin [47ms]
2025-11-12 17:48:55.353 [info] > git for-each-ref --sort -committerdate --format %(refname)%00%(objectname)%00%(*objectname) [3ms]
2025-11-12 17:48:56.423 [info] > git ls-files --stage -- frontend/src/App.tsx [1ms]
2025-11-12 17:48:56.435 [info] > git cat-file -s 29a29021351262b099217478e3dbf5710a2a90af [1ms]
2025-11-12 17:48:56.450 [info] > git show --textconv :frontend/src/App.tsx [2ms]
2025-11-12 17:48:58.762 [info] > git for-each-ref --sort -committerdate --format %(refname)%00%(objectname)%00%(*objectname) refs/remotes/origin/ [2ms]
2025-11-12 17:49:05.518 [info] > git log --oneline --cherry aurelio...aurelio@{upstream} -- [1ms]
2025-11-12 17:49:05.814 [info] > git pull --tags origin rose [285ms]
2025-11-12 17:49:05.814 [info] From https://github.com/fireyss/Team28
 * branch            rose       -> FETCH_HEAD
2025-11-12 17:49:05.837 [info] > git config --get commit.template [12ms]
2025-11-12 17:49:05.838 [info] > git for-each-ref --format=%(refname)%00%(upstream:short)%00%(objectname)%00%(upstream:track)%00%(upstream:remotename)%00%(upstream:remoteref) refs/heads/aurelio refs/remotes/aurelio [2ms]
2025-11-12 17:49:05.862 [info] > git status -z -uall [12ms]
2025-11-12 17:49:05.863 [info] > git for-each-ref --sort -committerdate --format %(refname)%00%(objectname)%00%(*objectname) [2ms]
2025-11-12 17:49:05.895 [info] > git blame --root --incremental 07f5cd071e1fdf75cd2d1e10fea8f1a6a5af5f89 -- frontend/src/App.tsx [16ms]
2025-11-12 17:49:05.899 [info] > git merge-base refs/heads/aurelio refs/remotes/origin/aurelio [5ms]
2025-11-12 17:49:05.924 [info] > git diff --name-status -z --diff-filter=ADMR d54db0a8d6b1486b8c1b267df0d0f8cc9aacc3a0...refs/remotes/origin/aurelio [14ms]
2025-11-12 17:49:05.963 [info] > git log --format=%H%n%aN%n%aE%n%at%n%ct%n%P%n%D%n%B -z --shortstat --diff-merges=first-parent -n50 --skip=0 --topo-order --decorate=full --stdin [40ms]
2025-11-12 17:49:08.577 [info] > git config --get commit.template [1ms]
2025-11-12 17:49:08.601 [info] > git ls-files --stage -- frontend/src/App.tsx [12ms]
2025-11-12 17:49:08.611 [info] > git for-each-ref --format=%(refname)%00%(upstream:short)%00%(objectname)%00%(upstream:track)%00%(upstream:remotename)%00%(upstream:remoteref) refs/heads/aurelio refs/remotes/aurelio [10ms]
2025-11-12 17:49:08.636 [info] > git status -z -uall [14ms]
2025-11-12 17:49:08.636 [info] > git cat-file -s 29a29021351262b099217478e3dbf5710a2a90af [25ms]
2025-11-12 17:49:08.637 [info] > git for-each-ref --sort -committerdate --format %(refname)%00%(objectname)%00%(*objectname) [3ms]
2025-11-12 17:49:08.650 [info] > git show --textconv :frontend/src/App.tsx [1ms]
2025-11-12 17:49:20.426 [info] > git config --get commit.template [13ms]
2025-11-12 17:49:20.426 [info] > git for-each-ref --format=%(refname)%00%(upstream:short)%00%(objectname)%00%(upstream:track)%00%(upstream:remotename)%00%(upstream:remoteref) refs/heads/aurelio refs/remotes/aurelio [1ms]
2025-11-12 17:49:20.451 [info] > git status -z -uall [12ms]
2025-11-12 17:49:20.453 [info] > git for-each-ref --sort -committerdate --format %(refname)%00%(objectname)%00%(*objectname) [3ms]
2025-11-12 17:52:32.097 [info] > git fetch [397ms]
2025-11-12 17:52:32.097 [info] From https://github.com/fireyss/Team28
   d54db0a..4267e09  main       -> origin/main
2025-11-12 17:52:32.119 [info] > git config --get commit.template [11ms]
2025-11-12 17:52:32.120 [info] > git for-each-ref --format=%(refname)%00%(upstream:short)%00%(objectname)%00%(upstream:track)%00%(upstream:remotename)%00%(upstream:remoteref) refs/heads/aurelio refs/remotes/aurelio [2ms]
2025-11-12 17:52:32.140 [info] > git status -z -uall [10ms]
2025-11-12 17:52:32.142 [info] > git for-each-ref --sort -committerdate --format %(refname)%00%(objectname)%00%(*objectname) [2ms]
2025-11-12 17:52:32.194 [info] > git log --format=%H%n%aN%n%aE%n%at%n%ct%n%P%n%D%n%B -z --shortstat --diff-merges=first-parent -n50 --skip=0 --topo-order --decorate=full --stdin [38ms]
2025-11-12 18:04:58.051 [info] > git config --get commit.template [17ms]
2025-11-12 18:04:58.052 [info] > git ls-files --stage -- frontend/src/App.tsx [2ms]
2025-11-12 18:04:58.083 [info] > git cat-file -s 29a29021351262b099217478e3dbf5710a2a90af [16ms]
2025-11-12 18:04:58.101 [info] > git for-each-ref --format=%(refname)%00%(upstream:short)%00%(objectname)%00%(upstream:track)%00%(upstream:remotename)%00%(upstream:remoteref) refs/heads/aurelio refs/remotes/aurelio [19ms]
2025-11-12 18:04:58.103 [info] > git show --textconv :frontend/src/App.tsx [3ms]
2025-11-12 18:04:58.138 [info] > git status -z -uall [18ms]
2025-11-12 18:04:58.139 [info] > git for-each-ref --sort -committerdate --format %(refname)%00%(objectname)%00%(*objectname) [4ms]
2025-11-12 18:04:58.378 [info] > git fetch [361ms]
2025-11-12 18:04:58.402 [info] > git config --get commit.template [13ms]
2025-11-12 18:04:58.403 [info] > git for-each-ref --format=%(refname)%00%(upstream:short)%00%(objectname)%00%(upstream:track)%00%(upstream:remotename)%00%(upstream:remoteref) refs/heads/aurelio refs/remotes/aurelio [2ms]
2025-11-12 18:04:58.426 [info] > git status -z -uall [13ms]
2025-11-12 18:04:58.427 [info] > git for-each-ref --sort -committerdate --format %(refname)%00%(objectname)%00%(*objectname) [2ms]
2025-11-12 18:26:52.053 [info] > git config --get commit.template [22ms]
2025-11-12 18:26:52.053 [info] > git ls-files --stage -- frontend/src/App.tsx [1ms]
2025-11-12 18:26:52.089 [info] > git cat-file -s 29a29021351262b099217478e3dbf5710a2a90af [20ms]
2025-11-12 18:26:52.091 [info] > git for-each-ref --format=%(refname)%00%(upstream:short)%00%(objectname)%00%(upstream:track)%00%(upstream:remotename)%00%(upstream:remoteref) refs/heads/aurelio refs/remotes/aurelio [3ms]
2025-11-12 18:26:52.111 [info] > git show --textconv :frontend/src/App.tsx [3ms]
2025-11-12 18:26:52.152 [info] > git status -z -uall [21ms]
2025-11-12 18:26:52.155 [info] > git for-each-ref --sort -committerdate --format %(refname)%00%(objectname)%00%(*objectname) [4ms]
2025-11-12 18:26:52.400 [info] > git fetch [391ms]
2025-11-12 18:26:52.400 [info] From https://github.com/fireyss/Team28
   4267e09..3df75a2  main       -> origin/main
2025-11-12 18:26:52.425 [info] > git config --get commit.template [11ms]
2025-11-12 18:26:52.426 [info] > git for-each-ref --format=%(refname)%00%(upstream:short)%00%(objectname)%00%(upstream:track)%00%(upstream:remotename)%00%(upstream:remoteref) refs/heads/aurelio refs/remotes/aurelio [2ms]
2025-11-12 18:26:52.451 [info] > git status -z -uall [13ms]
2025-11-12 18:26:52.453 [info] > git for-each-ref --sort -committerdate --format %(refname)%00%(objectname)%00%(*objectname) [2ms]
2025-11-12 18:26:52.507 [info] > git log --format=%H%n%aN%n%aE%n%at%n%ct%n%P%n%D%n%B -z --shortstat --diff-merges=first-parent -n50 --skip=0 --topo-order --decorate=full --stdin [39ms]
2025-11-12 18:34:57.579 [info] > git config --get commit.template [19ms]
2025-11-12 18:34:57.598 [info] > git ls-files --stage -- frontend/src/App.tsx [20ms]
2025-11-12 18:34:57.614 [info] > git for-each-ref --format=%(refname)%00%(upstream:short)%00%(objectname)%00%(upstream:track)%00%(upstream:remotename)%00%(upstream:remoteref) refs/heads/aurelio refs/remotes/aurelio [17ms]
2025-11-12 18:34:57.649 [info] > git status -z -uall [19ms]
2025-11-12 18:34:57.649 [info] > git cat-file -s 29a29021351262b099217478e3dbf5710a2a90af [36ms]
2025-11-12 18:34:57.651 [info] > git for-each-ref --sort -committerdate --format %(refname)%00%(objectname)%00%(*objectname) [6ms]
2025-11-12 18:34:57.673 [info] > git show --textconv :frontend/src/App.tsx [2ms]
2025-11-12 18:34:57.799 [info] > git fetch [258ms]
2025-11-12 18:34:57.834 [info] > git config --get commit.template [17ms]
2025-11-12 18:34:57.835 [info] > git for-each-ref --format=%(refname)%00%(upstream:short)%00%(objectname)%00%(upstream:track)%00%(upstream:remotename)%00%(upstream:remoteref) refs/heads/aurelio refs/remotes/aurelio [3ms]
2025-11-12 18:34:57.870 [info] > git status -z -uall [16ms]
2025-11-12 18:34:57.872 [info] > git for-each-ref --sort -committerdate --format %(refname)%00%(objectname)%00%(*objectname) [2ms]
2025-11-13 15:00:14.884 [info] > git config --get commit.template [20ms]
2025-11-13 15:00:14.885 [info] > git ls-files --stage -- frontend/src/App.tsx [2ms]
2025-11-13 15:00:14.921 [info] > git cat-file -s 29a29021351262b099217478e3dbf5710a2a90af [19ms]
2025-11-13 15:00:14.922 [info] > git for-each-ref --format=%(refname)%00%(upstream:short)%00%(objectname)%00%(upstream:track)%00%(upstream:remotename)%00%(upstream:remoteref) refs/heads/aurelio refs/remotes/aurelio [2ms]
2025-11-13 15:00:14.963 [info] > git status -z -uall [22ms]
2025-11-13 15:00:14.963 [info] > git for-each-ref --sort -committerdate --format %(refname)%00%(objectname)%00%(*objectname) [3ms]
2025-11-13 15:00:14.985 [info] > git show --textconv :frontend/src/App.tsx [3ms]
2025-11-13 15:00:15.204 [info] > git fetch [359ms]
2025-11-13 15:00:15.233 [info] > git config --get commit.template [15ms]
2025-11-13 15:00:15.234 [info] > git for-each-ref --format=%(refname)%00%(upstream:short)%00%(objectname)%00%(upstream:track)%00%(upstream:remotename)%00%(upstream:remoteref) refs/heads/aurelio refs/remotes/aurelio [2ms]
2025-11-13 15:00:15.263 [info] > git status -z -uall [16ms]
2025-11-13 15:00:15.264 [info] > git for-each-ref --sort -committerdate --format %(refname)%00%(objectname)%00%(*objectname) [2ms]
