2025-11-17 18:14:27.224 [info] [main] Log level: Info
2025-11-17 18:14:27.224 [info] [main] Validating found git in: "git"
2025-11-17 18:14:27.224 [info] [main] Using git "2.51.1" from "git"
2025-11-17 18:14:27.224 [info] [Model][doInitialScan] Initial repository scan started
2025-11-17 18:14:27.224 [info] > git rev-parse --show-toplevel [112ms]
2025-11-17 18:14:27.224 [info] > git rev-parse --git-dir --git-common-dir --show-superproject-working-tree [63ms]
2025-11-17 18:14:27.224 [info] [Model][openRepository] Opened repository (path): /home/pancake/Documents/TeamProject28
2025-11-17 18:14:27.224 [info] [Model][openRepository] Opened repository (real path): /home/pancake/Documents/TeamProject28
2025-11-17 18:14:27.224 [info] [Model][openRepository] Opened repository (kind): repository
2025-11-17 18:14:27.250 [info] > git rev-parse --show-toplevel [6ms]
2025-11-17 18:14:27.251 [info] > git config --get commit.template [14ms]
2025-11-17 18:14:27.273 [info] > git rev-parse --show-toplevel [13ms]
2025-11-17 18:14:27.282 [info] > git for-each-ref --format=%(refname)%00%(upstream:short)%00%(objectname)%00%(upstream:track)%00%(upstream:remotename)%00%(upstream:remoteref) refs/heads/aurelio refs/remotes/aurelio [11ms]
2025-11-17 18:14:27.290 [info] > git rev-parse --show-toplevel [10ms]
2025-11-17 18:14:27.301 [info] > git rev-parse --show-toplevel [2ms]
2025-11-17 18:14:27.326 [info] > git status -z -uall [18ms]
2025-11-17 18:14:27.326 [info] > git for-each-ref --sort -committerdate --format %(refname)%00%(objectname)%00%(*objectname) [8ms]
2025-11-17 18:14:27.381 [info] > git for-each-ref --format=%(refname)%00%(upstream:short)%00%(objectname)%00%(upstream:track)%00%(upstream:remotename)%00%(upstream:remoteref) refs/heads/aurelio refs/remotes/aurelio [27ms]
2025-11-17 18:14:27.393 [info] > git rev-parse --show-toplevel [69ms]
2025-11-17 18:14:27.396 [info] [Model][doInitialScan] Initial repository scan completed - repositories (1), closed repositories (0), parent repositories (0), unsafe repositories (0)
2025-11-17 18:14:27.400 [info] > git config --get --local branch.aurelio.vscode-merge-base [7ms]
2025-11-17 18:14:27.413 [info] > git config --get commit.template [49ms]
2025-11-17 18:14:30.342 [info] > git for-each-ref --format=%(refname)%00%(upstream:short)%00%(objectname)%00%(upstream:track)%00%(upstream:remotename)%00%(upstream:remoteref) refs/heads/origin/main refs/remotes/origin/main [2929ms]
2025-11-17 18:14:30.352 [info] > git fetch [3137ms]
2025-11-17 18:14:30.485 [info] > git check-ignore -v -z --stdin [124ms]
2025-11-17 18:14:30.486 [info] > git merge-base refs/heads/aurelio refs/remotes/origin/aurelio [135ms]
2025-11-17 18:14:30.539 [info] > git diff --name-status -z --diff-filter=ADMR d54db0a8d6b1486b8c1b267df0d0f8cc9aacc3a0...refs/remotes/origin/aurelio [44ms]
2025-11-17 18:14:30.539 [info] > git config --get commit.template [62ms]
2025-11-17 18:14:30.540 [info] > git for-each-ref --format=%(refname)%00%(upstream:short)%00%(objectname)%00%(upstream:track)%00%(upstream:remotename)%00%(upstream:remoteref) refs/heads/aurelio refs/remotes/aurelio [70ms]
2025-11-17 18:14:30.865 [info] > git show --textconv :frontend/src/App.tsx [47ms]
2025-11-17 18:14:30.865 [info] > git ls-files --stage -- frontend/src/App.tsx [38ms]
2025-11-17 18:14:30.875 [info] > git for-each-ref --format=%(refname)%00%(upstream:short)%00%(objectname)%00%(upstream:track)%00%(upstream:remotename)%00%(upstream:remoteref) refs/heads/aurelio refs/remotes/aurelio [249ms]
2025-11-17 18:14:31.211 [info] > git check-ignore -v -z --stdin [325ms]
2025-11-17 18:14:31.212 [info] > git cat-file -s 29a29021351262b099217478e3dbf5710a2a90af [338ms]
2025-11-17 18:14:31.307 [info] > git status -z -uall [14ms]
2025-11-17 18:14:31.328 [info] > git for-each-ref --sort -committerdate --format %(refname)%00%(objectname)%00%(*objectname) [24ms]
2025-11-17 18:14:31.385 [info] > git blame --root --incremental 07f5cd071e1fdf75cd2d1e10fea8f1a6a5af5f89 -- frontend/src/App.tsx [36ms]
2025-11-17 18:14:33.788 [info] > git check-ignore -v -z --stdin [1ms]
2025-11-17 18:14:39.072 [info] > git check-ignore -v -z --stdin [2ms]
2025-11-17 18:14:40.287 [info] > git check-ignore -v -z --stdin [1ms]
2025-11-17 18:14:41.395 [info] > git check-ignore -v -z --stdin [1ms]
2025-11-17 18:14:52.283 [info] > git check-ignore -v -z --stdin [1ms]
2025-11-17 18:15:28.023 [info] > git check-ignore -v -z --stdin [1ms]
2025-11-17 18:15:28.671 [info] > git show --textconv :frontend/src/types/Account.tsx [14ms]
2025-11-17 18:15:28.672 [info] > git ls-files --stage -- frontend/src/types/Account.tsx [2ms]
2025-11-17 18:15:28.686 [info] > git cat-file -s cf36eeb1b3b00a0c0a78f11aae14b8032565a7ce [1ms]
2025-11-17 18:15:28.717 [info] > git blame --root --incremental 07f5cd071e1fdf75cd2d1e10fea8f1a6a5af5f89 -- frontend/src/types/Account.tsx [12ms]
2025-11-17 18:15:29.195 [info] > git show --textconv :frontend/src/types/ForumData.ts [14ms]
2025-11-17 18:15:29.196 [info] > git ls-files --stage -- frontend/src/types/ForumData.ts [2ms]
2025-11-17 18:15:29.209 [info] > git cat-file -s a84115ff4654a76e3f3e84b387ce726be1ce4285 [1ms]
2025-11-17 18:15:30.600 [info] > git show --textconv :frontend/src/types/Project.tsx [13ms]
2025-11-17 18:15:30.601 [info] > git ls-files --stage -- frontend/src/types/Project.tsx [2ms]
2025-11-17 18:15:30.615 [info] > git cat-file -s 3f49829599262c061d9260d17fa8d9bb43a86b30 [3ms]
2025-11-17 18:15:31.272 [info] > git show --textconv :frontend/src/types/Settings.tsx [14ms]
2025-11-17 18:15:31.273 [info] > git ls-files --stage -- frontend/src/types/Settings.tsx [2ms]
2025-11-17 18:15:31.286 [info] > git cat-file -s b7053c50e00b3781b0f4621818b12172d6983d62 [1ms]
2025-11-17 18:15:31.735 [info] > git show --textconv :frontend/src/types/Task.tsx [14ms]
2025-11-17 18:15:31.736 [info] > git ls-files --stage -- frontend/src/types/Task.tsx [1ms]
2025-11-17 18:15:31.749 [info] > git cat-file -s 47e4ff79f230d1d002c393e9f7857e63526dd869 [1ms]
2025-11-17 18:15:33.028 [info] > git check-ignore -v -z --stdin [1ms]
2025-11-17 18:15:33.478 [info] > git show --textconv :frontend/src/services/authService.tsx [15ms]
2025-11-17 18:15:33.480 [info] > git ls-files --stage -- frontend/src/services/authService.tsx [3ms]
2025-11-17 18:15:33.495 [info] > git cat-file -s 06c1754369040c5d5abe75df46e349724f99921f [2ms]
2025-11-17 18:15:34.228 [info] > git show --textconv :frontend/src/services/login.tsx [13ms]
2025-11-17 18:15:34.229 [info] > git ls-files --stage -- frontend/src/services/login.tsx [2ms]
2025-11-17 18:15:34.243 [info] > git cat-file -s c8ef084d6065703c4af70aa7fe12ea7c62d5320c [1ms]
2025-11-17 18:15:35.502 [info] > git check-ignore -v -z --stdin [1ms]
2025-11-17 18:15:35.708 [info] > git show --textconv :frontend/src/routes/ProtectedRoute.tsx [13ms]
2025-11-17 18:15:35.709 [info] > git ls-files --stage -- frontend/src/routes/ProtectedRoute.tsx [1ms]
2025-11-17 18:15:35.722 [info] > git cat-file -s d9046b2c61dfcb788569c49337fdead2ab62087a [1ms]
2025-11-17 18:15:36.630 [info] > git show --textconv :frontend/src/routes/PublicRoute.tsx [16ms]
2025-11-17 18:15:36.632 [info] > git ls-files --stage -- frontend/src/routes/PublicRoute.tsx [3ms]
2025-11-17 18:15:36.649 [info] > git cat-file -s 03e8329f47907e886e446df7dd971f090c8270b4 [3ms]
2025-11-17 18:15:37.488 [info] > git show --textconv :frontend/src/routes/ProtectedRoute.tsx [13ms]
2025-11-17 18:15:37.488 [info] > git ls-files --stage -- frontend/src/routes/ProtectedRoute.tsx [1ms]
2025-11-17 18:15:37.502 [info] > git cat-file -s d9046b2c61dfcb788569c49337fdead2ab62087a [2ms]
2025-11-17 18:15:38.321 [info] > git check-ignore -v -z --stdin [1ms]
2025-11-17 18:15:39.521 [info] > git check-ignore -v -z --stdin [1ms]
2025-11-17 18:15:40.707 [info] > git check-ignore -v -z --stdin [2ms]
2025-11-17 18:15:42.501 [info] > git show --textconv :frontend/src/pages/dashboard_pages/Home.tsx [13ms]
2025-11-17 18:15:42.502 [info] > git ls-files --stage -- frontend/src/pages/dashboard_pages/Home.tsx [2ms]
2025-11-17 18:15:42.516 [info] > git cat-file -s 966fa7adcd1d5b756c525cdd6c4c3bd819b271c3 [2ms]
2025-11-17 18:15:42.549 [info] > git blame --root --incremental 07f5cd071e1fdf75cd2d1e10fea8f1a6a5af5f89 -- frontend/src/pages/dashboard_pages/Home.tsx [14ms]
2025-11-17 18:15:42.950 [info] > git show --textconv :frontend/src/pages/dashboard_pages/Forum.tsx [13ms]
2025-11-17 18:15:42.951 [info] > git ls-files --stage -- frontend/src/pages/dashboard_pages/Forum.tsx [1ms]
2025-11-17 18:15:42.964 [info] > git cat-file -s 48bfb1a296c7cbd7046428486f120bcb1081a17c [2ms]
2025-11-17 18:15:43.708 [info] > git show --textconv :frontend/src/pages/dashboard_pages/Projects.tsx [15ms]
2025-11-17 18:15:43.709 [info] > git ls-files --stage -- frontend/src/pages/dashboard_pages/Projects.tsx [2ms]
2025-11-17 18:15:43.721 [info] > git cat-file -s 3c0051baddb1e7484c3f263f59bdec2a5ed668d0 [1ms]
2025-11-17 18:15:44.782 [info] > git show --textconv :frontend/src/pages/dashboard_pages/Todo-list.tsx [13ms]
2025-11-17 18:15:44.783 [info] > git ls-files --stage -- frontend/src/pages/dashboard_pages/Todo-list.tsx [2ms]
2025-11-17 18:15:44.796 [info] > git cat-file -s a6feffeb75626b43a19b61add70e9de5b990e480 [1ms]
2025-11-17 18:15:44.824 [info] > git blame --root --incremental 07f5cd071e1fdf75cd2d1e10fea8f1a6a5af5f89 -- frontend/src/pages/dashboard_pages/Todo-list.tsx [9ms]
2025-11-17 18:15:45.295 [info] > git show --textconv :frontend/src/pages/dashboard_pages/Projects.tsx [15ms]
2025-11-17 18:15:45.296 [info] > git ls-files --stage -- frontend/src/pages/dashboard_pages/Projects.tsx [3ms]
2025-11-17 18:15:45.309 [info] > git cat-file -s 3c0051baddb1e7484c3f263f59bdec2a5ed668d0 [1ms]
2025-11-17 18:15:50.193 [info] > git show --textconv :frontend/src/pages/dashboard_pages/Home.tsx [14ms]
2025-11-17 18:15:50.194 [info] > git ls-files --stage -- frontend/src/pages/dashboard_pages/Home.tsx [2ms]
2025-11-17 18:15:50.207 [info] > git cat-file -s 966fa7adcd1d5b756c525cdd6c4c3bd819b271c3 [1ms]
2025-11-17 18:15:50.844 [info] > git show --textconv :frontend/src/pages/dashboard_pages/Forum.tsx [14ms]
2025-11-17 18:15:50.845 [info] > git ls-files --stage -- frontend/src/pages/dashboard_pages/Forum.tsx [2ms]
2025-11-17 18:15:50.858 [info] > git cat-file -s 48bfb1a296c7cbd7046428486f120bcb1081a17c [1ms]
2025-11-17 18:15:52.525 [info] > git show --textconv :frontend/src/pages/dashboard_pages/Todo-list.tsx [13ms]
2025-11-17 18:15:52.526 [info] > git ls-files --stage -- frontend/src/pages/dashboard_pages/Todo-list.tsx [2ms]
2025-11-17 18:15:52.539 [info] > git cat-file -s a6feffeb75626b43a19b61add70e9de5b990e480 [1ms]
2025-11-17 18:16:09.339 [info] > git check-ignore -v -z --stdin [1ms]
2025-11-17 18:16:36.776 [info] > git show --textconv :frontend/src/components/forum/like-toggle.tsx [15ms]
2025-11-17 18:16:36.777 [info] > git ls-files --stage -- frontend/src/components/forum/like-toggle.tsx [2ms]
2025-11-17 18:16:36.789 [info] > git cat-file -s e57e3b6402d35d8d199b5b6d0399e590403c7fa2 [1ms]
2025-11-17 18:16:40.924 [info] > git show --textconv :frontend/src/components/forum/post-list.tsx [13ms]
2025-11-17 18:16:40.926 [info] > git ls-files --stage -- frontend/src/components/forum/post-list.tsx [2ms]
2025-11-17 18:16:40.938 [info] > git cat-file -s 93260d0f85f50de6b9bce041d2535a11d6e9a6fc [2ms]
2025-11-17 18:16:41.278 [info] > git blame --root --incremental 07f5cd071e1fdf75cd2d1e10fea8f1a6a5af5f89 -- frontend/src/components/forum/post-list.tsx [17ms]
2025-11-17 18:16:49.352 [info] > git show --textconv :frontend/src/components/forum/comment.tsx [12ms]
2025-11-17 18:16:49.353 [info] > git ls-files --stage -- frontend/src/components/forum/comment.tsx [1ms]
2025-11-17 18:16:49.367 [info] > git cat-file -s 825ba7534728a4a59f70b76de042efc7af12a500 [2ms]
2025-11-17 18:16:49.424 [info] > git blame --root --incremental 07f5cd071e1fdf75cd2d1e10fea8f1a6a5af5f89 -- frontend/src/components/forum/comment.tsx [9ms]
2025-11-17 18:16:50.055 [info] > git show --textconv :frontend/src/components/forum/single-post.tsx [14ms]
2025-11-17 18:16:50.056 [info] > git ls-files --stage -- frontend/src/components/forum/single-post.tsx [2ms]
2025-11-17 18:16:50.068 [info] > git cat-file -s 14e40177c494096d5eee76455b306b874d6a2db7 [1ms]
2025-11-17 18:16:52.719 [info] > git show --textconv :frontend/src/components/todolistdashboardver.css [13ms]
2025-11-17 18:16:52.720 [info] > git ls-files --stage -- frontend/src/components/todolistdashboardver.css [2ms]
2025-11-17 18:16:52.733 [info] > git cat-file -s 93f737cf28ff3a38749a6ac17d44aaf97540fb7d [1ms]
2025-11-17 18:16:53.407 [info] > git show --textconv :frontend/src/components/todolistdashboardver.tsx [13ms]
2025-11-17 18:16:53.408 [info] > git ls-files --stage -- frontend/src/components/todolistdashboardver.tsx [2ms]
2025-11-17 18:16:53.421 [info] > git cat-file -s 6d7aca0bdec84c182355527006fb5c1b18f07dde [2ms]
2025-11-17 18:16:57.335 [info] > git show --textconv :frontend/src/components/training-bar-chart.tsx [13ms]
2025-11-17 18:16:57.336 [info] > git ls-files --stage -- frontend/src/components/training-bar-chart.tsx [2ms]
2025-11-17 18:16:57.349 [info] > git cat-file -s 06af9a7d91b17ee9a387f17e3ac09ecc4c65d3e2 [2ms]
2025-11-17 18:17:01.489 [info] > git show --textconv :frontend/src/components/app-sidebar.tsx [13ms]
2025-11-17 18:17:01.491 [info] > git ls-files --stage -- frontend/src/components/app-sidebar.tsx [3ms]
2025-11-17 18:17:01.503 [info] > git cat-file -s ec4c95a4f3e6808e14f56af72398416a943533c8 [1ms]
2025-11-17 18:17:01.538 [info] > git blame --root --incremental 07f5cd071e1fdf75cd2d1e10fea8f1a6a5af5f89 -- frontend/src/components/app-sidebar.tsx [13ms]
2025-11-17 18:17:31.763 [info] > git fetch [413ms]
2025-11-17 18:17:31.778 [info] > git config --get commit.template [1ms]
2025-11-17 18:17:31.791 [info] > git for-each-ref --format=%(refname)%00%(upstream:short)%00%(objectname)%00%(upstream:track)%00%(upstream:remotename)%00%(upstream:remoteref) refs/heads/aurelio refs/remotes/aurelio [2ms]
2025-11-17 18:17:31.814 [info] > git status -z -uall [12ms]
2025-11-17 18:17:31.815 [info] > git for-each-ref --sort -committerdate --format %(refname)%00%(objectname)%00%(*objectname) [2ms]
2025-11-17 18:17:32.902 [info] > git config --get commit.template [1ms]
2025-11-17 18:17:32.915 [info] > git for-each-ref --format=%(refname)%00%(upstream:short)%00%(objectname)%00%(upstream:track)%00%(upstream:remotename)%00%(upstream:remoteref) refs/heads/aurelio refs/remotes/aurelio [1ms]
2025-11-17 18:17:32.939 [info] > git status -z -uall [13ms]
2025-11-17 18:17:32.940 [info] > git for-each-ref --sort -committerdate --format %(refname)%00%(objectname)%00%(*objectname) [2ms]
2025-11-17 18:17:33.005 [info] > git ls-files --stage -- frontend/src/components/app-sidebar.tsx [1ms]
2025-11-17 18:17:33.016 [info] > git cat-file -s ec4c95a4f3e6808e14f56af72398416a943533c8 [1ms]
2025-11-17 18:17:33.030 [info] > git show --textconv :frontend/src/components/app-sidebar.tsx [2ms]
2025-11-17 18:19:28.657 [info] > git check-ignore -v -z --stdin [2ms]
2025-11-17 18:19:28.775 [info] > git show --textconv :frontend/src/components/training-bar-chart.tsx [13ms]
2025-11-17 18:19:28.776 [info] > git ls-files --stage -- frontend/src/components/training-bar-chart.tsx [2ms]
2025-11-17 18:19:28.788 [info] > git cat-file -s 06af9a7d91b17ee9a387f17e3ac09ecc4c65d3e2 [1ms]
2025-11-17 18:19:29.639 [info] > git show --textconv :frontend/src/context/AuthContext.tsx [14ms]
2025-11-17 18:19:29.640 [info] > git ls-files --stage -- frontend/src/context/AuthContext.tsx [2ms]
2025-11-17 18:19:29.652 [info] > git cat-file -s ff32f3569f0091dece98261afb98fe0a13dfed11 [1ms]
2025-11-17 18:19:29.680 [info] > git blame --root --incremental 07f5cd071e1fdf75cd2d1e10fea8f1a6a5af5f89 -- frontend/src/context/AuthContext.tsx [6ms]
2025-11-17 18:19:58.612 [info] > git check-ignore -v -z --stdin [1ms]
2025-11-17 18:19:58.954 [info] > git show --textconv :frontend/src/css/zodiak.css [14ms]
2025-11-17 18:19:58.954 [info] > git ls-files --stage -- frontend/src/css/zodiak.css [1ms]
2025-11-17 18:19:58.967 [info] > git cat-file -s 540118eab78ec8c08024597121bbe02a2dffe5e6 [2ms]
2025-11-17 18:20:02.867 [info] > git check-ignore -v -z --stdin [2ms]
2025-11-17 18:20:03.999 [info] > git show --textconv :frontend/src/data/Accounts.json [14ms]
2025-11-17 18:20:04.001 [info] > git ls-files --stage -- frontend/src/data/Accounts.json [3ms]
2025-11-17 18:20:04.014 [info] > git cat-file -s 4c581adac88a7903254d2074c144f7d1d9ef3df1 [1ms]
2025-11-17 18:20:04.042 [info] > git blame --root --incremental 07f5cd071e1fdf75cd2d1e10fea8f1a6a5af5f89 -- frontend/src/data/Accounts.json [11ms]
2025-11-17 18:20:04.346 [info] > git show --textconv :frontend/src/data/forumData.json [15ms]
2025-11-17 18:20:04.346 [info] > git ls-files --stage -- frontend/src/data/forumData.json [1ms]
2025-11-17 18:20:04.358 [info] > git cat-file -s 448d2b77713d5ade593da3bdf38e87b0972a3c3c [1ms]
2025-11-17 18:20:04.463 [info] > git blame --root --incremental 07f5cd071e1fdf75cd2d1e10fea8f1a6a5af5f89 -- frontend/src/data/forumData.json [8ms]
2025-11-17 18:20:04.946 [info] > git show --textconv :frontend/src/data/projectData.json [14ms]
2025-11-17 18:20:04.947 [info] > git ls-files --stage -- frontend/src/data/projectData.json [2ms]
2025-11-17 18:20:04.962 [info] > git cat-file -s 8c1ddde9e422baf43338157ebabdf76ef0aa5a8b [2ms]
2025-11-17 18:20:05.240 [info] > git show --textconv :frontend/src/data/taskData.json [15ms]
2025-11-17 18:20:05.240 [info] > git ls-files --stage -- frontend/src/data/taskData.json [2ms]
2025-11-17 18:20:05.256 [info] > git cat-file -s 7d52dff4e55435da6c18c7d4820b1ea005d7dda6 [4ms]
2025-11-17 18:20:10.066 [info] > git check-ignore -v -z --stdin [1ms]
2025-11-17 18:22:09.675 [info] > git fetch [374ms]
2025-11-17 18:22:09.689 [info] > git config --get commit.template [2ms]
2025-11-17 18:22:09.703 [info] > git for-each-ref --format=%(refname)%00%(upstream:short)%00%(objectname)%00%(upstream:track)%00%(upstream:remotename)%00%(upstream:remoteref) refs/heads/aurelio refs/remotes/aurelio [3ms]
2025-11-17 18:22:09.727 [info] > git status -z -uall [13ms]
2025-11-17 18:22:09.727 [info] > git for-each-ref --sort -committerdate --format %(refname)%00%(objectname)%00%(*objectname) [1ms]
2025-11-17 18:22:10.824 [info] > git config --get commit.template [13ms]
2025-11-17 18:22:10.825 [info] > git for-each-ref --format=%(refname)%00%(upstream:short)%00%(objectname)%00%(upstream:track)%00%(upstream:remotename)%00%(upstream:remoteref) refs/heads/aurelio refs/remotes/aurelio [3ms]
2025-11-17 18:22:10.852 [info] > git status -z -uall [15ms]
2025-11-17 18:22:10.852 [info] > git for-each-ref --sort -committerdate --format %(refname)%00%(objectname)%00%(*objectname) [2ms]
2025-11-17 18:22:10.913 [info] > git ls-files --stage -- frontend/src/data/taskData.json [2ms]
2025-11-17 18:22:10.927 [info] > git cat-file -s 7d52dff4e55435da6c18c7d4820b1ea005d7dda6 [1ms]
2025-11-17 18:22:10.941 [info] > git show --textconv :frontend/src/data/taskData.json [2ms]
2025-11-17 18:22:18.105 [info] > git for-each-ref --sort -committerdate --format %(refname)%00%(objectname)%00%(*objectname)%00%(parent)%00%(*parent)%00%(authorname)%00%(*authorname)%00%(committerdate:unix)%00%(*committerdate:unix)%00%(subject)%00%(*subject)%00%(upstream:track) [6ms]
2025-11-17 18:22:19.334 [info] > git for-each-ref --sort -committerdate --format %(refname)%00%(objectname)%00%(*objectname)%00%(parent)%00%(*parent)%00%(authorname)%00%(*authorname)%00%(committerdate:unix)%00%(*committerdate:unix)%00%(subject)%00%(*subject)%00%(upstream:track) [6ms]
2025-11-17 18:22:46.218 [info] > git log --format=%H%n%aN%n%aE%n%at%n%ct%n%P%n%D%n%B -z --shortstat --diff-merges=first-parent -n50 --skip=0 --topo-order --decorate=full --stdin [41ms]
2025-11-17 18:23:01.919 [info] > git log --format=%H%n%aN%n%aE%n%at%n%ct%n%P%n%D%n%B -z --shortstat --diff-merges=first-parent -n50 --skip=0 --topo-order --decorate=full --stdin [37ms]
