2025-11-24 19:35:00.909 [info] Reading sessions from keychain...
2025-11-24 19:35:00.909 [info] Getting sessions for all scopes...
2025-11-24 19:35:00.937 [info] Got stored sessions!
2025-11-24 19:35:00.938 [info] Got 1 verified sessions.
2025-11-24 19:35:00.938 [info] Got 1 sessions for ...
2025-11-24 19:35:00.938 [info] Getting sessions for all scopes...
2025-11-24 19:35:00.938 [info] Got 1 sessions for ...
2025-11-24 19:35:00.938 [info] Getting sessions for all scopes...
2025-11-24 19:35:00.938 [info] Got 1 sessions for ...
2025-11-24 19:35:00.938 [info] Getting sessions for all scopes...
2025-11-24 19:35:00.938 [info] Got 1 sessions for ...
2025-11-24 19:35:00.938 [info] Getting sessions for all scopes...
2025-11-24 19:35:00.938 [info] Got 1 sessions for ...
2025-11-24 19:35:00.938 [info] Getting sessions for all scopes...
2025-11-24 19:35:00.938 [info] Got 1 sessions for ...
2025-11-24 19:35:00.938 [info] Getting sessions for all scopes...
2025-11-24 19:35:00.938 [info] Got 1 sessions for ...
2025-11-24 19:35:00.957 [info] Getting sessions for all scopes...
2025-11-24 19:35:00.957 [info] Got 1 sessions for ...
2025-11-24 19:35:00.957 [info] Getting sessions for all scopes...
2025-11-24 19:35:00.958 [info] Got 1 sessions for ...
2025-11-24 19:35:00.958 [info] Getting sessions for all scopes...
2025-11-24 19:35:00.958 [info] Got 1 sessions for ...
2025-11-24 19:35:00.958 [info] Getting sessions for all scopes...
2025-11-24 19:35:00.958 [info] Got 1 sessions for ...
2025-11-24 19:35:00.959 [info] Getting sessions for all scopes...
2025-11-24 19:35:00.959 [info] Got 1 sessions for ...
2025-11-24 19:35:00.959 [info] Getting sessions for all scopes...
2025-11-24 19:35:00.959 [info] Got 1 sessions for ...
2025-11-24 19:35:01.199 [info] Getting sessions for all scopes...
2025-11-24 19:35:01.199 [info] Got 1 sessions for ...
2025-11-24 19:35:03.514 [info] Getting sessions for all scopes...
2025-11-24 19:35:03.514 [info] Got 1 sessions for ...
2025-11-24 19:35:03.528 [info] Getting sessions for all scopes...
2025-11-24 19:35:03.528 [info] Got 1 sessions for ...
2025-11-24 19:35:04.174 [info] FetcherService: Electron fetch failed with status: 429 
2025-11-24 19:35:04.179 [info] Getting sessions for all scopes...
2025-11-24 19:35:04.179 [info] Got 1 sessions for ...
2025-11-24 19:35:04.186 [info] Getting sessions for all scopes...
2025-11-24 19:35:04.186 [info] Got 1 sessions for ...
2025-11-24 19:35:04.187 [info] Getting sessions for read:user,repo,user:email,workflow...
2025-11-24 19:35:04.187 [info] Got 1 sessions for read:user,repo,user:email,workflow...
2025-11-24 19:35:04.231 [info] Getting sessions for read:user,repo,user:email,workflow...
2025-11-24 19:35:04.231 [info] Got 1 sessions for read:user,repo,user:email,workflow...
2025-11-24 19:35:04.754 [info] FetcherService: Node fetch failed with status: 429 Too Many Requests
2025-11-24 19:35:05.095 [info] FetcherService: Node http/s failed with status: 429 Too Many Requests
