[2025-Jun-25 21:23:17.054 +01:00][13352:13352][info ] Logging initialized
[2025-Jun-25 21:23:17.054 +01:00][13352:13352][info ] Initializing krisp SDK...
[2025-Jun-25 21:23:17.054 +01:00][13352:13352][info ] DoKrispInitialize
[2025-Jun-25 21:23:17.513 +01:00][13352:13352][info ] LoadDynamicKrisp
[2025-Jun-25 21:23:17.513 +01:00][13352:13352][info ] Did not find KRISP_DYLIB_PATH, skipping dynamic loading
[2025-Jun-25 21:23:17.513 +01:00][13352:13352][info ] Initializing Krisp SDK in PID 13352, addr 0x7f408278d8e0
[2025-Jun-25 21:23:17.781 +01:00][13352:13352][info ] Initialized Krisp SDK successfully
[2025-Jun-25 21:23:17.781 +01:00][13352:13352][info ] Krisp SDK initialized
[2025-Jun-25 21:25:13.019 +01:00][13352:13352][info ] KrispNCSetModel: model = 
[2025-Jun-25 21:49:49.518 +01:00][ 1293: 1293][info ] Logging initialized
[2025-Jun-25 21:49:49.518 +01:00][ 1293: 1293][info ] Initializing krisp SDK...
[2025-Jun-25 21:49:49.518 +01:00][ 1293: 1293][info ] DoKrispInitialize
[2025-Jun-25 21:49:50.020 +01:00][ 1293: 1293][info ] LoadDynamicKrisp
[2025-Jun-25 21:49:50.020 +01:00][ 1293: 1293][info ] Did not find KRISP_DYLIB_PATH, skipping dynamic loading
[2025-Jun-25 21:49:50.020 +01:00][ 1293: 1293][info ] Initializing Krisp SDK in PID 1293, addr 0x7f424538d8e0
[2025-Jun-25 21:49:50.302 +01:00][ 1293: 1293][info ] Initialized Krisp SDK successfully
[2025-Jun-25 21:49:50.302 +01:00][ 1293: 1293][info ] Krisp SDK initialized
[2025-Jun-25 21:49:54.296 +01:00][ 1293: 1293][info ] KrispNCSetModel: model = 
[2025-Jun-25 21:55:51.838 +01:00][ 1913: 1913][info ] Logging initialized
[2025-Jun-25 21:55:51.838 +01:00][ 1913: 1913][info ] Initializing krisp SDK...
[2025-Jun-25 21:55:51.838 +01:00][ 1913: 1913][info ] DoKrispInitialize
[2025-Jun-25 21:55:52.314 +01:00][ 1913: 1913][info ] LoadDynamicKrisp
[2025-Jun-25 21:55:52.314 +01:00][ 1913: 1913][info ] Did not find KRISP_DYLIB_PATH, skipping dynamic loading
[2025-Jun-25 21:55:52.314 +01:00][ 1913: 1913][info ] Initializing Krisp SDK in PID 1913, addr 0x7f95ef98d8e0
[2025-Jun-25 21:55:52.582 +01:00][ 1913: 1913][info ] Initialized Krisp SDK successfully
[2025-Jun-25 21:55:52.582 +01:00][ 1913: 1913][info ] Krisp SDK initialized
[2025-Jun-25 21:55:54.340 +01:00][ 1913: 1913][info ] Logging initialized
[2025-Jun-25 21:55:54.340 +01:00][ 1913: 1913][info ] Initializing krisp SDK...
[2025-Jun-25 21:55:54.340 +01:00][ 1913: 1913][info ] Krisp SDK initialized
[2025-Jun-25 21:55:58.019 +01:00][ 1913: 1913][info ] KrispNCSetModel: model = 
[2025-Jun-26 07:51:17.614 +01:00][ 1913: 1913][info ] KrispNCSetModel: model = 
[2025-Jun-26 08:46:07.133 +01:00][ 1913: 1913][info ] KrispNCSetModel: model = 
[2025-Jun-26 08:56:19.939 +01:00][ 1913: 1913][info ] KrispNCSetModel: model = 
[2025-Jun-26 09:06:59.431 +01:00][ 1913: 1913][info ] KrispNCSetModel: model = 
[2025-Jun-26 11:19:33.019 +01:00][ 1913: 1913][info ] KrispNCSetModel: model = 
[2025-Jun-26 12:20:44.454 +01:00][ 1913: 1913][info ] KrispNCSetModel: model = 
[2025-Jun-26 18:46:35.467 +01:00][ 1913: 1913][info ] KrispNCSetModel: model = 
[2025-Jun-26 18:53:41.508 +01:00][ 1913: 1913][info ] KrispNCSetModel: model = 
[2025-Jun-27 08:51:51.482 +01:00][ 1088: 1088][info ] Logging initialized
[2025-Jun-27 08:51:51.482 +01:00][ 1088: 1088][info ] Initializing krisp SDK...
[2025-Jun-27 08:51:51.482 +01:00][ 1088: 1088][info ] DoKrispInitialize
[2025-Jun-27 08:51:51.957 +01:00][ 1088: 1088][info ] LoadDynamicKrisp
[2025-Jun-27 08:51:51.957 +01:00][ 1088: 1088][info ] Did not find KRISP_DYLIB_PATH, skipping dynamic loading
[2025-Jun-27 08:51:51.957 +01:00][ 1088: 1088][info ] Initializing Krisp SDK in PID 1088, addr 0x7fb0e378d8e0
[2025-Jun-27 08:51:52.236 +01:00][ 1088: 1088][info ] Initialized Krisp SDK successfully
[2025-Jun-27 08:51:52.236 +01:00][ 1088: 1088][info ] Krisp SDK initialized
[2025-Jun-27 08:51:56.585 +01:00][ 1088: 1088][info ] KrispNCSetModel: model = 
[2025-Jun-27 08:54:30.015 +01:00][ 1063: 1063][info ] Logging initialized
[2025-Jun-27 08:54:30.015 +01:00][ 1063: 1063][info ] Initializing krisp SDK...
[2025-Jun-27 08:54:30.015 +01:00][ 1063: 1063][info ] DoKrispInitialize
[2025-Jun-27 08:54:30.501 +01:00][ 1063: 1063][info ] LoadDynamicKrisp
[2025-Jun-27 08:54:30.501 +01:00][ 1063: 1063][info ] Did not find KRISP_DYLIB_PATH, skipping dynamic loading
[2025-Jun-27 08:54:30.501 +01:00][ 1063: 1063][info ] Initializing Krisp SDK in PID 1063, addr 0x7ff36cd8d8e0
[2025-Jun-27 08:54:30.786 +01:00][ 1063: 1063][info ] Initialized Krisp SDK successfully
[2025-Jun-27 08:54:30.786 +01:00][ 1063: 1063][info ] Krisp SDK initialized
[2025-Jun-27 08:54:35.260 +01:00][ 1063: 1063][info ] KrispNCSetModel: model = 
[2025-Jun-27 09:44:28.247 +01:00][ 1063: 1063][info ] KrispNCSetModel: model = 
[2025-Jun-27 11:25:12.315 +01:00][ 1100: 1100][info ] Logging initialized
[2025-Jun-27 11:25:12.315 +01:00][ 1100: 1100][info ] Initializing krisp SDK...
[2025-Jun-27 11:25:12.315 +01:00][ 1100: 1100][info ] DoKrispInitialize
[2025-Jun-27 11:25:12.797 +01:00][ 1100: 1100][info ] LoadDynamicKrisp
[2025-Jun-27 11:25:12.797 +01:00][ 1100: 1100][info ] Did not find KRISP_DYLIB_PATH, skipping dynamic loading
[2025-Jun-27 11:25:12.797 +01:00][ 1100: 1100][info ] Initializing Krisp SDK in PID 1100, addr 0x7f058698d8e0
[2025-Jun-27 11:25:13.082 +01:00][ 1100: 1100][info ] Initialized Krisp SDK successfully
[2025-Jun-27 11:25:13.082 +01:00][ 1100: 1100][info ] Krisp SDK initialized
[2025-Jun-27 11:25:17.176 +01:00][ 1100: 1100][info ] KrispNCSetModel: model = 
[2025-Jun-27 11:29:42.036 +01:00][ 1096: 1096][info ] Logging initialized
[2025-Jun-27 11:29:42.036 +01:00][ 1096: 1096][info ] Initializing krisp SDK...
[2025-Jun-27 11:29:42.036 +01:00][ 1096: 1096][info ] DoKrispInitialize
[2025-Jun-27 11:29:42.517 +01:00][ 1096: 1096][info ] LoadDynamicKrisp
[2025-Jun-27 11:29:42.517 +01:00][ 1096: 1096][info ] Did not find KRISP_DYLIB_PATH, skipping dynamic loading
[2025-Jun-27 11:29:42.517 +01:00][ 1096: 1096][info ] Initializing Krisp SDK in PID 1096, addr 0x7fe45978d8e0
[2025-Jun-27 11:29:42.797 +01:00][ 1096: 1096][info ] Initialized Krisp SDK successfully
[2025-Jun-27 11:29:42.797 +01:00][ 1096: 1096][info ] Krisp SDK initialized
[2025-Jun-27 11:29:46.831 +01:00][ 1096: 1096][info ] KrispNCSetModel: model = 
[2025-Jun-28 11:46:38.198 +01:00][ 1658: 1658][info ] Logging initialized
[2025-Jun-28 11:46:38.198 +01:00][ 1658: 1658][info ] Initializing krisp SDK...
[2025-Jun-28 11:46:38.198 +01:00][ 1658: 1658][info ] DoKrispInitialize
[2025-Jun-28 11:46:38.699 +01:00][ 1658: 1658][info ] LoadDynamicKrisp
[2025-Jun-28 11:46:38.699 +01:00][ 1658: 1658][info ] Did not find KRISP_DYLIB_PATH, skipping dynamic loading
[2025-Jun-28 11:46:38.699 +01:00][ 1658: 1658][info ] Initializing Krisp SDK in PID 1658, addr 0x7f97f098d8e0
[2025-Jun-28 11:46:38.978 +01:00][ 1658: 1658][info ] Initialized Krisp SDK successfully
[2025-Jun-28 11:46:38.978 +01:00][ 1658: 1658][info ] Krisp SDK initialized
[2025-Jun-28 11:46:43.028 +01:00][ 1658: 1658][info ] KrispNCSetModel: model = 
[2025-Jun-28 17:45:06.926 +01:00][ 1658: 1658][info ] KrispNCSetModel: model = 
[2025-Jun-29 09:21:26.788 +01:00][ 1658: 1658][info ] KrispNCSetModel: model = 
[2025-Jun-29 10:05:16.940 +01:00][ 1658: 1658][info ] KrispNCSetModel: model = 
[2025-Jun-29 15:43:25.476 +01:00][ 1658: 1658][info ] KrispNCSetModel: model = 
[2025-Jun-29 17:02:57.690 +02:00][ 1069: 1069][info ] Logging initialized
[2025-Jun-29 17:02:57.691 +02:00][ 1069: 1069][info ] Initializing krisp SDK...
[2025-Jun-29 17:02:57.691 +02:00][ 1069: 1069][info ] DoKrispInitialize
[2025-Jun-29 17:02:58.170 +02:00][ 1069: 1069][info ] LoadDynamicKrisp
[2025-Jun-29 17:02:58.170 +02:00][ 1069: 1069][info ] Did not find KRISP_DYLIB_PATH, skipping dynamic loading
[2025-Jun-29 17:02:58.170 +02:00][ 1069: 1069][info ] Initializing Krisp SDK in PID 1069, addr 0x7fab6bf8d8e0
[2025-Jun-29 17:02:58.448 +02:00][ 1069: 1069][info ] Initialized Krisp SDK successfully
[2025-Jun-29 17:02:58.448 +02:00][ 1069: 1069][info ] Krisp SDK initialized
[2025-Jun-29 17:03:02.754 +02:00][ 1069: 1069][info ] KrispNCSetModel: model = 
[2025-Jun-29 18:28:34.496 +02:00][ 1069: 1069][info ] KrispNCSetModel: model = 
[2025-Jun-30 09:02:52.560 +02:00][ 1071: 1071][info ] Logging initialized
[2025-Jun-30 09:02:52.560 +02:00][ 1071: 1071][info ] Initializing krisp SDK...
[2025-Jun-30 09:02:52.560 +02:00][ 1071: 1071][info ] DoKrispInitialize
[2025-Jun-30 09:02:53.038 +02:00][ 1071: 1071][info ] LoadDynamicKrisp
[2025-Jun-30 09:02:53.038 +02:00][ 1071: 1071][info ] Did not find KRISP_DYLIB_PATH, skipping dynamic loading
[2025-Jun-30 09:02:53.038 +02:00][ 1071: 1071][info ] Initializing Krisp SDK in PID 1071, addr 0x7e195518d8e0
[2025-Jun-30 09:02:53.313 +02:00][ 1071: 1071][info ] Initialized Krisp SDK successfully
[2025-Jun-30 09:02:53.313 +02:00][ 1071: 1071][info ] Krisp SDK initialized
[2025-Jun-30 09:02:57.549 +02:00][ 1071: 1071][info ] KrispNCSetModel: model = 
[2025-Jun-30 09:37:14.594 +02:00][ 1088: 1088][info ] Logging initialized
[2025-Jun-30 09:37:14.594 +02:00][ 1088: 1088][info ] Initializing krisp SDK...
[2025-Jun-30 09:37:14.594 +02:00][ 1088: 1088][info ] DoKrispInitialize
[2025-Jun-30 09:37:15.072 +02:00][ 1088: 1088][info ] LoadDynamicKrisp
[2025-Jun-30 09:37:15.072 +02:00][ 1088: 1088][info ] Did not find KRISP_DYLIB_PATH, skipping dynamic loading
[2025-Jun-30 09:37:15.072 +02:00][ 1088: 1088][info ] Initializing Krisp SDK in PID 1088, addr 0x7f321818d8e0
[2025-Jun-30 09:37:15.349 +02:00][ 1088: 1088][info ] Initialized Krisp SDK successfully
[2025-Jun-30 09:37:15.349 +02:00][ 1088: 1088][info ] Krisp SDK initialized
[2025-Jun-30 09:37:19.487 +02:00][ 1088: 1088][info ] KrispNCSetModel: model = 
[2025-Jun-30 10:26:20.897 +02:00][ 1088: 1088][info ] KrispNCSetModel: model = 
[2025-Jun-30 11:49:40.115 +02:00][ 1095: 1095][info ] Logging initialized
[2025-Jun-30 11:49:40.115 +02:00][ 1095: 1095][info ] Initializing krisp SDK...
[2025-Jun-30 11:49:40.115 +02:00][ 1095: 1095][info ] DoKrispInitialize
[2025-Jun-30 11:49:40.600 +02:00][ 1095: 1095][info ] LoadDynamicKrisp
[2025-Jun-30 11:49:40.600 +02:00][ 1095: 1095][info ] Did not find KRISP_DYLIB_PATH, skipping dynamic loading
[2025-Jun-30 11:49:40.601 +02:00][ 1095: 1095][info ] Initializing Krisp SDK in PID 1095, addr 0x7f76d618d8e0
[2025-Jun-30 11:49:40.901 +02:00][ 1095: 1095][info ] Initialized Krisp SDK successfully
[2025-Jun-30 11:49:40.901 +02:00][ 1095: 1095][info ] Krisp SDK initialized
[2025-Jun-30 11:49:45.281 +02:00][ 1095: 1095][info ] KrispNCSetModel: model = 
[2025-Jun-30 12:00:31.537 +02:00][ 2988: 2988][info ] Logging initialized
[2025-Jun-30 12:00:31.537 +02:00][ 2988: 2988][info ] Initializing krisp SDK...
[2025-Jun-30 12:00:31.537 +02:00][ 2988: 2988][info ] DoKrispInitialize
[2025-Jun-30 12:00:31.998 +02:00][ 2988: 2988][info ] LoadDynamicKrisp
[2025-Jun-30 12:00:31.998 +02:00][ 2988: 2988][info ] Did not find KRISP_DYLIB_PATH, skipping dynamic loading
[2025-Jun-30 12:00:31.998 +02:00][ 2988: 2988][info ] Initializing Krisp SDK in PID 2988, addr 0x7f59cb38d8e0
[2025-Jun-30 12:00:32.263 +02:00][ 2988: 2988][info ] Initialized Krisp SDK successfully
[2025-Jun-30 12:00:32.263 +02:00][ 2988: 2988][info ] Krisp SDK initialized
[2025-Jun-30 12:00:36.241 +02:00][ 2988: 2988][info ] KrispNCSetModel: model = 
[2025-Jun-30 12:01:36.998 +02:00][ 1076: 1076][info ] Logging initialized
[2025-Jun-30 12:01:36.998 +02:00][ 1076: 1076][info ] Initializing krisp SDK...
[2025-Jun-30 12:01:36.998 +02:00][ 1076: 1076][info ] DoKrispInitialize
[2025-Jun-30 12:01:37.479 +02:00][ 1076: 1076][info ] LoadDynamicKrisp
[2025-Jun-30 12:01:37.479 +02:00][ 1076: 1076][info ] Did not find KRISP_DYLIB_PATH, skipping dynamic loading
[2025-Jun-30 12:01:37.479 +02:00][ 1076: 1076][info ] Initializing Krisp SDK in PID 1076, addr 0x7f7dbf98d8e0
[2025-Jun-30 12:01:37.757 +02:00][ 1076: 1076][info ] Initialized Krisp SDK successfully
[2025-Jun-30 12:01:37.757 +02:00][ 1076: 1076][info ] Krisp SDK initialized
[2025-Jun-30 12:01:41.867 +02:00][ 1076: 1076][info ] KrispNCSetModel: model = 
[2025-Jul-01 00:31:49.299 +02:00][14217:14217][info ] Logging initialized
[2025-Jul-01 00:31:49.299 +02:00][14217:14217][info ] Initializing krisp SDK...
[2025-Jul-01 00:31:49.299 +02:00][14217:14217][info ] DoKrispInitialize
[2025-Jul-01 00:31:49.614 +02:00][14217:14217][info ] LoadDynamicKrisp
[2025-Jul-01 00:31:49.614 +02:00][14217:14217][info ] Did not find KRISP_DYLIB_PATH, skipping dynamic loading
[2025-Jul-01 00:31:49.614 +02:00][14217:14217][info ] Initializing Krisp SDK in PID 14217, addr 0x7f3402b8d8e0
[2025-Jul-01 00:31:49.794 +02:00][14217:14217][info ] Initialized Krisp SDK successfully
[2025-Jul-01 00:31:49.794 +02:00][14217:14217][info ] Krisp SDK initialized
[2025-Jul-01 00:31:50.676 +02:00][14217:14217][info ] KrispNCSetModel: model = 
[2025-Jul-01 11:41:51.071 +02:00][14217:14217][info ] KrispNCSetModel: model = 
[2025-Jul-01 19:57:56.547 +02:00][14217:14217][info ] KrispNCSetModel: model = 
[2025-Jul-02 10:35:28.914 +02:00][14217:14217][info ] KrispNCSetModel: model = 
[2025-Jul-02 13:47:46.057 +02:00][14217:14217][info ] KrispNCSetModel: model = 
[2025-Jul-02 21:18:45.195 +02:00][14217:14217][info ] KrispNCSetModel: model = 
[2025-Jul-03 00:18:49.257 +02:00][14217:14217][info ] KrispNCSetModel: model = 
[2025-Jul-03 07:38:19.544 +02:00][14217:14217][info ] KrispNCSetModel: model = 
[2025-Jul-03 12:22:15.218 +02:00][14217:14217][info ] KrispNCSetModel: model = 
[2025-Jul-04 11:04:51.044 +02:00][14217:14217][info ] KrispNCSetModel: model = 
[2025-Jul-05 07:11:52.086 +02:00][14217:14217][info ] KrispNCSetModel: model = 
[2025-Jul-05 19:20:20.002 +02:00][14217:14217][info ] KrispNCSetModel: model = 
[2025-Jul-05 19:29:00.817 +02:00][14217:14217][info ] KrispNCSetModel: model = 
[2025-Jul-06 07:53:53.203 +02:00][14217:14217][info ] KrispNCSetModel: model = 
[2025-Jul-06 17:20:54.997 +02:00][14217:14217][info ] KrispNCSetModel: model = 
[2025-Jul-06 19:28:05.165 +02:00][14217:14217][info ] KrispNCSetModel: model = 
[2025-Jul-07 10:04:21.922 +02:00][14217:14217][info ] KrispNCSetModel: model = 
[2025-Jul-07 16:14:21.774 +02:00][14217:14217][info ] KrispNCSetModel: model = 
[2025-Jul-07 16:21:06.148 +02:00][14217:14217][info ] KrispNCSetModel: model = 
[2025-Jul-08 11:31:33.013 +02:00][14217:14217][info ] KrispNCSetModel: model = 
[2025-Jul-08 11:50:42.934 +02:00][ 1283: 1283][info ] Logging initialized
[2025-Jul-08 11:50:42.934 +02:00][ 1283: 1283][info ] Initializing krisp SDK...
[2025-Jul-08 11:50:42.934 +02:00][ 1283: 1283][info ] DoKrispInitialize
[2025-Jul-08 11:50:43.279 +02:00][ 1283: 1283][info ] LoadDynamicKrisp
[2025-Jul-08 11:50:43.279 +02:00][ 1283: 1283][info ] Did not find KRISP_DYLIB_PATH, skipping dynamic loading
[2025-Jul-08 11:50:43.279 +02:00][ 1283: 1283][info ] Initializing Krisp SDK in PID 1283, addr 0x7f6cb898d8e0
[2025-Jul-08 11:50:43.460 +02:00][ 1283: 1283][info ] Initialized Krisp SDK successfully
[2025-Jul-08 11:50:43.460 +02:00][ 1283: 1283][info ] Krisp SDK initialized
[2025-Jul-08 11:50:44.665 +02:00][ 1283: 1283][info ] KrispNCSetModel: model = 
[2025-Jul-08 11:53:44.477 +02:00][ 1101: 1101][info ] Logging initialized
[2025-Jul-08 11:53:44.477 +02:00][ 1101: 1101][info ] Initializing krisp SDK...
[2025-Jul-08 11:53:44.477 +02:00][ 1101: 1101][info ] DoKrispInitialize
[2025-Jul-08 11:53:44.813 +02:00][ 1101: 1101][info ] LoadDynamicKrisp
[2025-Jul-08 11:53:44.813 +02:00][ 1101: 1101][info ] Did not find KRISP_DYLIB_PATH, skipping dynamic loading
[2025-Jul-08 11:53:44.813 +02:00][ 1101: 1101][info ] Initializing Krisp SDK in PID 1101, addr 0x7ff2b118d8e0
[2025-Jul-08 11:53:45.003 +02:00][ 1101: 1101][info ] Initialized Krisp SDK successfully
[2025-Jul-08 11:53:45.003 +02:00][ 1101: 1101][info ] Krisp SDK initialized
[2025-Jul-08 11:53:48.720 +02:00][ 1101: 1101][info ] KrispNCSetModel: model = 
[2025-Jul-09 09:59:55.398 +02:00][ 1101: 1101][info ] KrispNCSetModel: model = 
[2025-Jul-09 14:40:17.727 +02:00][ 1101: 1101][info ] KrispNCSetModel: model = 
[2025-Jul-09 23:38:34.347 +02:00][ 1101: 1101][info ] KrispNCSetModel: model = 
[2025-Jul-10 09:45:16.192 +02:00][ 1101: 1101][info ] KrispNCSetModel: model = 
[2025-Jul-10 15:21:29.561 +02:00][ 1101: 1101][info ] KrispNCSetModel: model = 
[2025-Jul-10 15:26:31.893 +02:00][ 1101: 1101][info ] KrispNCSetModel: model = 
[2025-Jul-11 10:01:36.474 +02:00][ 1101: 1101][info ] KrispNCSetModel: model = 
[2025-Jul-11 16:02:39.855 +02:00][ 1101: 1101][info ] KrispNCSetModel: model = 
[2025-Jul-11 22:08:18.701 +02:00][ 1101: 1101][info ] KrispNCSetModel: model = 
[2025-Jul-12 10:12:01.946 +02:00][ 1101: 1101][info ] KrispNCSetModel: model = 
[2025-Jul-13 11:27:19.720 +02:00][ 1101: 1101][info ] KrispNCSetModel: model = 
[2025-Jul-13 13:12:36.291 +02:00][ 1101: 1101][info ] KrispNCSetModel: model = 
[2025-Jul-13 15:59:39.330 +02:00][ 1101: 1101][info ] KrispNCSetModel: model = 
[2025-Jul-13 18:40:49.989 +02:00][ 1095: 1095][info ] Logging initialized
[2025-Jul-13 18:40:49.989 +02:00][ 1095: 1095][info ] Initializing krisp SDK...
[2025-Jul-13 18:40:49.989 +02:00][ 1095: 1095][info ] DoKrispInitialize
[2025-Jul-13 18:40:50.349 +02:00][ 1095: 1095][info ] LoadDynamicKrisp
[2025-Jul-13 18:40:50.349 +02:00][ 1095: 1095][info ] Did not find KRISP_DYLIB_PATH, skipping dynamic loading
[2025-Jul-13 18:40:50.349 +02:00][ 1095: 1095][info ] Initializing Krisp SDK in PID 1095, addr 0x7f783678d8e0
[2025-Jul-13 18:40:50.546 +02:00][ 1095: 1095][info ] Initialized Krisp SDK successfully
[2025-Jul-13 18:40:50.546 +02:00][ 1095: 1095][info ] Krisp SDK initialized
[2025-Jul-13 18:40:54.443 +02:00][ 1095: 1095][info ] KrispNCSetModel: model = 
[2025-Jul-13 19:34:24.363 +02:00][ 1249: 1249][info ] Logging initialized
[2025-Jul-13 19:34:24.363 +02:00][ 1249: 1249][info ] Initializing krisp SDK...
[2025-Jul-13 19:34:24.363 +02:00][ 1249: 1249][info ] DoKrispInitialize
[2025-Jul-13 19:34:24.708 +02:00][ 1249: 1249][info ] LoadDynamicKrisp
[2025-Jul-13 19:34:24.708 +02:00][ 1249: 1249][info ] Did not find KRISP_DYLIB_PATH, skipping dynamic loading
[2025-Jul-13 19:34:24.708 +02:00][ 1249: 1249][info ] Initializing Krisp SDK in PID 1249, addr 0x7f8a4878d8e0
[2025-Jul-13 19:34:24.900 +02:00][ 1249: 1249][info ] Initialized Krisp SDK successfully
[2025-Jul-13 19:34:24.900 +02:00][ 1249: 1249][info ] Krisp SDK initialized
[2025-Jul-13 19:34:28.660 +02:00][ 1249: 1249][info ] KrispNCSetModel: model = 
[2025-Jul-13 21:59:20.101 +02:00][ 1249: 1249][info ] KrispNCSetModel: model = 
[2025-Jul-14 00:07:27.102 +02:00][ 1249: 1249][info ] KrispNCSetModel: model = 
[2025-Jul-14 01:42:39.851 +02:00][ 1249: 1249][info ] KrispNCSetModel: model = 
[2025-Jul-14 09:25:00.703 +02:00][ 1249: 1249][info ] KrispNCSetModel: model = 
[2025-Jul-14 19:21:39.323 +02:00][ 1249: 1249][info ] KrispNCSetModel: model = 
[2025-Jul-14 20:27:34.656 +02:00][ 1098: 1098][info ] Logging initialized
[2025-Jul-14 20:27:34.656 +02:00][ 1098: 1098][info ] Initializing krisp SDK...
[2025-Jul-14 20:27:34.656 +02:00][ 1098: 1098][info ] DoKrispInitialize
[2025-Jul-14 20:27:35.149 +02:00][ 1098: 1098][info ] LoadDynamicKrisp
[2025-Jul-14 20:27:35.149 +02:00][ 1098: 1098][info ] Did not find KRISP_DYLIB_PATH, skipping dynamic loading
[2025-Jul-14 20:27:35.149 +02:00][ 1098: 1098][info ] Initializing Krisp SDK in PID 1098, addr 0x7f9da978d8e0
[2025-Jul-14 20:27:35.431 +02:00][ 1098: 1098][info ] Initialized Krisp SDK successfully
[2025-Jul-14 20:27:35.431 +02:00][ 1098: 1098][info ] Krisp SDK initialized
[2025-Jul-14 20:27:39.674 +02:00][ 1098: 1098][info ] KrispNCSetModel: model = 
[2025-Jul-14 20:28:53.118 +02:00][ 1082: 1082][info ] Logging initialized
[2025-Jul-14 20:28:53.118 +02:00][ 1082: 1082][info ] Initializing krisp SDK...
[2025-Jul-14 20:28:53.118 +02:00][ 1082: 1082][info ] DoKrispInitialize
[2025-Jul-14 20:28:53.606 +02:00][ 1082: 1082][info ] LoadDynamicKrisp
[2025-Jul-14 20:28:53.606 +02:00][ 1082: 1082][info ] Did not find KRISP_DYLIB_PATH, skipping dynamic loading
[2025-Jul-14 20:28:53.606 +02:00][ 1082: 1082][info ] Initializing Krisp SDK in PID 1082, addr 0x7f28c518d8e0
[2025-Jul-14 20:28:53.883 +02:00][ 1082: 1082][info ] Initialized Krisp SDK successfully
[2025-Jul-14 20:28:53.883 +02:00][ 1082: 1082][info ] Krisp SDK initialized
[2025-Jul-14 20:28:57.826 +02:00][ 1082: 1082][info ] KrispNCSetModel: model = 
[2025-Jul-15 09:45:44.823 +02:00][ 1082: 1082][info ] KrispNCSetModel: model = 
[2025-Jul-16 10:41:58.184 +02:00][ 1082: 1082][info ] KrispNCSetModel: model = 
[2025-Jul-16 16:55:09.433 +02:00][ 1082: 1082][info ] KrispNCSetModel: model = 
[2025-Jul-16 23:30:23.014 +02:00][ 1082: 1082][info ] KrispNCSetModel: model = 
[2025-Jul-17 12:25:51.090 +02:00][ 1082: 1082][info ] KrispNCSetModel: model = 
[2025-Jul-17 16:55:25.859 +02:00][ 1082: 1082][info ] KrispNCSetModel: model = 
[2025-Jul-17 19:36:25.300 +02:00][ 1082: 1082][info ] KrispNCSetModel: model = 
[2025-Jul-18 10:01:09.868 +02:00][ 1082: 1082][info ] KrispNCSetModel: model = 
[2025-Jul-19 13:15:59.655 +02:00][ 1082: 1082][info ] KrispNCSetModel: model = 
[2025-Jul-22 12:54:40.472 +02:00][ 1289: 1289][info ] Logging initialized
[2025-Jul-22 12:54:40.472 +02:00][ 1289: 1289][info ] Initializing krisp SDK...
[2025-Jul-22 12:54:40.472 +02:00][ 1289: 1289][info ] DoKrispInitialize
[2025-Jul-22 12:54:40.796 +02:00][ 1289: 1289][info ] LoadDynamicKrisp
[2025-Jul-22 12:54:40.796 +02:00][ 1289: 1289][info ] Did not find KRISP_DYLIB_PATH, skipping dynamic loading
[2025-Jul-22 12:54:40.796 +02:00][ 1289: 1289][info ] Initializing Krisp SDK in PID 1289, addr 0x7f5ab538dc20
[2025-Jul-22 12:54:40.978 +02:00][ 1289: 1289][info ] Initialized Krisp SDK successfully
[2025-Jul-22 12:54:40.978 +02:00][ 1289: 1289][info ] Krisp SDK initialized
[2025-Jul-22 23:11:42.755 +02:00][ 1289: 1289][info ] KrispNCSetModel: model = 
[2025-Jul-23 13:48:35.116 +02:00][ 1289: 1289][info ] KrispNCSetModel: model = 
[2025-Jul-23 19:00:16.106 +02:00][ 1289: 1289][info ] KrispNCSetModel: model = 
[2025-Jul-23 23:13:12.026 +02:00][ 1289: 1289][info ] KrispNCSetModel: model = 
[2025-Jul-24 09:17:45.440 +02:00][ 1289: 1289][info ] KrispNCSetModel: model = 
[2025-Jul-25 14:46:06.991 +02:00][ 1289: 1289][info ] KrispNCSetModel: model = 
[2025-Jul-25 18:06:25.876 +02:00][ 1289: 1289][info ] KrispNCSetModel: model = 
[2025-Jul-25 23:32:11.351 +02:00][ 1289: 1289][info ] KrispNCSetModel: model = 
[2025-Jul-26 10:55:05.640 +02:00][ 1289: 1289][info ] KrispNCSetModel: model = 
[2025-Jul-26 22:21:53.167 +02:00][ 1289: 1289][info ] KrispNCSetModel: model = 
[2025-Jul-27 10:49:03.063 +02:00][ 1289: 1289][info ] KrispNCSetModel: model = 
[2025-Jul-27 15:07:10.988 +02:00][ 1289: 1289][info ] KrispNCSetModel: model = 
[2025-Jul-27 16:33:33.107 +02:00][ 1289: 1289][info ] KrispNCSetModel: model = 
[2025-Jul-27 23:27:11.488 +02:00][ 1289: 1289][info ] KrispNCSetModel: model = 
[2025-Jul-28 12:04:42.838 +02:00][ 1289: 1289][info ] KrispNCSetModel: model = 
[2025-Jul-28 14:10:01.831 +02:00][ 1289: 1289][info ] KrispNCSetModel: model = 
[2025-Jul-29 14:29:51.295 +02:00][ 1289: 1289][info ] KrispNCSetModel: model = 
[2025-Jul-30 10:47:35.860 +02:00][ 1289: 1289][info ] KrispNCSetModel: model = 
[2025-Jul-30 13:08:10.791 +02:00][ 1278: 1278][info ] Logging initialized
[2025-Jul-30 13:08:10.791 +02:00][ 1278: 1278][info ] Initializing krisp SDK...
[2025-Jul-30 13:08:10.791 +02:00][ 1278: 1278][info ] DoKrispInitialize
[2025-Jul-30 13:08:11.118 +02:00][ 1278: 1278][info ] LoadDynamicKrisp
[2025-Jul-30 13:08:11.118 +02:00][ 1278: 1278][info ] Did not find KRISP_DYLIB_PATH, skipping dynamic loading
[2025-Jul-30 13:08:11.118 +02:00][ 1278: 1278][info ] Initializing Krisp SDK in PID 1278, addr 0x7f0f8b1f9a00
[2025-Jul-30 13:08:11.120 +02:00][ 1278: 1278][info ] Initialized Krisp SDK successfully
[2025-Jul-30 13:08:11.120 +02:00][ 1278: 1278][info ] Krisp SDK initialized
[2025-Jul-30 13:11:42.831 +02:00][ 1101: 1101][info ] Logging initialized
[2025-Jul-30 13:11:42.831 +02:00][ 1101: 1101][info ] Initializing krisp SDK...
[2025-Jul-30 13:11:42.831 +02:00][ 1101: 1101][info ] DoKrispInitialize
[2025-Jul-30 13:11:43.162 +02:00][ 1101: 1101][info ] LoadDynamicKrisp
[2025-Jul-30 13:11:43.162 +02:00][ 1101: 1101][info ] Did not find KRISP_DYLIB_PATH, skipping dynamic loading
[2025-Jul-30 13:11:43.162 +02:00][ 1101: 1101][info ] Initializing Krisp SDK in PID 1101, addr 0x7f9381f19a00
[2025-Jul-30 13:11:43.164 +02:00][ 1101: 1101][info ] Initialized Krisp SDK successfully
[2025-Jul-30 13:11:43.164 +02:00][ 1101: 1101][info ] Krisp SDK initialized
[2025-Aug-11 00:16:59.135 +02:00][ 1348: 1348][info ] Logging initialized
[2025-Aug-11 00:16:59.135 +02:00][ 1348: 1348][info ] Initializing krisp SDK...
[2025-Aug-11 00:16:59.135 +02:00][ 1348: 1348][info ] DoKrispInitialize
[2025-Aug-11 00:16:59.462 +02:00][ 1348: 1348][info ] LoadDynamicKrisp
[2025-Aug-11 00:16:59.462 +02:00][ 1348: 1348][info ] Did not find KRISP_DYLIB_PATH, skipping dynamic loading
[2025-Aug-11 00:16:59.462 +02:00][ 1348: 1348][info ] Initializing Krisp SDK in PID 1348, addr 0x7f5870df9ab0
[2025-Aug-11 00:16:59.463 +02:00][ 1348: 1348][info ] Initialized Krisp SDK successfully
[2025-Aug-11 00:16:59.463 +02:00][ 1348: 1348][info ] Krisp SDK initialized
[2025-Aug-25 13:06:16.386 +02:00][ 1403: 1403][info ] Logging initialized
[2025-Aug-25 13:06:16.386 +02:00][ 1403: 1403][info ] Initializing krisp SDK...
[2025-Aug-25 13:06:16.386 +02:00][ 1403: 1403][info ] DoKrispInitialize
[2025-Aug-25 13:06:16.717 +02:00][ 1403: 1403][info ] LoadDynamicKrisp
[2025-Aug-25 13:06:16.717 +02:00][ 1403: 1403][info ] Did not find KRISP_DYLIB_PATH, skipping dynamic loading
[2025-Aug-25 13:06:16.717 +02:00][ 1403: 1403][info ] Initializing Krisp SDK in PID 1403, addr 0x7f39db324a50
[2025-Aug-25 13:06:16.718 +02:00][ 1403: 1403][info ] Initialized Krisp SDK successfully
[2025-Aug-25 13:06:16.718 +02:00][ 1403: 1403][info ] Krisp SDK initialized
[2025-Aug-31 23:01:34.905 +02:00][ 1270: 1270][info ] Logging initialized
[2025-Aug-31 23:01:34.905 +02:00][ 1270: 1270][info ] Initializing krisp SDK...
[2025-Aug-31 23:01:34.905 +02:00][ 1270: 1270][info ] DoKrispInitialize
[2025-Aug-31 23:01:35.238 +02:00][ 1270: 1270][info ] LoadDynamicKrisp
[2025-Aug-31 23:01:35.238 +02:00][ 1270: 1270][info ] Did not find KRISP_DYLIB_PATH, skipping dynamic loading
[2025-Aug-31 23:01:35.238 +02:00][ 1270: 1270][info ] Initializing Krisp SDK in PID 1270, addr 0x7f3b7ad248d0
[2025-Aug-31 23:01:35.239 +02:00][ 1270: 1270][info ] Initialized Krisp SDK successfully
[2025-Aug-31 23:01:35.239 +02:00][ 1270: 1270][info ] Krisp SDK initialized
[2025-Sep-03 14:16:08.192 +02:00][ 2082: 2082][info ] Logging initialized
[2025-Sep-03 14:16:08.192 +02:00][ 2082: 2082][info ] Initializing krisp SDK...
[2025-Sep-03 14:16:08.192 +02:00][ 2082: 2082][info ] DoKrispInitialize
[2025-Sep-03 14:16:08.646 +02:00][ 2082: 2082][info ] LoadDynamicKrisp
[2025-Sep-03 14:16:08.646 +02:00][ 2082: 2082][info ] Did not find KRISP_DYLIB_PATH, skipping dynamic loading
[2025-Sep-03 14:16:08.646 +02:00][ 2082: 2082][info ] Initializing Krisp SDK in PID 2082, addr 0x7f1e62924e70
[2025-Sep-03 14:16:08.649 +02:00][ 2082: 2082][info ] Initialized Krisp SDK successfully
[2025-Sep-03 14:16:08.649 +02:00][ 2082: 2082][info ] Krisp SDK initialized
[2025-Sep-20 18:40:04.359 +02:00][ 1252: 1252][info ] Logging initialized
[2025-Sep-20 18:40:04.359 +02:00][ 1252: 1252][info ] Initializing krisp SDK...
[2025-Sep-20 18:40:04.359 +02:00][ 1252: 1252][info ] DoKrispInitialize
[2025-Sep-20 18:40:04.688 +02:00][ 1252: 1252][info ] LoadDynamicKrisp
[2025-Sep-20 18:40:04.688 +02:00][ 1252: 1252][info ] Did not find KRISP_DYLIB_PATH, skipping dynamic loading
[2025-Sep-20 18:40:04.688 +02:00][ 1252: 1252][info ] Initializing Krisp SDK in PID 1252, addr 0x7f7d1df24ff0
[2025-Sep-20 18:40:04.689 +02:00][ 1252: 1252][info ] Initialized Krisp SDK successfully
[2025-Sep-20 18:40:04.689 +02:00][ 1252: 1252][info ] Krisp SDK initialized
[2025-Oct-07 13:13:30.342 +02:00][ 1413: 1413][info ] Logging initialized
[2025-Oct-07 13:13:30.342 +02:00][ 1413: 1413][info ] Initializing krisp SDK...
[2025-Oct-07 13:13:30.342 +02:00][ 1413: 1413][info ] DoKrispInitialize
[2025-Oct-07 13:13:30.676 +02:00][ 1413: 1413][info ] LoadDynamicKrisp
[2025-Oct-07 13:13:30.676 +02:00][ 1413: 1413][info ] Did not find KRISP_DYLIB_PATH, skipping dynamic loading
[2025-Oct-07 13:13:30.676 +02:00][ 1413: 1413][info ] Initializing Krisp SDK in PID 1413, addr 0x7fe52983cf90
[2025-Oct-07 13:13:30.678 +02:00][ 1413: 1413][info ] Initialized Krisp SDK successfully
[2025-Oct-07 13:13:30.678 +02:00][ 1413: 1413][info ] Krisp SDK initialized
[2025-Oct-09 20:08:57.101 +02:00][80824:80824][info ] Logging initialized
[2025-Oct-09 20:08:57.101 +02:00][80824:80824][info ] Initializing krisp SDK...
[2025-Oct-09 20:08:57.101 +02:00][80824:80824][info ] DoKrispInitialize
[2025-Oct-09 20:08:57.428 +02:00][80824:80824][info ] LoadDynamicKrisp
[2025-Oct-09 20:08:57.428 +02:00][80824:80824][info ] Did not find KRISP_DYLIB_PATH, skipping dynamic loading
[2025-Oct-09 20:08:57.428 +02:00][80824:80824][info ] Initializing Krisp SDK in PID 80824, addr 0x7f0e8c63cf90
[2025-Oct-09 20:08:57.428 +02:00][80824:80824][info ] Initialized Krisp SDK successfully
[2025-Oct-09 20:08:57.428 +02:00][80824:80824][info ] Krisp SDK initialized
[2025-Oct-14 19:56:04.299 +02:00][ 1318: 1318][info ] Logging initialized
[2025-Oct-14 19:56:04.299 +02:00][ 1318: 1318][info ] Initializing krisp SDK...
[2025-Oct-14 19:56:04.299 +02:00][ 1318: 1318][info ] DoKrispInitialize
[2025-Oct-14 19:56:04.658 +02:00][ 1318: 1318][info ] LoadDynamicKrisp
[2025-Oct-14 19:56:04.658 +02:00][ 1318: 1318][info ] Did not find KRISP_DYLIB_PATH, skipping dynamic loading
[2025-Oct-14 19:56:04.658 +02:00][ 1318: 1318][info ] Initializing Krisp SDK in PID 1318, addr 0x7f675122cf90
[2025-Oct-14 19:56:04.660 +02:00][ 1318: 1318][info ] Initialized Krisp SDK successfully
[2025-Oct-14 19:56:04.660 +02:00][ 1318: 1318][info ] Krisp SDK initialized
[2025-Oct-15 17:17:56.539 +02:00][ 1318: 1353][info ] KrispNCSetup: sampleRate = 48000, duration = 10
[2025-Oct-15 17:17:56.539 +02:00][ 1318: 1353][info ] Setting Krisp model: full_NC
[2025-Oct-15 17:17:56.593 +02:00][ 1318: 1353][info ] KrispVADSetup: sampleRate = 48000, duration = 10
[2025-Oct-15 17:27:29.376 +02:00][ 1318: 1341][info ] KrispVADReset
[2025-Oct-15 18:25:10.414 +02:00][ 1318: 1353][info ] KrispVADSetup: sampleRate = 48000, duration = 10
[2025-Oct-15 22:45:24.763 +02:00][ 1318: 1341][info ] KrispVADReset
[2025-Oct-16 19:22:51.100 +02:00][ 1318: 1353][info ] KrispVADSetup: sampleRate = 48000, duration = 10
[2025-Oct-16 19:39:52.358 +02:00][ 1318: 1341][info ] KrispVADReset
[2025-Oct-26 20:48:08.846 +01:00][ 1312: 1312][info ] Logging initialized
[2025-Oct-26 20:48:08.846 +01:00][ 1312: 1312][info ] Initializing krisp SDK...
[2025-Oct-26 20:48:08.846 +01:00][ 1312: 1312][info ] DoKrispInitialize
[2025-Oct-26 20:48:09.250 +01:00][ 1312: 1312][info ] LoadDynamicKrisp
[2025-Oct-26 20:48:09.250 +01:00][ 1312: 1312][info ] Did not find KRISP_DYLIB_PATH, skipping dynamic loading
[2025-Oct-26 20:48:09.250 +01:00][ 1312: 1312][info ] Initializing Krisp SDK in PID 1312, addr 0x7fe08838cf90
[2025-Oct-26 20:48:09.252 +01:00][ 1312: 1312][info ] Initialized Krisp SDK successfully
[2025-Oct-26 20:48:09.252 +01:00][ 1312: 1312][info ] Krisp SDK initialized
[2025-Oct-31 19:35:10.402 +01:00][ 1312: 1354][info ] KrispNCSetup: sampleRate = 48000, duration = 10
[2025-Oct-31 19:35:10.404 +01:00][ 1312: 1354][info ] Setting Krisp model: full_NC
[2025-Oct-31 19:35:10.465 +01:00][ 1312: 1354][info ] KrispVADSetup: sampleRate = 48000, duration = 10
[2025-Nov-01 00:43:52.003 +01:00][ 1312: 1354][info ] KrispVADSetup: sampleRate = 48000, duration = 10
[2025-Nov-01 00:44:10.134 +01:00][ 1312: 1342][info ] KrispVADReset
[2025-Nov-01 00:44:10.136 +01:00][ 1312: 1354][info ] KrispVADSetup: sampleRate = 48000, duration = 10
[2025-Nov-01 00:44:14.293 +01:00][ 1312: 1342][info ] KrispVADReset
[2025-Nov-01 00:44:31.768 +01:00][ 1312: 1354][info ] KrispVADSetup: sampleRate = 48000, duration = 10
[2025-Nov-01 00:44:41.949 +01:00][ 1312: 1342][info ] KrispVADReset
[2025-Nov-01 00:44:41.965 +01:00][ 1312: 1354][info ] KrispVADSetup: sampleRate = 48000, duration = 10
[2025-Nov-01 00:44:48.878 +01:00][ 1312: 1342][info ] KrispVADReset
[2025-Nov-01 00:44:48.899 +01:00][ 1312: 1354][info ] KrispVADSetup: sampleRate = 48000, duration = 10
[2025-Nov-01 00:44:51.236 +01:00][ 1312: 1342][info ] KrispVADReset
[2025-Nov-01 01:31:35.035 +01:00][ 1312: 1342][info ] KrispVADReset
[2025-Nov-02 18:18:41.657 +01:00][ 1312: 1354][info ] KrispVADSetup: sampleRate = 48000, duration = 10
[2025-Nov-03 02:04:53.909 +01:00][ 1312: 1342][info ] KrispVADReset
[2025-Nov-06 20:17:45.467 +01:00][ 1312: 1354][info ] KrispVADSetup: sampleRate = 48000, duration = 10
[2025-Nov-06 22:00:57.537 +01:00][ 1312: 1342][info ] KrispVADReset
[2025-Nov-24 19:03:16.168 +01:00][ 1289: 1289][info ] Logging initialized
[2025-Nov-24 19:03:16.168 +01:00][ 1289: 1289][info ] Initializing krisp SDK...
[2025-Nov-24 19:03:16.168 +01:00][ 1289: 1289][info ] DoKrispInitialize
[2025-Nov-24 19:03:16.544 +01:00][ 1289: 1289][info ] LoadDynamicKrisp
[2025-Nov-24 19:03:16.544 +01:00][ 1289: 1289][info ] Did not find KRISP_DYLIB_PATH, skipping dynamic loading
[2025-Nov-24 19:03:16.544 +01:00][ 1289: 1289][info ] Initializing Krisp SDK in PID 1289, addr 0x7f1300c0cf90
[2025-Nov-24 19:03:16.546 +01:00][ 1289: 1289][info ] Initialized Krisp SDK successfully
[2025-Nov-24 19:03:16.546 +01:00][ 1289: 1289][info ] Krisp SDK initialized
[2025-Dec-15 12:38:36.907 +01:00][ 1324: 1324][info ] Logging initialized
[2025-Dec-15 12:38:36.907 +01:00][ 1324: 1324][info ] Initializing krisp SDK...
[2025-Dec-15 12:38:36.907 +01:00][ 1324: 1324][info ] DoKrispInitialize
[2025-Dec-15 12:38:37.283 +01:00][ 1324: 1324][info ] LoadDynamicKrisp
[2025-Dec-15 12:38:37.283 +01:00][ 1324: 1324][info ] Did not find KRISP_DYLIB_PATH, skipping dynamic loading
[2025-Dec-15 12:38:37.283 +01:00][ 1324: 1324][info ] Initializing Krisp SDK in PID 1324, addr 0x7e098224cf90
[2025-Dec-15 12:38:37.284 +01:00][ 1324: 1324][info ] Initialized Krisp SDK successfully
[2025-Dec-15 12:38:37.284 +01:00][ 1324: 1324][info ] Krisp SDK initialized
[2025-Dec-20 16:51:40.948 +01:00][ 1537: 1537][info ] Logging initialized
[2025-Dec-20 16:51:40.948 +01:00][ 1537: 1537][info ] Initializing krisp SDK...
[2025-Dec-20 16:51:40.948 +01:00][ 1537: 1537][info ] DoKrispInitialize
[2025-Dec-20 16:51:41.494 +01:00][ 1537: 1537][info ] LoadDynamicKrisp
[2025-Dec-20 16:51:41.494 +01:00][ 1537: 1537][info ] Did not find KRISP_DYLIB_PATH, skipping dynamic loading
[2025-Dec-20 16:51:41.494 +01:00][ 1537: 1537][info ] Initializing Krisp SDK in PID 1537, addr 0x7fddb766cf90
[2025-Dec-20 16:51:41.496 +01:00][ 1537: 1537][info ] Initialized Krisp SDK successfully
[2025-Dec-20 16:51:41.496 +01:00][ 1537: 1537][info ] Krisp SDK initialized
[2025-Dec-21 17:13:20.696 +01:00][ 1256: 1256][info ] Logging initialized
[2025-Dec-21 17:13:20.696 +01:00][ 1256: 1256][info ] Initializing krisp SDK...
[2025-Dec-21 17:13:20.696 +01:00][ 1256: 1256][info ] DoKrispInitialize
[2025-Dec-21 17:13:21.081 +01:00][ 1256: 1256][info ] LoadDynamicKrisp
[2025-Dec-21 17:13:21.081 +01:00][ 1256: 1256][info ] Did not find KRISP_DYLIB_PATH, skipping dynamic loading
[2025-Dec-21 17:13:21.081 +01:00][ 1256: 1256][info ] Initializing Krisp SDK in PID 1256, addr 0x7f77a915cf90
[2025-Dec-21 17:13:21.084 +01:00][ 1256: 1256][info ] Initialized Krisp SDK successfully
[2025-Dec-21 17:13:21.084 +01:00][ 1256: 1256][info ] Krisp SDK initialized
[2025-Dec-21 17:27:45.573 +01:00][ 7617: 7617][info ] Logging initialized
[2025-Dec-21 17:27:45.573 +01:00][ 7617: 7617][info ] Initializing krisp SDK...
[2025-Dec-21 17:27:45.573 +01:00][ 7617: 7617][info ] DoKrispInitialize
[2025-Dec-21 17:27:45.955 +01:00][ 7617: 7617][info ] LoadDynamicKrisp
[2025-Dec-21 17:27:45.955 +01:00][ 7617: 7617][info ] Did not find KRISP_DYLIB_PATH, skipping dynamic loading
[2025-Dec-21 17:27:45.955 +01:00][ 7617: 7617][info ] Initializing Krisp SDK in PID 7617, addr 0x7fe44983cf90
[2025-Dec-21 17:27:45.956 +01:00][ 7617: 7617][info ] Initialized Krisp SDK successfully
[2025-Dec-21 17:27:45.956 +01:00][ 7617: 7617][info ] Krisp SDK initialized
[2025-Dec-21 17:33:02.876 +01:00][ 1340: 1340][info ] Logging initialized
[2025-Dec-21 17:33:02.876 +01:00][ 1340: 1340][info ] Initializing krisp SDK...
[2025-Dec-21 17:33:02.876 +01:00][ 1340: 1340][info ] DoKrispInitialize
[2025-Dec-21 17:33:03.308 +01:00][ 1340: 1340][info ] LoadDynamicKrisp
[2025-Dec-21 17:33:03.308 +01:00][ 1340: 1340][info ] Did not find KRISP_DYLIB_PATH, skipping dynamic loading
[2025-Dec-21 17:33:03.308 +01:00][ 1340: 1340][info ] Initializing Krisp SDK in PID 1340, addr 0x7f77a1b3cf90
[2025-Dec-21 17:33:03.312 +01:00][ 1340: 1340][info ] Initialized Krisp SDK successfully
[2025-Dec-21 17:33:03.312 +01:00][ 1340: 1340][info ] Krisp SDK initialized
[2025-Dec-21 17:40:11.139 +01:00][ 1268: 1268][info ] Logging initialized
[2025-Dec-21 17:40:11.139 +01:00][ 1268: 1268][info ] Initializing krisp SDK...
[2025-Dec-21 17:40:11.139 +01:00][ 1268: 1268][info ] DoKrispInitialize
[2025-Dec-21 17:40:11.594 +01:00][ 1268: 1268][info ] LoadDynamicKrisp
[2025-Dec-21 17:40:11.594 +01:00][ 1268: 1268][info ] Did not find KRISP_DYLIB_PATH, skipping dynamic loading
[2025-Dec-21 17:40:11.594 +01:00][ 1268: 1268][info ] Initializing Krisp SDK in PID 1268, addr 0x7fec8e55cf90
[2025-Dec-21 17:40:11.599 +01:00][ 1268: 1268][info ] Initialized Krisp SDK successfully
[2025-Dec-21 17:40:11.599 +01:00][ 1268: 1268][info ] Krisp SDK initialized
[2025-Dec-21 17:41:45.006 +01:00][ 1287: 1287][info ] Logging initialized
[2025-Dec-21 17:41:45.006 +01:00][ 1287: 1287][info ] Initializing krisp SDK...
[2025-Dec-21 17:41:45.006 +01:00][ 1287: 1287][info ] DoKrispInitialize
[2025-Dec-21 17:41:45.458 +01:00][ 1287: 1287][info ] LoadDynamicKrisp
[2025-Dec-21 17:41:45.458 +01:00][ 1287: 1287][info ] Did not find KRISP_DYLIB_PATH, skipping dynamic loading
[2025-Dec-21 17:41:45.458 +01:00][ 1287: 1287][info ] Initializing Krisp SDK in PID 1287, addr 0x7fd181c6cf90
[2025-Dec-21 17:41:45.462 +01:00][ 1287: 1287][info ] Initialized Krisp SDK successfully
[2025-Dec-21 17:41:45.462 +01:00][ 1287: 1287][info ] Krisp SDK initialized
[2025-Dec-21 17:45:16.197 +01:00][ 1440: 1440][info ] Logging initialized
[2025-Dec-21 17:45:16.197 +01:00][ 1440: 1440][info ] Initializing krisp SDK...
[2025-Dec-21 17:45:16.197 +01:00][ 1440: 1440][info ] DoKrispInitialize
[2025-Dec-21 17:45:16.642 +01:00][ 1440: 1440][info ] LoadDynamicKrisp
[2025-Dec-21 17:45:16.642 +01:00][ 1440: 1440][info ] Did not find KRISP_DYLIB_PATH, skipping dynamic loading
[2025-Dec-21 17:45:16.642 +01:00][ 1440: 1440][info ] Initializing Krisp SDK in PID 1440, addr 0x7f99fc76cf90
[2025-Dec-21 17:45:16.646 +01:00][ 1440: 1440][info ] Initialized Krisp SDK successfully
[2025-Dec-21 17:45:16.646 +01:00][ 1440: 1440][info ] Krisp SDK initialized
[2025-Dec-21 17:50:48.312 +01:00][ 1275: 1275][info ] Logging initialized
[2025-Dec-21 17:50:48.312 +01:00][ 1275: 1275][info ] Initializing krisp SDK...
[2025-Dec-21 17:50:48.312 +01:00][ 1275: 1275][info ] DoKrispInitialize
[2025-Dec-21 17:50:48.747 +01:00][ 1275: 1275][info ] LoadDynamicKrisp
[2025-Dec-21 17:50:48.747 +01:00][ 1275: 1275][info ] Did not find KRISP_DYLIB_PATH, skipping dynamic loading
[2025-Dec-21 17:50:48.747 +01:00][ 1275: 1275][info ] Initializing Krisp SDK in PID 1275, addr 0x7f60b655cf90
[2025-Dec-21 17:50:48.750 +01:00][ 1275: 1275][info ] Initialized Krisp SDK successfully
[2025-Dec-21 17:50:48.750 +01:00][ 1275: 1275][info ] Krisp SDK initialized
[2025-Dec-21 18:06:07.074 +01:00][ 1263: 1263][info ] Logging initialized
[2025-Dec-21 18:06:07.074 +01:00][ 1263: 1263][info ] Initializing krisp SDK...
[2025-Dec-21 18:06:07.074 +01:00][ 1263: 1263][info ] DoKrispInitialize
[2025-Dec-21 18:06:07.526 +01:00][ 1263: 1263][info ] LoadDynamicKrisp
[2025-Dec-21 18:06:07.526 +01:00][ 1263: 1263][info ] Did not find KRISP_DYLIB_PATH, skipping dynamic loading
[2025-Dec-21 18:06:07.526 +01:00][ 1263: 1263][info ] Initializing Krisp SDK in PID 1263, addr 0x7f545aa3cf90
[2025-Dec-21 18:06:07.530 +01:00][ 1263: 1263][info ] Initialized Krisp SDK successfully
[2025-Dec-21 18:06:07.530 +01:00][ 1263: 1263][info ] Krisp SDK initialized
[2025-Dec-21 18:12:55.203 +01:00][ 3165: 3165][info ] Logging initialized
[2025-Dec-21 18:12:55.203 +01:00][ 3165: 3165][info ] Initializing krisp SDK...
[2025-Dec-21 18:12:55.203 +01:00][ 3165: 3165][info ] DoKrispInitialize
[2025-Dec-21 18:12:57.489 +01:00][ 3165: 3165][info ] LoadDynamicKrisp
[2025-Dec-21 18:12:57.489 +01:00][ 3165: 3165][info ] Did not find KRISP_DYLIB_PATH, skipping dynamic loading
[2025-Dec-21 18:12:57.489 +01:00][ 3165: 3165][info ] Initializing Krisp SDK in PID 3165, addr 0x7fbdad93cf90
[2025-Dec-21 18:12:57.489 +01:00][ 3165: 3165][info ] Initialized Krisp SDK successfully
[2025-Dec-21 18:12:57.489 +01:00][ 3165: 3165][info ] Krisp SDK initialized
[2025-Dec-21 18:14:23.649 +01:00][ 1389: 1389][info ] Logging initialized
[2025-Dec-21 18:14:23.649 +01:00][ 1389: 1389][info ] Initializing krisp SDK...
[2025-Dec-21 18:14:23.649 +01:00][ 1389: 1389][info ] DoKrispInitialize
[2025-Dec-21 18:14:24.102 +01:00][ 1389: 1389][info ] LoadDynamicKrisp
[2025-Dec-21 18:14:24.102 +01:00][ 1389: 1389][info ] Did not find KRISP_DYLIB_PATH, skipping dynamic loading
[2025-Dec-21 18:14:24.102 +01:00][ 1389: 1389][info ] Initializing Krisp SDK in PID 1389, addr 0x7f4a8646cf90
[2025-Dec-21 18:14:24.107 +01:00][ 1389: 1389][info ] Initialized Krisp SDK successfully
[2025-Dec-21 18:14:24.107 +01:00][ 1389: 1389][info ] Krisp SDK initialized
[2025-Dec-21 18:18:54.347 +01:00][ 3075: 3075][info ] Logging initialized
[2025-Dec-21 18:18:54.347 +01:00][ 3075: 3075][info ] Initializing krisp SDK...
[2025-Dec-21 18:18:54.347 +01:00][ 3075: 3075][info ] DoKrispInitialize
[2025-Dec-21 18:18:56.586 +01:00][ 3075: 3075][info ] LoadDynamicKrisp
[2025-Dec-21 18:18:56.586 +01:00][ 3075: 3075][info ] Did not find KRISP_DYLIB_PATH, skipping dynamic loading
[2025-Dec-21 18:18:56.586 +01:00][ 3075: 3075][info ] Initializing Krisp SDK in PID 3075, addr 0x7f919267cf90
[2025-Dec-21 18:18:56.586 +01:00][ 3075: 3075][info ] Initialized Krisp SDK successfully
[2025-Dec-21 18:18:56.586 +01:00][ 3075: 3075][info ] Krisp SDK initialized
[2025-Dec-21 18:20:10.302 +01:00][ 1322: 1322][info ] Logging initialized
[2025-Dec-21 18:20:10.302 +01:00][ 1322: 1322][info ] Initializing krisp SDK...
[2025-Dec-21 18:20:10.302 +01:00][ 1322: 1322][info ] DoKrispInitialize
[2025-Dec-21 18:20:10.815 +01:00][ 1322: 1322][info ] LoadDynamicKrisp
[2025-Dec-21 18:20:10.815 +01:00][ 1322: 1322][info ] Did not find KRISP_DYLIB_PATH, skipping dynamic loading
[2025-Dec-21 18:20:10.815 +01:00][ 1322: 1322][info ] Initializing Krisp SDK in PID 1322, addr 0x7f53736acf90
[2025-Dec-21 18:20:10.819 +01:00][ 1322: 1322][info ] Initialized Krisp SDK successfully
[2025-Dec-21 18:20:10.819 +01:00][ 1322: 1322][info ] Krisp SDK initialized
[2025-Dec-21 18:24:31.561 +01:00][ 1279: 1279][info ] Logging initialized
[2025-Dec-21 18:24:31.561 +01:00][ 1279: 1279][info ] Initializing krisp SDK...
[2025-Dec-21 18:24:31.561 +01:00][ 1279: 1279][info ] DoKrispInitialize
[2025-Dec-21 18:24:32.011 +01:00][ 1279: 1279][info ] LoadDynamicKrisp
[2025-Dec-21 18:24:32.011 +01:00][ 1279: 1279][info ] Did not find KRISP_DYLIB_PATH, skipping dynamic loading
[2025-Dec-21 18:24:32.011 +01:00][ 1279: 1279][info ] Initializing Krisp SDK in PID 1279, addr 0x7f4c3af5cf90
[2025-Dec-21 18:24:32.014 +01:00][ 1279: 1279][info ] Initialized Krisp SDK successfully
[2025-Dec-21 18:24:32.014 +01:00][ 1279: 1279][info ] Krisp SDK initialized
[2025-Dec-21 18:37:06.482 +01:00][ 1275: 1275][info ] Logging initialized
[2025-Dec-21 18:37:06.482 +01:00][ 1275: 1275][info ] Initializing krisp SDK...
[2025-Dec-21 18:37:06.482 +01:00][ 1275: 1275][info ] DoKrispInitialize
[2025-Dec-21 18:37:07.107 +01:00][ 1275: 1275][info ] LoadDynamicKrisp
[2025-Dec-21 18:37:07.107 +01:00][ 1275: 1275][info ] Did not find KRISP_DYLIB_PATH, skipping dynamic loading
[2025-Dec-21 18:37:07.107 +01:00][ 1275: 1275][info ] Initializing Krisp SDK in PID 1275, addr 0x7f1ee5e6cf90
[2025-Dec-21 18:37:07.113 +01:00][ 1275: 1275][info ] Initialized Krisp SDK successfully
[2025-Dec-21 18:37:07.113 +01:00][ 1275: 1275][info ] Krisp SDK initialized
[2025-Dec-23 11:14:46.645 +01:00][ 1490: 1490][info ] Logging initialized
[2025-Dec-23 11:14:46.645 +01:00][ 1490: 1490][info ] Initializing krisp SDK...
[2025-Dec-23 11:14:46.645 +01:00][ 1490: 1490][info ] DoKrispInitialize
[2025-Dec-23 11:14:47.079 +01:00][ 1490: 1490][info ] LoadDynamicKrisp
[2025-Dec-23 11:14:47.079 +01:00][ 1490: 1490][info ] Did not find KRISP_DYLIB_PATH, skipping dynamic loading
[2025-Dec-23 11:14:47.079 +01:00][ 1490: 1490][info ] Initializing Krisp SDK in PID 1490, addr 0x7f44f10acf90
[2025-Dec-23 11:14:47.084 +01:00][ 1490: 1490][info ] Initialized Krisp SDK successfully
[2025-Dec-23 11:14:47.084 +01:00][ 1490: 1490][info ] Krisp SDK initialized
[2025-Dec-23 11:30:02.698 +01:00][ 1265: 1265][info ] Logging initialized
[2025-Dec-23 11:30:02.698 +01:00][ 1265: 1265][info ] Initializing krisp SDK...
[2025-Dec-23 11:30:02.698 +01:00][ 1265: 1265][info ] DoKrispInitialize
[2025-Dec-23 11:30:03.142 +01:00][ 1265: 1265][info ] LoadDynamicKrisp
[2025-Dec-23 11:30:03.142 +01:00][ 1265: 1265][info ] Did not find KRISP_DYLIB_PATH, skipping dynamic loading
[2025-Dec-23 11:30:03.142 +01:00][ 1265: 1265][info ] Initializing Krisp SDK in PID 1265, addr 0x7fcb8996cf90
[2025-Dec-23 11:30:03.146 +01:00][ 1265: 1265][info ] Initialized Krisp SDK successfully
[2025-Dec-23 11:30:03.146 +01:00][ 1265: 1265][info ] Krisp SDK initialized
[2025-Dec-23 11:39:05.780 +01:00][ 1424: 1424][info ] Logging initialized
[2025-Dec-23 11:39:05.780 +01:00][ 1424: 1424][info ] Initializing krisp SDK...
[2025-Dec-23 11:39:05.780 +01:00][ 1424: 1424][info ] DoKrispInitialize
[2025-Dec-23 11:39:06.235 +01:00][ 1424: 1424][info ] LoadDynamicKrisp
[2025-Dec-23 11:39:06.235 +01:00][ 1424: 1424][info ] Did not find KRISP_DYLIB_PATH, skipping dynamic loading
[2025-Dec-23 11:39:06.235 +01:00][ 1424: 1424][info ] Initializing Krisp SDK in PID 1424, addr 0x7f5bfd35cf90
[2025-Dec-23 11:39:06.238 +01:00][ 1424: 1424][info ] Initialized Krisp SDK successfully
[2025-Dec-23 11:39:06.238 +01:00][ 1424: 1424][info ] Krisp SDK initialized
[2026-Jan-07 13:22:19.452 +01:00][ 1259: 1259][info ] Logging initialized
[2026-Jan-07 13:22:19.452 +01:00][ 1259: 1259][info ] Initializing krisp SDK...
[2026-Jan-07 13:22:19.452 +01:00][ 1259: 1259][info ] DoKrispInitialize
[2026-Jan-07 13:22:19.892 +01:00][ 1259: 1259][info ] LoadDynamicKrisp
[2026-Jan-07 13:22:19.892 +01:00][ 1259: 1259][info ] Did not find KRISP_DYLIB_PATH, skipping dynamic loading
[2026-Jan-07 13:22:19.892 +01:00][ 1259: 1259][info ] Initializing Krisp SDK in PID 1259, addr 0x7fab99aacf90
[2026-Jan-07 13:22:19.896 +01:00][ 1259: 1259][info ] Initialized Krisp SDK successfully
[2026-Jan-07 13:22:19.896 +01:00][ 1259: 1259][info ] Krisp SDK initialized
[2026-Jan-11 00:33:04.025 +01:00][ 1396: 1396][info ] Logging initialized
[2026-Jan-11 00:33:04.025 +01:00][ 1396: 1396][info ] Initializing krisp SDK...
[2026-Jan-11 00:33:04.025 +01:00][ 1396: 1396][info ] DoKrispInitialize
[2026-Jan-11 00:33:04.469 +01:00][ 1396: 1396][info ] LoadDynamicKrisp
[2026-Jan-11 00:33:04.469 +01:00][ 1396: 1396][info ] Did not find KRISP_DYLIB_PATH, skipping dynamic loading
[2026-Jan-11 00:33:04.469 +01:00][ 1396: 1396][info ] Initializing Krisp SDK in PID 1396, addr 0x7f6f5578cf90
[2026-Jan-11 00:33:04.472 +01:00][ 1396: 1396][info ] Initialized Krisp SDK successfully
[2026-Jan-11 00:33:04.472 +01:00][ 1396: 1396][info ] Krisp SDK initialized
