2025-11-12 17:46:55.756 [info] Reading sessions from keychain...
2025-11-12 17:46:55.756 [info] Getting sessions for all scopes...
2025-11-12 17:46:55.813 [info] Got stored sessions!
2025-11-12 17:46:55.813 [info] Got 1 verified sessions.
2025-11-12 17:46:55.813 [info] Got 1 sessions for ...
2025-11-12 17:46:55.813 [info] Getting sessions for all scopes...
2025-11-12 17:46:55.814 [info] Got 1 sessions for ...
2025-11-12 17:46:55.814 [info] Getting sessions for all scopes...
2025-11-12 17:46:55.814 [info] Got 1 sessions for ...
2025-11-12 17:46:55.814 [info] Getting sessions for all scopes...
2025-11-12 17:46:55.814 [info] Got 1 sessions for ...
2025-11-12 17:46:55.814 [info] Getting sessions for all scopes...
2025-11-12 17:46:55.814 [info] Got 1 sessions for ...
2025-11-12 17:46:55.814 [info] Getting sessions for all scopes...
2025-11-12 17:46:55.814 [info] Got 1 sessions for ...
2025-11-12 17:46:55.814 [info] Getting sessions for all scopes...
2025-11-12 17:46:55.814 [info] Got 1 sessions for ...
2025-11-12 17:46:55.844 [info] Getting sessions for all scopes...
2025-11-12 17:46:55.844 [info] Got 1 sessions for ...
2025-11-12 17:46:55.845 [info] Getting sessions for all scopes...
2025-11-12 17:46:55.845 [info] Got 1 sessions for ...
2025-11-12 17:46:55.845 [info] Getting sessions for all scopes...
2025-11-12 17:46:55.845 [info] Got 1 sessions for ...
2025-11-12 17:46:55.845 [info] Getting sessions for all scopes...
2025-11-12 17:46:55.845 [info] Got 1 sessions for ...
2025-11-12 17:46:55.846 [info] Getting sessions for all scopes...
2025-11-12 17:46:55.846 [info] Got 1 sessions for ...
2025-11-12 17:46:55.846 [info] Getting sessions for all scopes...
2025-11-12 17:46:55.846 [info] Got 1 sessions for ...
2025-11-12 17:46:55.966 [info] Getting sessions for all scopes...
2025-11-12 17:46:55.967 [info] Got 1 sessions for ...
2025-11-12 17:47:00.181 [info] Getting sessions for all scopes...
2025-11-12 17:47:00.181 [info] Got 1 sessions for ...
2025-11-12 17:47:00.208 [info] Getting sessions for all scopes...
2025-11-12 17:47:00.208 [info] Got 1 sessions for ...
2025-11-12 17:47:00.208 [info] Getting sessions for all scopes...
2025-11-12 17:47:00.208 [info] Got 1 sessions for ...
2025-11-12 17:47:00.210 [info] Getting sessions for all scopes...
2025-11-12 17:47:00.210 [info] Got 1 sessions for ...
2025-11-12 17:47:00.331 [info] Getting sessions for all scopes...
2025-11-12 17:47:00.331 [info] Got 1 sessions for ...
2025-11-12 17:47:00.332 [info] Getting sessions for all scopes...
2025-11-12 17:47:00.332 [info] Got 1 sessions for ...
2025-11-12 17:47:00.773 [info] FetcherService: Electron fetch failed with status: 429 
2025-11-12 17:47:01.267 [info] Getting sessions for all scopes...
2025-11-12 17:47:01.267 [info] Got 1 sessions for ...
2025-11-12 17:47:01.268 [info] Getting sessions for read:user,repo,user:email,workflow...
2025-11-12 17:47:01.268 [info] Got 1 sessions for read:user,repo,user:email,workflow...
2025-11-12 17:47:01.308 [info] Getting sessions for read:user,repo,user:email,workflow...
2025-11-12 17:47:01.308 [info] Got 1 sessions for read:user,repo,user:email,workflow...
2025-11-12 17:47:01.322 [info] Getting sessions for all scopes...
2025-11-12 17:47:01.323 [info] Got 1 sessions for ...
2025-11-12 17:47:01.388 [info] Getting sessions for all scopes...
2025-11-12 17:47:01.388 [info] Got 1 sessions for ...
2025-11-12 17:47:01.388 [info] Getting sessions for read:user,repo,user:email,workflow...
2025-11-12 17:47:01.388 [info] Got 1 sessions for read:user,repo,user:email,workflow...
2025-11-12 17:47:01.529 [info] Getting sessions for all scopes...
2025-11-12 17:47:01.529 [info] Got 1 sessions for ...
2025-11-12 17:47:01.717 [info] Getting sessions for all scopes...
2025-11-12 17:47:01.717 [info] Got 1 sessions for ...
2025-11-12 17:47:01.717 [info] Getting sessions for all scopes...
2025-11-12 17:47:01.717 [info] Got 1 sessions for ...
2025-11-12 17:47:01.727 [info] Getting sessions for read:user,repo,user:email,workflow...
2025-11-12 17:47:01.727 [info] Got 1 sessions for read:user,repo,user:email,workflow...
2025-11-12 17:47:01.780 [info] FetcherService: Node fetch failed with status: 429 Too Many Requests
2025-11-12 17:47:01.812 [info] Getting sessions for all scopes...
2025-11-12 17:47:01.812 [info] Got 1 sessions for ...
2025-11-12 17:47:01.816 [info] Getting sessions for all scopes...
2025-11-12 17:47:01.816 [info] Got 1 sessions for ...
2025-11-12 17:47:01.817 [info] Getting sessions for all scopes...
2025-11-12 17:47:01.817 [info] Got 1 sessions for ...
2025-11-12 17:47:01.822 [info] Getting sessions for read:user,repo,user:email,workflow...
2025-11-12 17:47:01.822 [info] Got 1 sessions for read:user,repo,user:email,workflow...
2025-11-12 17:47:02.120 [info] FetcherService: Node http/s failed with status: 429 Too Many Requests
2025-11-12 17:47:02.591 [info] Getting sessions for all scopes...
2025-11-12 17:47:02.591 [info] Got 1 sessions for ...
2025-11-12 17:48:54.577 [info] Getting sessions for read:user,repo,user:email,workflow...
2025-11-12 17:48:54.577 [info] Got 1 sessions for read:user,repo,user:email,workflow...
