2025-10-27 12:13:58.182 [info] update#setState idle
2025-10-27 12:14:28.181 [info] update#setState checking for updates
2025-10-27 12:14:28.243 [info] update#setState idle
2025-10-27 13:14:28.183 [info] update#setState checking for updates
2025-10-27 13:14:28.394 [info] update#setState idle
2025-10-27 14:14:28.186 [info] update#setState checking for updates
2025-10-27 14:14:28.452 [info] update#setState idle
2025-10-27 15:14:28.189 [info] update#setState checking for updates
2025-10-27 15:14:28.291 [info] update#setState idle
2025-10-27 16:14:28.191 [info] update#setState checking for updates
2025-10-27 16:14:28.459 [info] update#setState idle
2025-10-27 17:14:28.194 [info] update#setState checking for updates
2025-10-27 17:14:28.412 [info] update#setState idle
2025-10-27 18:14:28.196 [info] update#setState checking for updates
2025-10-27 18:14:28.572 [info] update#setState idle
2025-10-27 19:14:28.199 [info] update#setState checking for updates
2025-10-27 19:14:28.390 [info] update#setState idle
2025-10-27 20:14:28.201 [info] update#setState checking for updates
2025-10-27 20:14:28.289 [info] update#setState idle
2025-10-27 21:14:28.203 [info] update#setState checking for updates
2025-10-27 21:14:28.537 [info] update#setState idle
2025-10-28 00:18:53.816 [info] update#setState checking for updates
2025-10-28 00:18:54.001 [info] update#setState idle
2025-10-28 01:18:53.819 [info] update#setState checking for updates
2025-10-28 01:18:54.152 [info] update#setState idle
2025-10-28 15:32:33.898 [info] update#setState checking for updates
2025-10-28 15:32:34.148 [info] update#setState idle
2025-10-28 16:32:33.904 [info] update#setState checking for updates
2025-10-28 16:32:34.202 [info] update#setState idle
2025-10-28 17:32:33.908 [info] update#setState checking for updates
2025-10-28 17:32:34.202 [info] update#setState idle
2025-10-28 18:32:33.914 [info] update#setState checking for updates
2025-10-28 18:32:34.251 [info] update#setState idle
2025-10-29 16:40:11.789 [info] update#setState checking for updates
2025-10-29 16:40:12.029 [info] update#setState idle
2025-10-29 17:40:11.793 [info] update#setState checking for updates
2025-10-29 17:40:11.868 [error] #19: https://update.code.visualstudio.com/api/update/linux-x64/stable/7d842fb85a0275a4a8e4d7e040d2625abbf7f084?bg=true - error undefined net::ERR_NAME_NOT_RESOLVED
2025-10-29 17:40:11.871 [error] Error: net::ERR_NAME_NOT_RESOLVED
    at SimpleURLLoaderWrapper.<anonymous> (node:electron/js2c/browser_init:2:123921)
    at SimpleURLLoaderWrapper.emit (node:events:519:28)
2025-10-29 17:40:11.872 [info] update#setState idle
2025-10-29 18:40:11.795 [info] update#setState checking for updates
2025-10-29 18:40:12.008 [error] #20: https://update.code.visualstudio.com/api/update/linux-x64/stable/7d842fb85a0275a4a8e4d7e040d2625abbf7f084?bg=true - error undefined net::ERR_NAME_NOT_RESOLVED
2025-10-29 18:40:12.009 [error] Error: net::ERR_NAME_NOT_RESOLVED
    at SimpleURLLoaderWrapper.<anonymous> (node:electron/js2c/browser_init:2:123921)
    at SimpleURLLoaderWrapper.emit (node:events:519:28)
2025-10-29 18:40:12.009 [info] update#setState idle
2025-10-29 19:40:11.797 [info] update#setState checking for updates
2025-10-29 19:42:25.745 [error] #21: https://update.code.visualstudio.com/api/update/linux-x64/stable/7d842fb85a0275a4a8e4d7e040d2625abbf7f084?bg=true - error undefined net::ERR_CONNECTION_TIMED_OUT
2025-10-29 19:42:25.746 [error] Error: net::ERR_CONNECTION_TIMED_OUT
    at SimpleURLLoaderWrapper.<anonymous> (node:electron/js2c/browser_init:2:123921)
    at SimpleURLLoaderWrapper.emit (node:events:519:28)
2025-10-29 19:42:25.746 [info] update#setState idle
2025-10-29 20:40:11.797 [info] update#setState checking for updates
2025-10-29 20:40:11.870 [error] #22: https://update.code.visualstudio.com/api/update/linux-x64/stable/7d842fb85a0275a4a8e4d7e040d2625abbf7f084?bg=true - error undefined net::ERR_NAME_NOT_RESOLVED
2025-10-29 20:40:11.871 [error] Error: net::ERR_NAME_NOT_RESOLVED
    at SimpleURLLoaderWrapper.<anonymous> (node:electron/js2c/browser_init:2:123921)
    at SimpleURLLoaderWrapper.emit (node:events:519:28)
2025-10-29 20:40:11.871 [info] update#setState idle
2025-10-29 21:40:11.802 [info] update#setState checking for updates
2025-10-29 21:40:12.019 [info] update#setState idle
2025-10-30 22:15:11.812 [info] update#setState checking for updates
2025-10-30 22:15:11.911 [info] update#setState idle
2025-10-30 23:15:11.814 [info] update#setState checking for updates
2025-10-30 23:15:11.964 [info] update#setState idle
2025-10-31 00:15:11.819 [info] update#setState checking for updates
2025-10-31 00:15:11.996 [info] update#setState idle
2025-10-31 09:42:26.772 [info] update#setState checking for updates
2025-10-31 09:42:27.019 [info] update#setState idle
2025-10-31 18:47:17.447 [info] update#setState checking for updates
2025-10-31 18:47:17.584 [info] update#setState idle
2025-10-31 19:47:17.450 [info] update#setState checking for updates
2025-10-31 19:47:17.613 [info] update#setState idle
2025-10-31 20:47:17.455 [info] update#setState checking for updates
2025-10-31 20:47:17.542 [info] update#setState idle
2025-10-31 21:47:17.458 [info] update#setState checking for updates
2025-10-31 21:47:17.668 [info] update#setState idle
2025-10-31 22:47:17.462 [info] update#setState checking for updates
2025-10-31 22:47:17.841 [info] update#setState idle
2025-10-31 23:47:17.463 [info] update#setState checking for updates
2025-10-31 23:47:17.574 [info] update#setState idle
2025-11-01 00:47:17.465 [info] update#setState checking for updates
2025-11-01 00:47:17.566 [info] update#setState idle
2025-11-01 16:36:05.369 [info] update#setState checking for updates
2025-11-01 16:36:05.586 [info] update#setState idle
2025-11-01 17:36:05.373 [info] update#setState checking for updates
2025-11-01 17:36:05.499 [info] update#setState idle
2025-11-01 18:36:05.376 [info] update#setState checking for updates
2025-11-01 18:36:05.715 [info] update#setState idle
2025-11-01 19:36:05.378 [info] update#setState checking for updates
2025-11-01 19:36:05.671 [info] update#setState idle
2025-11-01 20:36:05.384 [info] update#setState checking for updates
2025-11-01 20:36:05.625 [info] update#setState idle
2025-11-01 21:36:05.387 [info] update#setState checking for updates
2025-11-01 21:36:05.573 [info] update#setState idle
2025-11-02 09:03:35.552 [info] Extension host with pid 14674 exited with code: 0, signal: unknown.
2025-11-02 09:03:35.773 [error] [UtilityProcess id: 1, type: fileWatcher, pid: 14687]: crashed with code 15 and reason 'killed'
2025-11-02 09:05:04.219 [info] Extension host with pid 256347 exited with code: 0, signal: unknown.
2025-11-02 09:05:04.262 [error] [UtilityProcess id: 1, type: fileWatcher, pid: 256335]: crashed with code 15 and reason 'killed'
