2025-11-17 18:23:12.389 [info] Reading sessions from keychain...
2025-11-17 18:23:12.389 [info] Getting sessions for all scopes...
2025-11-17 18:23:12.446 [info] Got stored sessions!
2025-11-17 18:23:12.446 [info] Got 1 verified sessions.
2025-11-17 18:23:12.446 [info] Got 1 sessions for ...
2025-11-17 18:23:12.446 [info] Getting sessions for all scopes...
2025-11-17 18:23:12.446 [info] Got 1 sessions for ...
2025-11-17 18:23:12.446 [info] Getting sessions for all scopes...
2025-11-17 18:23:12.446 [info] Got 1 sessions for ...
2025-11-17 18:23:12.446 [info] Getting sessions for all scopes...
2025-11-17 18:23:12.447 [info] Got 1 sessions for ...
2025-11-17 18:23:12.447 [info] Getting sessions for all scopes...
2025-11-17 18:23:12.447 [info] Got 1 sessions for ...
2025-11-17 18:23:12.447 [info] Getting sessions for all scopes...
2025-11-17 18:23:12.447 [info] Got 1 sessions for ...
2025-11-17 18:23:12.447 [info] Getting sessions for all scopes...
2025-11-17 18:23:12.447 [info] Got 1 sessions for ...
2025-11-17 18:23:12.549 [info] Getting sessions for all scopes...
2025-11-17 18:23:12.549 [info] Got 1 sessions for ...
2025-11-17 18:23:12.549 [info] Getting sessions for all scopes...
2025-11-17 18:23:12.549 [info] Got 1 sessions for ...
2025-11-17 18:23:12.549 [info] Getting sessions for all scopes...
2025-11-17 18:23:12.549 [info] Got 1 sessions for ...
2025-11-17 18:23:12.549 [info] Getting sessions for all scopes...
2025-11-17 18:23:12.549 [info] Got 1 sessions for ...
2025-11-17 18:23:12.549 [info] Getting sessions for all scopes...
2025-11-17 18:23:12.549 [info] Got 1 sessions for ...
2025-11-17 18:23:12.550 [info] Getting sessions for all scopes...
2025-11-17 18:23:12.550 [info] Got 1 sessions for ...
2025-11-17 18:23:12.742 [info] Getting sessions for all scopes...
2025-11-17 18:23:12.742 [info] Got 1 sessions for ...
2025-11-17 18:23:15.333 [info] Getting sessions for all scopes...
2025-11-17 18:23:15.333 [info] Got 1 sessions for ...
2025-11-17 18:23:15.347 [info] Getting sessions for all scopes...
2025-11-17 18:23:15.347 [info] Got 1 sessions for ...
2025-11-17 18:23:15.347 [info] Getting sessions for all scopes...
2025-11-17 18:23:15.347 [info] Got 1 sessions for ...
2025-11-17 18:23:15.347 [info] Getting sessions for all scopes...
2025-11-17 18:23:15.347 [info] Got 1 sessions for ...
2025-11-17 18:23:15.480 [info] Getting sessions for all scopes...
2025-11-17 18:23:15.480 [info] Got 1 sessions for ...
2025-11-17 18:23:15.480 [info] Getting sessions for all scopes...
2025-11-17 18:23:15.480 [info] Got 1 sessions for ...
2025-11-17 18:23:15.750 [info] FetcherService: Electron fetch failed with status: 429 
2025-11-17 18:23:16.193 [info] Getting sessions for read:user,repo,user:email,workflow...
2025-11-17 18:23:16.194 [info] Got 1 sessions for read:user,repo,user:email,workflow...
2025-11-17 18:23:16.194 [info] Getting sessions for all scopes...
2025-11-17 18:23:16.194 [info] Got 1 sessions for ...
2025-11-17 18:23:16.201 [info] Getting sessions for all scopes...
2025-11-17 18:23:16.201 [info] Got 1 sessions for ...
2025-11-17 18:23:16.201 [info] Getting sessions for read:user,repo,user:email,workflow...
2025-11-17 18:23:16.201 [info] Got 1 sessions for read:user,repo,user:email,workflow...
2025-11-17 18:23:16.275 [info] Getting sessions for all scopes...
2025-11-17 18:23:16.275 [info] Got 1 sessions for ...
2025-11-17 18:23:16.456 [info] Getting sessions for read:user,repo,user:email,workflow...
2025-11-17 18:23:16.457 [info] Got 1 sessions for read:user,repo,user:email,workflow...
2025-11-17 18:23:16.463 [info] Getting sessions for all scopes...
2025-11-17 18:23:16.463 [info] Got 1 sessions for ...
2025-11-17 18:23:16.464 [info] Getting sessions for all scopes...
2025-11-17 18:23:16.464 [info] Got 1 sessions for ...
2025-11-17 18:23:16.497 [info] Getting sessions for read:user,repo,user:email,workflow...
2025-11-17 18:23:16.497 [info] Got 1 sessions for read:user,repo,user:email,workflow...
2025-11-17 18:23:16.688 [info] FetcherService: Node fetch failed with status: 429 Too Many Requests
2025-11-17 18:23:16.918 [info] Getting sessions for all scopes...
2025-11-17 18:23:16.918 [info] Got 1 sessions for ...
2025-11-17 18:23:16.919 [info] Getting sessions for all scopes...
2025-11-17 18:23:16.919 [info] Got 1 sessions for ...
2025-11-17 18:23:16.928 [info] Getting sessions for read:user,repo,user:email,workflow...
2025-11-17 18:23:16.928 [info] Got 1 sessions for read:user,repo,user:email,workflow...
2025-11-17 18:23:16.988 [info] Getting sessions for all scopes...
2025-11-17 18:23:16.988 [info] Got 1 sessions for ...
2025-11-17 18:23:16.989 [info] Getting sessions for all scopes...
2025-11-17 18:23:16.989 [info] Got 1 sessions for ...
2025-11-17 18:23:16.991 [info] FetcherService: Node http/s failed with status: 429 Too Many Requests
2025-11-17 18:23:16.995 [info] Getting sessions for all scopes...
2025-11-17 18:23:16.995 [info] Got 1 sessions for ...
2025-11-17 18:23:17.062 [info] Getting sessions for read:user,repo,user:email,workflow...
2025-11-17 18:23:17.062 [info] Got 1 sessions for read:user,repo,user:email,workflow...
2025-11-17 18:23:17.497 [info] Getting sessions for all scopes...
2025-11-17 18:23:17.497 [info] Got 1 sessions for ...
2025-11-17 18:34:30.458 [info] Reading sessions from keychain...
2025-11-17 18:34:30.458 [info] Got stored sessions!
2025-11-17 18:34:30.458 [info] Got 1 verified sessions.
2025-11-17 18:34:30.458 [info] Getting sessions for all scopes...
2025-11-17 18:34:30.458 [info] Got 1 sessions for ...
2025-11-17 18:34:30.458 [info] Getting sessions for all scopes...
2025-11-17 18:34:30.458 [info] Got 1 sessions for ...
2025-11-17 18:34:30.458 [info] Getting sessions for all scopes...
2025-11-17 18:34:30.458 [info] Got 1 sessions for ...
2025-11-17 18:34:30.458 [info] Getting sessions for all scopes...
2025-11-17 18:34:30.458 [info] Got 1 sessions for ...
2025-11-17 18:34:30.458 [info] Getting sessions for all scopes...
2025-11-17 18:34:30.458 [info] Got 1 sessions for ...
2025-11-17 18:34:30.458 [info] Getting sessions for all scopes...
2025-11-17 18:34:30.458 [info] Got 1 sessions for ...
2025-11-17 18:34:30.458 [info] Getting sessions for all scopes...
2025-11-17 18:34:30.458 [info] Got 1 sessions for ...
2025-11-17 18:34:30.458 [info] Getting sessions for all scopes...
2025-11-17 18:34:30.458 [info] Got 1 sessions for ...
2025-11-17 18:34:30.458 [info] Getting sessions for all scopes...
2025-11-17 18:34:30.458 [info] Got 1 sessions for ...
2025-11-17 18:34:30.458 [info] Getting sessions for all scopes...
2025-11-17 18:34:30.458 [info] Got 1 sessions for ...
2025-11-17 18:34:30.458 [info] Getting sessions for all scopes...
2025-11-17 18:34:30.458 [info] Got 1 sessions for ...
2025-11-17 18:34:30.458 [info] Getting sessions for all scopes...
2025-11-17 18:34:30.458 [info] Got 1 sessions for ...
2025-11-17 18:34:30.458 [info] Getting sessions for all scopes...
2025-11-17 18:34:30.458 [info] Got 1 sessions for ...
2025-11-17 18:34:30.458 [info] Getting sessions for all scopes...
2025-11-17 18:34:30.458 [info] Got 1 sessions for ...
2025-11-17 18:34:30.458 [info] Getting sessions for all scopes...
2025-11-17 18:34:30.458 [info] Got 1 sessions for ...
2025-11-17 18:34:30.458 [info] Getting sessions for all scopes...
2025-11-17 18:34:30.458 [info] Got 1 sessions for ...
2025-11-17 18:34:30.458 [info] Getting sessions for all scopes...
2025-11-17 18:34:30.458 [info] Got 1 sessions for ...
2025-11-17 18:34:30.458 [info] Getting sessions for all scopes...
2025-11-17 18:34:30.458 [info] Got 1 sessions for ...
2025-11-17 18:34:30.504 [info] Getting sessions for read:user,repo,user:email,workflow...
2025-11-17 18:34:30.504 [info] Got 1 sessions for read:user,repo,user:email,workflow...
2025-11-17 18:34:32.366 [info] Getting sessions for all scopes...
2025-11-17 18:34:32.366 [info] Got 1 sessions for ...
2025-11-17 18:34:32.366 [info] Getting sessions for all scopes...
2025-11-17 18:34:32.366 [info] Got 1 sessions for ...
2025-11-17 18:34:32.367 [info] Getting sessions for all scopes...
2025-11-17 18:34:32.367 [info] Got 1 sessions for ...
2025-11-17 18:34:32.415 [info] Getting sessions for all scopes...
2025-11-17 18:34:32.415 [info] Got 1 sessions for ...
2025-11-17 18:34:32.416 [info] Getting sessions for all scopes...
2025-11-17 18:34:32.416 [info] Got 1 sessions for ...
2025-11-17 18:34:32.619 [info] Getting sessions for read:user,repo,user:email,workflow...
2025-11-17 18:34:32.620 [info] Got 1 sessions for read:user,repo,user:email,workflow...
2025-11-17 18:34:32.981 [info] FetcherService: Electron fetch failed with status: 429 
2025-11-17 18:34:33.025 [info] Getting sessions for all scopes...
2025-11-17 18:34:33.025 [info] Got 1 sessions for ...
2025-11-17 18:34:33.057 [info] Getting sessions for all scopes...
2025-11-17 18:34:33.057 [info] Got 1 sessions for ...
2025-11-17 18:34:33.062 [info] Getting sessions for read:user,repo,user:email,workflow...
2025-11-17 18:34:33.062 [info] Got 1 sessions for read:user,repo,user:email,workflow...
2025-11-17 18:34:33.081 [info] Getting sessions for read:user,repo,user:email,workflow...
2025-11-17 18:34:33.081 [info] Got 1 sessions for read:user,repo,user:email,workflow...
2025-11-17 18:34:33.509 [info] Getting sessions for all scopes...
2025-11-17 18:34:33.509 [info] Got 1 sessions for ...
2025-11-17 18:34:33.509 [info] Getting sessions for all scopes...
2025-11-17 18:34:33.510 [info] Got 1 sessions for ...
2025-11-17 18:34:33.520 [info] FetcherService: Node fetch failed with status: 429 Too Many Requests
2025-11-17 18:34:33.538 [info] Getting sessions for read:user,repo,user:email,workflow...
2025-11-17 18:34:33.538 [info] Got 1 sessions for read:user,repo,user:email,workflow...
2025-11-17 18:34:33.619 [info] Getting sessions for all scopes...
2025-11-17 18:34:33.619 [info] Got 1 sessions for ...
2025-11-17 18:34:33.623 [info] Getting sessions for all scopes...
2025-11-17 18:34:33.623 [info] Got 1 sessions for ...
2025-11-17 18:34:33.628 [info] Getting sessions for all scopes...
2025-11-17 18:34:33.629 [info] Got 1 sessions for ...
2025-11-17 18:34:33.645 [info] Getting sessions for read:user,repo,user:email,workflow...
2025-11-17 18:34:33.645 [info] Got 1 sessions for read:user,repo,user:email,workflow...
2025-11-17 18:34:33.817 [info] FetcherService: Node http/s failed with status: 429 Too Many Requests
2025-11-17 18:34:33.992 [info] Getting sessions for all scopes...
2025-11-17 18:34:33.992 [info] Got 1 sessions for ...
2025-11-17 18:35:07.167 [info] Reading sessions from keychain...
2025-11-17 18:35:07.167 [info] Got stored sessions!
2025-11-17 18:35:07.167 [info] Got 1 verified sessions.
2025-11-17 18:35:07.167 [info] Getting sessions for all scopes...
2025-11-17 18:35:07.167 [info] Got 1 sessions for ...
2025-11-17 18:35:07.167 [info] Getting sessions for all scopes...
2025-11-17 18:35:07.167 [info] Got 1 sessions for ...
2025-11-17 18:35:07.167 [info] Getting sessions for all scopes...
2025-11-17 18:35:07.167 [info] Got 1 sessions for ...
2025-11-17 18:35:07.167 [info] Getting sessions for all scopes...
2025-11-17 18:35:07.167 [info] Got 1 sessions for ...
2025-11-17 18:35:07.167 [info] Getting sessions for all scopes...
2025-11-17 18:35:07.168 [info] Got 1 sessions for ...
2025-11-17 18:35:07.168 [info] Getting sessions for all scopes...
2025-11-17 18:35:07.168 [info] Got 1 sessions for ...
2025-11-17 18:35:07.168 [info] Getting sessions for all scopes...
2025-11-17 18:35:07.168 [info] Got 1 sessions for ...
2025-11-17 18:35:07.168 [info] Getting sessions for all scopes...
2025-11-17 18:35:07.168 [info] Got 1 sessions for ...
2025-11-17 18:35:07.168 [info] Getting sessions for all scopes...
2025-11-17 18:35:07.168 [info] Got 1 sessions for ...
2025-11-17 18:35:07.168 [info] Getting sessions for all scopes...
2025-11-17 18:35:07.168 [info] Got 1 sessions for ...
2025-11-17 18:35:07.168 [info] Getting sessions for all scopes...
2025-11-17 18:35:07.168 [info] Got 1 sessions for ...
2025-11-17 18:35:07.168 [info] Getting sessions for all scopes...
2025-11-17 18:35:07.168 [info] Got 1 sessions for ...
2025-11-17 18:35:07.168 [info] Getting sessions for all scopes...
2025-11-17 18:35:07.168 [info] Got 1 sessions for ...
2025-11-17 18:35:07.168 [info] Getting sessions for all scopes...
2025-11-17 18:35:07.168 [info] Got 1 sessions for ...
2025-11-17 18:35:07.168 [info] Getting sessions for all scopes...
2025-11-17 18:35:07.168 [info] Got 1 sessions for ...
2025-11-17 18:35:07.168 [info] Getting sessions for all scopes...
2025-11-17 18:35:07.168 [info] Got 1 sessions for ...
2025-11-17 18:35:07.168 [info] Getting sessions for all scopes...
2025-11-17 18:35:07.168 [info] Got 1 sessions for ...
2025-11-17 18:35:07.168 [info] Getting sessions for all scopes...
2025-11-17 18:35:07.168 [info] Got 1 sessions for ...
2025-11-17 18:35:07.191 [info] Getting sessions for read:user,repo,user:email,workflow...
2025-11-17 18:35:07.191 [info] Got 1 sessions for read:user,repo,user:email,workflow...
2025-11-17 18:35:08.968 [info] Getting sessions for all scopes...
2025-11-17 18:35:08.968 [info] Got 1 sessions for ...
2025-11-17 18:35:08.975 [info] Getting sessions for all scopes...
2025-11-17 18:35:08.975 [info] Got 1 sessions for ...
2025-11-17 18:35:08.976 [info] Getting sessions for all scopes...
2025-11-17 18:35:08.976 [info] Got 1 sessions for ...
2025-11-17 18:35:08.976 [info] Getting sessions for all scopes...
2025-11-17 18:35:08.976 [info] Got 1 sessions for ...
2025-11-17 18:35:09.003 [info] Getting sessions for all scopes...
2025-11-17 18:35:09.003 [info] Got 1 sessions for ...
2025-11-17 18:35:09.023 [info] Getting sessions for all scopes...
2025-11-17 18:35:09.023 [info] Got 1 sessions for ...
2025-11-17 18:35:09.251 [info] Getting sessions for read:user,repo,user:email,workflow...
2025-11-17 18:35:09.251 [info] Got 1 sessions for read:user,repo,user:email,workflow...
2025-11-17 18:35:09.254 [info] FetcherService: Electron fetch failed with status: 429 
2025-11-17 18:35:09.678 [info] Getting sessions for all scopes...
2025-11-17 18:35:09.678 [info] Got 1 sessions for ...
2025-11-17 18:35:09.711 [info] Getting sessions for all scopes...
2025-11-17 18:35:09.711 [info] Got 1 sessions for ...
2025-11-17 18:35:09.716 [info] Getting sessions for read:user,repo,user:email,workflow...
2025-11-17 18:35:09.716 [info] Got 1 sessions for read:user,repo,user:email,workflow...
2025-11-17 18:35:09.778 [info] Getting sessions for read:user,repo,user:email,workflow...
2025-11-17 18:35:09.778 [info] Got 1 sessions for read:user,repo,user:email,workflow...
2025-11-17 18:35:09.995 [info] FetcherService: Node fetch failed with status: 429 Too Many Requests
2025-11-17 18:35:10.019 [info] Getting sessions for all scopes...
2025-11-17 18:35:10.019 [info] Got 1 sessions for ...
2025-11-17 18:35:10.019 [info] Getting sessions for all scopes...
2025-11-17 18:35:10.019 [info] Got 1 sessions for ...
2025-11-17 18:35:10.020 [info] Getting sessions for read:user,repo,user:email,workflow...
2025-11-17 18:35:10.020 [info] Got 1 sessions for read:user,repo,user:email,workflow...
2025-11-17 18:35:10.080 [info] Getting sessions for all scopes...
2025-11-17 18:35:10.080 [info] Got 1 sessions for ...
2025-11-17 18:35:10.082 [info] Getting sessions for all scopes...
2025-11-17 18:35:10.082 [info] Got 1 sessions for ...
2025-11-17 18:35:10.091 [info] Getting sessions for all scopes...
2025-11-17 18:35:10.091 [info] Got 1 sessions for ...
2025-11-17 18:35:10.098 [info] Getting sessions for read:user,repo,user:email,workflow...
2025-11-17 18:35:10.098 [info] Got 1 sessions for read:user,repo,user:email,workflow...
2025-11-17 18:35:10.211 [info] Getting sessions for all scopes...
2025-11-17 18:35:10.211 [info] Got 1 sessions for ...
2025-11-17 18:35:10.328 [info] FetcherService: Node http/s failed with status: 429 Too Many Requests
2025-11-17 19:12:22.315 [info] Getting sessions for read:user,repo,user:email,workflow...
2025-11-17 19:12:22.317 [info] Got 1 sessions for read:user,repo,user:email,workflow...
2025-11-17 19:37:43.813 [info] Getting sessions for read:user,repo,user:email,workflow...
2025-11-17 19:37:43.813 [info] Got 1 sessions for read:user,repo,user:email,workflow...
