2025-11-02 09:07:43.672 [info] Starting TS Server
2025-11-02 09:07:43.672 [info] Using tsserver from: /opt/visual-studio-code/resources/app/extensions/node_modules/typescript/lib/tsserver.js
2025-11-02 09:07:43.672 [info] <syntax> Forking...
2025-11-02 09:07:43.672 [info] <syntax> Starting...
2025-11-02 09:07:43.672 [info] <semantic> Forking...
2025-11-02 09:07:43.672 [info] <semantic> Starting...
2025-11-02 09:53:59.476 [info] Starting TS Server
2025-11-02 09:53:59.476 [info] Using tsserver from: /opt/visual-studio-code/resources/app/extensions/node_modules/typescript/lib/tsserver.js
2025-11-02 09:53:59.476 [info] <syntax> Forking...
2025-11-02 09:53:59.476 [info] <syntax> Starting...
2025-11-02 09:53:59.476 [info] <semantic> Forking...
2025-11-02 09:53:59.476 [info] <semantic> Starting...
2025-11-02 10:05:38.302 [info] Starting TS Server
2025-11-02 10:05:38.302 [info] Using tsserver from: /opt/visual-studio-code/resources/app/extensions/node_modules/typescript/lib/tsserver.js
2025-11-02 10:05:38.302 [info] <syntax> Forking...
2025-11-02 10:05:38.302 [info] <syntax> Starting...
2025-11-02 10:05:38.302 [info] <semantic> Forking...
2025-11-02 10:05:38.302 [info] <semantic> Starting...
2025-11-02 17:37:43.248 [info] Starting TS Server
2025-11-02 17:37:43.248 [info] Using tsserver from: /opt/visual-studio-code/resources/app/extensions/node_modules/typescript/lib/tsserver.js
2025-11-02 17:37:43.248 [info] <syntax> Forking...
2025-11-02 17:37:43.248 [info] <syntax> Starting...
2025-11-02 17:37:43.248 [info] <semantic> Forking...
2025-11-02 17:37:43.248 [info] <semantic> Starting...
2025-11-02 17:43:15.074 [info] Starting TS Server
2025-11-02 17:43:15.074 [info] Using tsserver from: /opt/visual-studio-code/resources/app/extensions/node_modules/typescript/lib/tsserver.js
2025-11-02 17:43:15.074 [info] <syntax> Forking...
2025-11-02 17:43:15.074 [info] <syntax> Starting...
2025-11-02 17:43:15.075 [info] <semantic> Forking...
2025-11-02 17:43:15.075 [info] <semantic> Starting...
