2025-10-26 20:49:18.753 [info] Reading sessions from keychain...
2025-10-26 20:49:18.814 [info] Getting sessions for all scopes...
2025-10-26 20:49:18.918 [info] Got stored sessions!
2025-10-26 20:49:18.918 [info] Got 1 verified sessions.
2025-10-26 20:49:18.918 [info] Got 1 sessions for ...
2025-10-26 20:49:18.918 [info] Getting sessions for all scopes...
2025-10-26 20:49:18.918 [info] Got 1 sessions for ...
2025-10-26 20:49:18.918 [info] Getting sessions for all scopes...
2025-10-26 20:49:18.918 [info] Got 1 sessions for ...
2025-10-26 20:49:18.918 [info] Getting sessions for all scopes...
2025-10-26 20:49:18.918 [info] Got 1 sessions for ...
2025-10-26 20:49:18.918 [info] Getting sessions for all scopes...
2025-10-26 20:49:18.918 [info] Got 1 sessions for ...
2025-10-26 20:49:18.919 [info] Getting sessions for all scopes...
2025-10-26 20:49:18.919 [info] Got 1 sessions for ...
2025-10-26 20:49:18.919 [info] Getting sessions for all scopes...
2025-10-26 20:49:18.919 [info] Got 1 sessions for ...
2025-10-26 20:49:18.952 [info] Getting sessions for all scopes...
2025-10-26 20:49:18.952 [info] Got 1 sessions for ...
2025-10-26 20:49:18.954 [info] Getting sessions for all scopes...
2025-10-26 20:49:18.954 [info] Got 1 sessions for ...
2025-10-26 20:49:18.955 [info] Getting sessions for all scopes...
2025-10-26 20:49:18.955 [info] Got 1 sessions for ...
2025-10-26 20:49:18.955 [info] Getting sessions for all scopes...
2025-10-26 20:49:18.955 [info] Got 1 sessions for ...
2025-10-26 20:49:18.956 [info] Getting sessions for all scopes...
2025-10-26 20:49:18.956 [info] Got 1 sessions for ...
2025-10-26 20:49:18.956 [info] Getting sessions for all scopes...
2025-10-26 20:49:18.956 [info] Got 1 sessions for ...
2025-10-26 20:49:22.425 [info] Getting sessions for all scopes...
2025-10-26 20:49:22.425 [info] Got 1 sessions for ...
2025-10-26 20:49:22.441 [info] Getting sessions for all scopes...
2025-10-26 20:49:22.441 [info] Got 1 sessions for ...
2025-10-26 20:49:22.453 [info] Getting sessions for all scopes...
2025-10-26 20:49:22.453 [info] Got 1 sessions for ...
2025-10-26 20:49:22.453 [info] Getting sessions for all scopes...
2025-10-26 20:49:22.453 [info] Got 1 sessions for ...
2025-10-26 20:49:22.453 [info] Getting sessions for all scopes...
2025-10-26 20:49:22.453 [info] Got 1 sessions for ...
