2025-11-04 22:03:49.169 [info] [main] Log level: Info
2025-11-04 22:03:49.169 [info] [main] Validating found git in: "git"
2025-11-04 22:03:49.169 [info] [main] Using git "2.51.1" from "git"
2025-11-04 22:03:49.169 [info] [Model][doInitialScan] Initial repository scan started
2025-11-04 22:03:49.169 [info] > git rev-parse --show-toplevel [3ms]
2025-11-04 22:03:49.169 [info] > git rev-parse --git-dir --git-common-dir --show-superproject-working-tree [118ms]
2025-11-04 22:03:49.169 [info] [Model][openRepository] Opened repository (path): /home/pancake/Documents/TeamProject28
2025-11-04 22:03:49.169 [info] [Model][openRepository] Opened repository (real path): /home/pancake/Documents/TeamProject28
2025-11-04 22:03:49.169 [info] [Model][openRepository] Opened repository (kind): repository
2025-11-04 22:03:49.169 [info] > git fetch [3038ms]
2025-11-04 22:03:49.169 [info] From https://github.com/fireyss/Team28
   efd0044..d54db0a  main       -> origin/main
   d4bf3a3..a791072  ben        -> origin/ben
   ac1e171..d54db0a  joe        -> origin/joe
   45583ad..d54db0a  rivi       -> origin/rivi
   29c4a65..d54db0a  rose       -> origin/rose
2025-11-04 22:03:49.169 [info] > git rev-parse --show-toplevel [193ms]
2025-11-04 22:03:49.169 [info] > git config --get commit.template [201ms]
2025-11-04 22:03:49.169 [info] > git config --get commit.template [93ms]
2025-11-04 22:03:49.174 [info] > git rev-parse --show-toplevel [114ms]
2025-11-04 22:03:49.369 [info] > git for-each-ref --format=%(refname)%00%(upstream:short)%00%(objectname)%00%(upstream:track)%00%(upstream:remotename)%00%(upstream:remoteref) refs/heads/main refs/remotes/main [202ms]
2025-11-04 22:03:49.376 [info] > git rev-parse --show-toplevel [25ms]
2025-11-04 22:03:49.376 [info] > git for-each-ref --format=%(refname)%00%(upstream:short)%00%(objectname)%00%(upstream:track)%00%(upstream:remotename)%00%(upstream:remoteref) refs/heads/main refs/remotes/main [177ms]
2025-11-04 22:03:49.813 [info] > git check-ignore -v -z --stdin [34ms]
2025-11-04 22:03:49.814 [info] > git rev-parse --show-toplevel [62ms]
2025-11-04 22:03:49.915 [info] > git rev-parse --show-toplevel [66ms]
2025-11-04 22:03:49.918 [info] [Model][doInitialScan] Initial repository scan completed - repositories (1), closed repositories (0), parent repositories (0), unsafe repositories (0)
2025-11-04 22:03:49.949 [info] > git for-each-ref --format=%(refname)%00%(upstream:short)%00%(objectname)%00%(upstream:track)%00%(upstream:remotename)%00%(upstream:remoteref) refs/heads/main refs/remotes/main [114ms]
2025-11-04 22:03:50.003 [info] > git show --textconv :frontend/src/components/charts.tsx [68ms]
2025-11-04 22:03:50.003 [info] > git config --get --local branch.main.vscode-merge-base [43ms]
2025-11-04 22:03:50.017 [info] > git ls-files --stage -- frontend/src/components/charts.tsx [69ms]
2025-11-04 22:03:50.029 [info] > git config --get commit.template [166ms]
2025-11-04 22:03:50.048 [info] > git cat-file -s 74c40e3e512e7206fca359556bc76e870ea4b1c1 [20ms]
2025-11-04 22:03:50.049 [info] > git for-each-ref --format=%(refname)%00%(upstream:short)%00%(objectname)%00%(upstream:track)%00%(upstream:remotename)%00%(upstream:remoteref) refs/heads/origin/main refs/remotes/origin/main [32ms]
2025-11-04 22:03:50.092 [info] > git merge-base refs/heads/main refs/remotes/origin/main [15ms]
2025-11-04 22:03:50.103 [info] > git merge-base refs/heads/main refs/remotes/origin/main [40ms]
2025-11-04 22:03:50.122 [info] > git diff --name-status -z --diff-filter=ADMR efd004418091a037db934e0965917564bb892b3c...refs/remotes/origin/main [7ms]
2025-11-04 22:03:50.123 [info] > git diff --name-status -z --diff-filter=ADMR efd004418091a037db934e0965917564bb892b3c...refs/remotes/origin/main [20ms]
2025-11-04 22:03:50.124 [info] > git for-each-ref --format=%(refname)%00%(upstream:short)%00%(objectname)%00%(upstream:track)%00%(upstream:remotename)%00%(upstream:remoteref) refs/heads/main refs/remotes/main [34ms]
2025-11-04 22:03:50.162 [info] > git status -z -uall [14ms]
2025-11-04 22:03:50.293 [info] > git for-each-ref --sort -committerdate --format %(refname)%00%(objectname)%00%(*objectname) [132ms]
2025-11-04 22:05:58.360 [info] > git check-ignore -v -z --stdin [2ms]
2025-11-04 22:06:00.326 [info] > git check-ignore -v -z --stdin [2ms]
2025-11-04 22:06:02.925 [info] > git check-ignore -v -z --stdin [2ms]
2025-11-04 22:06:08.242 [info] > git check-ignore -v -z --stdin [2ms]
2025-11-04 22:06:09.478 [info] > git check-ignore -v -z --stdin [1ms]
2025-11-04 22:06:10.661 [info] > git check-ignore -v -z --stdin [2ms]
2025-11-04 22:06:11.730 [info] > git check-ignore -v -z --stdin [1ms]
2025-11-04 22:06:12.982 [info] > git check-ignore -v -z --stdin [2ms]
2025-11-04 22:06:15.494 [info] > git check-ignore -v -z --stdin [1ms]
2025-11-04 22:06:23.841 [info] > git check-ignore -v -z --stdin [2ms]
2025-11-04 22:06:24.549 [info] > git show --textconv :frontend/src/App.css [13ms]
2025-11-04 22:06:24.550 [info] > git ls-files --stage -- frontend/src/App.css [2ms]
2025-11-04 22:06:24.562 [info] > git cat-file -s b9d355df2a5956b526c004531b7b0ffe412461e0 [1ms]
2025-11-04 22:06:25.113 [info] > git show --textconv :frontend/src/App.tsx [13ms]
2025-11-04 22:06:25.114 [info] > git ls-files --stage -- frontend/src/App.tsx [2ms]
2025-11-04 22:06:25.126 [info] > git cat-file -s 29a29021351262b099217478e3dbf5710a2a90af [1ms]
2025-11-04 22:06:25.165 [info] > git blame --root --incremental efd004418091a037db934e0965917564bb892b3c -- frontend/src/App.tsx [8ms]
2025-11-04 22:06:50.299 [info] > git fetch [416ms]
2025-11-04 22:06:50.324 [info] > git config --get commit.template [12ms]
2025-11-04 22:06:50.325 [info] > git for-each-ref --format=%(refname)%00%(upstream:short)%00%(objectname)%00%(upstream:track)%00%(upstream:remotename)%00%(upstream:remoteref) refs/heads/main refs/remotes/main [2ms]
2025-11-04 22:06:50.349 [info] > git status -z -uall [13ms]
2025-11-04 22:06:50.349 [info] > git for-each-ref --sort -committerdate --format %(refname)%00%(objectname)%00%(*objectname) [2ms]
2025-11-04 22:06:51.436 [info] > git config --get commit.template [1ms]
2025-11-04 22:06:51.448 [info] > git for-each-ref --format=%(refname)%00%(upstream:short)%00%(objectname)%00%(upstream:track)%00%(upstream:remotename)%00%(upstream:remoteref) refs/heads/main refs/remotes/main [2ms]
2025-11-04 22:06:51.471 [info] > git status -z -uall [12ms]
2025-11-04 22:06:51.472 [info] > git for-each-ref --sort -committerdate --format %(refname)%00%(objectname)%00%(*objectname) [2ms]
2025-11-04 22:06:51.537 [info] > git ls-files --stage -- frontend/src/App.tsx [1ms]
2025-11-04 22:06:51.549 [info] > git cat-file -s 29a29021351262b099217478e3dbf5710a2a90af [1ms]
2025-11-04 22:06:51.563 [info] > git show --textconv :frontend/src/App.tsx [2ms]
2025-11-04 22:09:50.681 [info] > git fetch [312ms]
2025-11-04 22:09:50.705 [info] > git config --get commit.template [11ms]
2025-11-04 22:09:50.705 [info] > git for-each-ref --format=%(refname)%00%(upstream:short)%00%(objectname)%00%(upstream:track)%00%(upstream:remotename)%00%(upstream:remoteref) refs/heads/main refs/remotes/main [2ms]
2025-11-04 22:09:50.728 [info] > git status -z -uall [12ms]
2025-11-04 22:09:50.729 [info] > git for-each-ref --sort -committerdate --format %(refname)%00%(objectname)%00%(*objectname) [2ms]
2025-11-04 22:09:51.821 [info] > git config --get commit.template [3ms]
2025-11-04 22:09:51.833 [info] > git for-each-ref --format=%(refname)%00%(upstream:short)%00%(objectname)%00%(upstream:track)%00%(upstream:remotename)%00%(upstream:remoteref) refs/heads/main refs/remotes/main [1ms]
2025-11-04 22:09:51.856 [info] > git status -z -uall [12ms]
2025-11-04 22:09:51.857 [info] > git for-each-ref --sort -committerdate --format %(refname)%00%(objectname)%00%(*objectname) [2ms]
2025-11-04 22:09:51.919 [info] > git ls-files --stage -- frontend/src/App.tsx [2ms]
2025-11-04 22:09:51.931 [info] > git cat-file -s 29a29021351262b099217478e3dbf5710a2a90af [1ms]
2025-11-04 22:09:51.945 [info] > git show --textconv :frontend/src/App.tsx [2ms]
2025-11-04 22:12:51.194 [info] > git fetch [443ms]
2025-11-04 22:12:51.208 [info] > git config --get commit.template [2ms]
2025-11-04 22:12:51.221 [info] > git for-each-ref --format=%(refname)%00%(upstream:short)%00%(objectname)%00%(upstream:track)%00%(upstream:remotename)%00%(upstream:remoteref) refs/heads/main refs/remotes/main [2ms]
2025-11-04 22:12:51.243 [info] > git status -z -uall [12ms]
2025-11-04 22:12:51.244 [info] > git for-each-ref --sort -committerdate --format %(refname)%00%(objectname)%00%(*objectname) [2ms]
2025-11-04 22:12:52.331 [info] > git config --get commit.template [2ms]
2025-11-04 22:12:52.343 [info] > git for-each-ref --format=%(refname)%00%(upstream:short)%00%(objectname)%00%(upstream:track)%00%(upstream:remotename)%00%(upstream:remoteref) refs/heads/main refs/remotes/main [1ms]
2025-11-04 22:12:52.365 [info] > git status -z -uall [11ms]
2025-11-04 22:12:52.366 [info] > git for-each-ref --sort -committerdate --format %(refname)%00%(objectname)%00%(*objectname) [2ms]
2025-11-04 22:12:52.430 [info] > git ls-files --stage -- frontend/src/App.tsx [1ms]
2025-11-04 22:12:52.441 [info] > git cat-file -s 29a29021351262b099217478e3dbf5710a2a90af [1ms]
2025-11-04 22:12:52.454 [info] > git show --textconv :frontend/src/App.tsx [2ms]
2025-11-04 22:25:25.474 [info] > git fetch [427ms]
2025-11-04 22:25:25.486 [info] > git config --get commit.template [1ms]
2025-11-04 22:25:25.498 [info] > git for-each-ref --format=%(refname)%00%(upstream:short)%00%(objectname)%00%(upstream:track)%00%(upstream:remotename)%00%(upstream:remoteref) refs/heads/main refs/remotes/main [2ms]
2025-11-04 22:25:25.521 [info] > git status -z -uall [12ms]
2025-11-04 22:25:25.522 [info] > git for-each-ref --sort -committerdate --format %(refname)%00%(objectname)%00%(*objectname) [2ms]
2025-11-04 22:25:26.621 [info] > git config --get commit.template [12ms]
2025-11-04 22:25:26.622 [info] > git for-each-ref --format=%(refname)%00%(upstream:short)%00%(objectname)%00%(upstream:track)%00%(upstream:remotename)%00%(upstream:remoteref) refs/heads/main refs/remotes/main [2ms]
2025-11-04 22:25:26.646 [info] > git status -z -uall [12ms]
2025-11-04 22:25:26.647 [info] > git for-each-ref --sort -committerdate --format %(refname)%00%(objectname)%00%(*objectname) [2ms]
2025-11-04 22:25:26.710 [info] > git ls-files --stage -- frontend/src/App.tsx [1ms]
2025-11-04 22:25:26.722 [info] > git cat-file -s 29a29021351262b099217478e3dbf5710a2a90af [2ms]
2025-11-04 22:25:26.737 [info] > git show --textconv :frontend/src/App.tsx [2ms]
2025-11-05 15:47:26.991 [info] > git fetch [15ms]
2025-11-05 15:47:26.991 [info] fatal: unable to access 'https://github.com/fireyss/Team28.git/': Could not resolve host: github.com
2025-11-05 15:47:27.026 [info] > git config --get commit.template [19ms]
2025-11-05 15:47:27.028 [info] > git for-each-ref --format=%(refname)%00%(upstream:short)%00%(objectname)%00%(upstream:track)%00%(upstream:remotename)%00%(upstream:remoteref) refs/heads/main refs/remotes/main [3ms]
2025-11-05 15:47:27.066 [info] > git status -z -uall [21ms]
2025-11-05 15:47:27.070 [info] > git for-each-ref --sort -committerdate --format %(refname)%00%(objectname)%00%(*objectname) [5ms]
2025-11-05 15:47:28.887 [info] > git ls-files --stage -- frontend/src/App.tsx [2ms]
2025-11-05 15:47:28.905 [info] > git cat-file -s 29a29021351262b099217478e3dbf5710a2a90af [3ms]
2025-11-05 15:47:28.928 [info] > git show --textconv :frontend/src/App.tsx [2ms]
