2025-11-02 09:05:09.861 [info] Reading sessions from keychain...
2025-11-02 09:05:09.861 [info] Got stored sessions!
2025-11-02 09:05:09.861 [info] Got 1 verified sessions.
2025-11-02 09:05:09.861 [info] Getting sessions for all scopes...
2025-11-02 09:05:09.861 [info] Got 1 sessions for ...
2025-11-02 09:05:09.861 [info] Getting sessions for all scopes...
2025-11-02 09:05:09.861 [info] Got 1 sessions for ...
2025-11-02 09:05:09.861 [info] Getting sessions for all scopes...
2025-11-02 09:05:09.861 [info] Got 1 sessions for ...
2025-11-02 09:05:09.937 [info] Getting sessions for all scopes...
2025-11-02 09:05:09.938 [info] Got 1 sessions for ...
2025-11-02 09:05:09.938 [info] Getting sessions for all scopes...
2025-11-02 09:05:09.938 [info] Got 1 sessions for ...
2025-11-02 09:05:09.938 [info] Getting sessions for all scopes...
2025-11-02 09:05:09.938 [info] Got 1 sessions for ...
2025-11-02 09:05:09.938 [info] Getting sessions for all scopes...
2025-11-02 09:05:09.938 [info] Got 1 sessions for ...
2025-11-02 09:05:09.939 [info] Getting sessions for all scopes...
2025-11-02 09:05:09.939 [info] Got 1 sessions for ...
2025-11-02 09:05:09.941 [info] Getting sessions for all scopes...
2025-11-02 09:05:09.941 [info] Got 1 sessions for ...
2025-11-02 09:05:09.953 [info] Getting sessions for all scopes...
2025-11-02 09:05:09.953 [info] Got 1 sessions for ...
2025-11-02 09:05:09.953 [info] Getting sessions for all scopes...
2025-11-02 09:05:09.953 [info] Got 1 sessions for ...
2025-11-02 09:05:09.953 [info] Getting sessions for all scopes...
2025-11-02 09:05:09.953 [info] Got 1 sessions for ...
2025-11-02 09:05:09.953 [info] Getting sessions for all scopes...
2025-11-02 09:05:09.953 [info] Got 1 sessions for ...
2025-11-02 09:05:09.954 [info] Getting sessions for all scopes...
2025-11-02 09:05:09.954 [info] Got 1 sessions for ...
2025-11-02 09:05:10.036 [info] Getting sessions for all scopes...
2025-11-02 09:05:10.036 [info] Got 1 sessions for ...
2025-11-02 09:05:12.467 [info] Getting sessions for all scopes...
2025-11-02 09:05:12.467 [info] Got 1 sessions for ...
2025-11-02 09:05:12.467 [info] Getting sessions for all scopes...
2025-11-02 09:05:12.467 [info] Got 1 sessions for ...
2025-11-02 09:05:12.468 [info] Getting sessions for all scopes...
2025-11-02 09:05:12.468 [info] Got 1 sessions for ...
2025-11-02 09:05:12.532 [info] Getting sessions for all scopes...
2025-11-02 09:05:12.532 [info] Got 1 sessions for ...
2025-11-02 09:05:12.532 [info] Getting sessions for all scopes...
2025-11-02 09:05:12.532 [info] Got 1 sessions for ...
2025-11-02 09:05:13.060 [info] Getting sessions for read:user,repo,user:email,workflow...
2025-11-02 09:05:13.060 [info] Got 1 sessions for read:user,repo,user:email,workflow...
2025-11-02 09:05:13.064 [info] FetcherService: Electron fetch failed with status: 429 
2025-11-02 09:05:13.067 [info] Getting sessions for all scopes...
2025-11-02 09:05:13.067 [info] Got 1 sessions for ...
2025-11-02 09:05:13.089 [info] Getting sessions for all scopes...
2025-11-02 09:05:13.090 [info] Got 1 sessions for ...
2025-11-02 09:05:13.090 [info] Getting sessions for read:user,repo,user:email,workflow...
2025-11-02 09:05:13.090 [info] Got 1 sessions for read:user,repo,user:email,workflow...
2025-11-02 09:05:13.230 [info] Getting sessions for all scopes...
2025-11-02 09:05:13.230 [info] Got 1 sessions for ...
2025-11-02 09:05:13.237 [info] Getting sessions for all scopes...
2025-11-02 09:05:13.237 [info] Got 1 sessions for ...
2025-11-02 09:05:13.238 [info] Getting sessions for read:user,repo,user:email,workflow...
2025-11-02 09:05:13.238 [info] Got 1 sessions for read:user,repo,user:email,workflow...
2025-11-02 09:05:13.317 [info] Getting sessions for all scopes...
2025-11-02 09:05:13.318 [info] Got 1 sessions for ...
2025-11-02 09:05:13.319 [info] Getting sessions for read:user,repo,user:email,workflow...
2025-11-02 09:05:13.319 [info] Got 1 sessions for read:user,repo,user:email,workflow...
2025-11-02 09:05:13.517 [info] FetcherService: Node fetch failed with status: 429 Too Many Requests
2025-11-02 09:05:13.554 [info] Getting sessions for all scopes...
2025-11-02 09:05:13.554 [info] Got 1 sessions for ...
2025-11-02 09:05:13.554 [info] Getting sessions for all scopes...
2025-11-02 09:05:13.554 [info] Got 1 sessions for ...
2025-11-02 09:05:13.564 [info] Getting sessions for read:user,repo,user:email,workflow...
2025-11-02 09:05:13.564 [info] Got 1 sessions for read:user,repo,user:email,workflow...
2025-11-02 09:05:13.627 [info] Getting sessions for all scopes...
2025-11-02 09:05:13.627 [info] Got 1 sessions for ...
2025-11-02 09:05:13.631 [info] Getting sessions for all scopes...
2025-11-02 09:05:13.631 [info] Got 1 sessions for ...
2025-11-02 09:05:13.633 [info] Getting sessions for all scopes...
2025-11-02 09:05:13.633 [info] Got 1 sessions for ...
2025-11-02 09:05:13.637 [info] Getting sessions for read:user,repo,user:email,workflow...
2025-11-02 09:05:13.637 [info] Got 1 sessions for read:user,repo,user:email,workflow...
2025-11-02 09:05:13.857 [info] FetcherService: Node http/s failed with status: 429 Too Many Requests
2025-11-02 09:05:14.515 [info] Getting sessions for all scopes...
2025-11-02 09:05:14.515 [info] Got 1 sessions for ...
2025-11-02 09:05:17.523 [info] Reading sessions from keychain...
2025-11-02 09:05:17.523 [info] Got stored sessions!
2025-11-02 09:05:17.523 [info] Got 1 verified sessions.
2025-11-02 09:05:17.523 [info] Getting sessions for all scopes...
2025-11-02 09:05:17.523 [info] Got 1 sessions for ...
2025-11-02 09:05:17.523 [info] Getting sessions for all scopes...
2025-11-02 09:05:17.523 [info] Got 1 sessions for ...
2025-11-02 09:05:17.523 [info] Getting sessions for all scopes...
2025-11-02 09:05:17.523 [info] Got 1 sessions for ...
2025-11-02 09:05:17.523 [info] Getting sessions for all scopes...
2025-11-02 09:05:17.523 [info] Got 1 sessions for ...
2025-11-02 09:05:17.523 [info] Getting sessions for all scopes...
2025-11-02 09:05:17.523 [info] Got 1 sessions for ...
2025-11-02 09:05:17.523 [info] Getting sessions for all scopes...
2025-11-02 09:05:17.523 [info] Got 1 sessions for ...
2025-11-02 09:05:17.523 [info] Getting sessions for all scopes...
2025-11-02 09:05:17.523 [info] Got 1 sessions for ...
2025-11-02 09:05:17.523 [info] Getting sessions for all scopes...
2025-11-02 09:05:17.523 [info] Got 1 sessions for ...
2025-11-02 09:05:17.523 [info] Getting sessions for all scopes...
2025-11-02 09:05:17.523 [info] Got 1 sessions for ...
2025-11-02 09:05:17.523 [info] Getting sessions for all scopes...
2025-11-02 09:05:17.523 [info] Got 1 sessions for ...
2025-11-02 09:05:17.523 [info] Getting sessions for all scopes...
2025-11-02 09:05:17.523 [info] Got 1 sessions for ...
2025-11-02 09:05:17.523 [info] Getting sessions for all scopes...
2025-11-02 09:05:17.523 [info] Got 1 sessions for ...
2025-11-02 09:05:17.523 [info] Getting sessions for all scopes...
2025-11-02 09:05:17.523 [info] Got 1 sessions for ...
2025-11-02 09:05:17.524 [info] Getting sessions for all scopes...
2025-11-02 09:05:17.524 [info] Got 1 sessions for ...
2025-11-02 09:05:17.524 [info] Getting sessions for all scopes...
2025-11-02 09:05:17.524 [info] Got 1 sessions for ...
2025-11-02 09:05:17.524 [info] Getting sessions for all scopes...
2025-11-02 09:05:17.524 [info] Got 1 sessions for ...
2025-11-02 09:05:17.524 [info] Getting sessions for all scopes...
2025-11-02 09:05:17.524 [info] Got 1 sessions for ...
2025-11-02 09:05:17.524 [info] Getting sessions for all scopes...
2025-11-02 09:05:17.524 [info] Got 1 sessions for ...
2025-11-02 09:05:17.547 [info] Getting sessions for read:user,repo,user:email,workflow...
2025-11-02 09:05:17.547 [info] Got 1 sessions for read:user,repo,user:email,workflow...
2025-11-02 09:05:19.417 [info] Getting sessions for all scopes...
2025-11-02 09:05:19.417 [info] Got 1 sessions for ...
2025-11-02 09:05:19.423 [info] Getting sessions for all scopes...
2025-11-02 09:05:19.423 [info] Got 1 sessions for ...
2025-11-02 09:05:19.423 [info] Getting sessions for all scopes...
2025-11-02 09:05:19.423 [info] Got 1 sessions for ...
2025-11-02 09:05:19.424 [info] Getting sessions for all scopes...
2025-11-02 09:05:19.424 [info] Got 1 sessions for ...
2025-11-02 09:05:19.436 [info] Getting sessions for all scopes...
2025-11-02 09:05:19.436 [info] Got 1 sessions for ...
2025-11-02 09:05:19.686 [info] Getting sessions for read:user,repo,user:email,workflow...
2025-11-02 09:05:19.686 [info] Got 1 sessions for read:user,repo,user:email,workflow...
2025-11-02 09:05:19.690 [info] FetcherService: Electron fetch failed with status: 429 
2025-11-02 09:05:20.109 [info] Getting sessions for all scopes...
2025-11-02 09:05:20.109 [info] Got 1 sessions for ...
2025-11-02 09:05:20.111 [info] Getting sessions for all scopes...
2025-11-02 09:05:20.111 [info] Got 1 sessions for ...
2025-11-02 09:05:20.111 [info] Getting sessions for read:user,repo,user:email,workflow...
2025-11-02 09:05:20.111 [info] Got 1 sessions for read:user,repo,user:email,workflow...
2025-11-02 09:05:20.125 [info] Getting sessions for read:user,repo,user:email,workflow...
2025-11-02 09:05:20.125 [info] Got 1 sessions for read:user,repo,user:email,workflow...
2025-11-02 09:05:20.385 [info] Getting sessions for all scopes...
2025-11-02 09:05:20.385 [info] Got 1 sessions for ...
2025-11-02 09:05:20.385 [info] Getting sessions for all scopes...
2025-11-02 09:05:20.385 [info] Got 1 sessions for ...
2025-11-02 09:05:20.395 [info] Getting sessions for read:user,repo,user:email,workflow...
2025-11-02 09:05:20.395 [info] Got 1 sessions for read:user,repo,user:email,workflow...
2025-11-02 09:05:20.462 [info] Getting sessions for all scopes...
2025-11-02 09:05:20.462 [info] Got 1 sessions for ...
2025-11-02 09:05:20.479 [info] Getting sessions for all scopes...
2025-11-02 09:05:20.479 [info] Got 1 sessions for ...
2025-11-02 09:05:20.481 [info] Getting sessions for all scopes...
2025-11-02 09:05:20.481 [info] Got 1 sessions for ...
2025-11-02 09:05:20.492 [info] Getting sessions for read:user,repo,user:email,workflow...
2025-11-02 09:05:20.492 [info] Got 1 sessions for read:user,repo,user:email,workflow...
2025-11-02 09:05:20.573 [info] FetcherService: Node fetch failed with status: 429 Too Many Requests
2025-11-02 09:05:20.597 [info] Getting sessions for all scopes...
2025-11-02 09:05:20.597 [info] Got 1 sessions for ...
2025-11-02 09:05:20.881 [info] FetcherService: Node http/s failed with status: 429 Too Many Requests
2025-11-02 09:52:04.580 [info] Reading sessions from keychain...
2025-11-02 09:52:04.580 [info] Getting sessions for all scopes...
2025-11-02 09:52:04.742 [info] Got stored sessions!
2025-11-02 09:52:04.742 [info] Got 1 verified sessions.
2025-11-02 09:52:04.742 [info] Got 1 sessions for ...
2025-11-02 09:52:04.742 [info] Getting sessions for all scopes...
2025-11-02 09:52:04.742 [info] Got 1 sessions for ...
2025-11-02 09:52:04.742 [info] Getting sessions for all scopes...
2025-11-02 09:52:04.742 [info] Got 1 sessions for ...
2025-11-02 09:52:04.742 [info] Getting sessions for all scopes...
2025-11-02 09:52:04.742 [info] Got 1 sessions for ...
2025-11-02 09:52:04.742 [info] Getting sessions for all scopes...
2025-11-02 09:52:04.742 [info] Got 1 sessions for ...
2025-11-02 09:52:04.742 [info] Getting sessions for all scopes...
2025-11-02 09:52:04.742 [info] Got 1 sessions for ...
2025-11-02 09:52:04.742 [info] Getting sessions for all scopes...
2025-11-02 09:52:04.742 [info] Got 1 sessions for ...
2025-11-02 09:52:04.757 [info] Getting sessions for all scopes...
2025-11-02 09:52:04.757 [info] Got 1 sessions for ...
2025-11-02 09:52:04.757 [info] Getting sessions for all scopes...
2025-11-02 09:52:04.757 [info] Got 1 sessions for ...
2025-11-02 09:52:04.758 [info] Getting sessions for all scopes...
2025-11-02 09:52:04.758 [info] Got 1 sessions for ...
2025-11-02 09:52:04.758 [info] Getting sessions for all scopes...
2025-11-02 09:52:04.758 [info] Got 1 sessions for ...
2025-11-02 09:52:04.758 [info] Getting sessions for all scopes...
2025-11-02 09:52:04.758 [info] Got 1 sessions for ...
2025-11-02 09:52:04.758 [info] Getting sessions for all scopes...
2025-11-02 09:52:04.758 [info] Got 1 sessions for ...
2025-11-02 09:52:04.866 [info] Getting sessions for all scopes...
2025-11-02 09:52:04.866 [info] Got 1 sessions for ...
2025-11-02 09:52:07.709 [info] Getting sessions for all scopes...
2025-11-02 09:52:07.709 [info] Got 1 sessions for ...
2025-11-02 09:52:07.734 [info] Getting sessions for all scopes...
2025-11-02 09:52:07.734 [info] Got 1 sessions for ...
2025-11-02 09:52:07.735 [info] Getting sessions for all scopes...
2025-11-02 09:52:07.735 [info] Got 1 sessions for ...
2025-11-02 09:52:07.735 [info] Getting sessions for all scopes...
2025-11-02 09:52:07.735 [info] Got 1 sessions for ...
2025-11-02 09:52:07.878 [info] Getting sessions for all scopes...
2025-11-02 09:52:07.878 [info] Got 1 sessions for ...
2025-11-02 09:52:07.878 [info] Getting sessions for all scopes...
2025-11-02 09:52:07.878 [info] Got 1 sessions for ...
2025-11-02 09:52:08.265 [info] FetcherService: Electron fetch failed with status: 429 
2025-11-02 09:52:08.593 [info] Getting sessions for read:user,repo,user:email,workflow...
2025-11-02 09:52:08.593 [info] Got 1 sessions for read:user,repo,user:email,workflow...
2025-11-02 09:52:08.635 [info] Getting sessions for all scopes...
2025-11-02 09:52:08.635 [info] Got 1 sessions for ...
2025-11-02 09:52:08.639 [info] Getting sessions for read:user,repo,user:email,workflow...
2025-11-02 09:52:08.639 [info] Got 1 sessions for read:user,repo,user:email,workflow...
2025-11-02 09:52:08.640 [info] Getting sessions for all scopes...
2025-11-02 09:52:08.640 [info] Got 1 sessions for ...
2025-11-02 09:52:08.640 [info] Getting sessions for read:user,repo,user:email,workflow...
2025-11-02 09:52:08.640 [info] Got 1 sessions for read:user,repo,user:email,workflow...
2025-11-02 09:52:08.882 [info] Getting sessions for all scopes...
2025-11-02 09:52:08.882 [info] Got 1 sessions for ...
2025-11-02 09:52:08.882 [info] Getting sessions for all scopes...
2025-11-02 09:52:08.882 [info] Got 1 sessions for ...
2025-11-02 09:52:08.882 [info] Getting sessions for all scopes...
2025-11-02 09:52:08.882 [info] Got 1 sessions for ...
2025-11-02 09:52:08.901 [info] Getting sessions for read:user,repo,user:email,workflow...
2025-11-02 09:52:08.901 [info] Got 1 sessions for read:user,repo,user:email,workflow...
2025-11-02 09:52:09.120 [info] FetcherService: Node fetch failed with status: 429 Too Many Requests
2025-11-02 09:52:09.303 [info] Getting sessions for all scopes...
2025-11-02 09:52:09.303 [info] Got 1 sessions for ...
2025-11-02 09:52:09.303 [info] Getting sessions for all scopes...
2025-11-02 09:52:09.303 [info] Got 1 sessions for ...
2025-11-02 09:52:09.317 [info] Getting sessions for read:user,repo,user:email,workflow...
2025-11-02 09:52:09.317 [info] Got 1 sessions for read:user,repo,user:email,workflow...
2025-11-02 09:52:09.394 [info] Getting sessions for all scopes...
2025-11-02 09:52:09.394 [info] Got 1 sessions for ...
2025-11-02 09:52:09.400 [info] Getting sessions for all scopes...
2025-11-02 09:52:09.400 [info] Got 1 sessions for ...
2025-11-02 09:52:09.401 [info] Getting sessions for all scopes...
2025-11-02 09:52:09.401 [info] Got 1 sessions for ...
2025-11-02 09:52:09.409 [info] Getting sessions for read:user,repo,user:email,workflow...
2025-11-02 09:52:09.409 [info] Got 1 sessions for read:user,repo,user:email,workflow...
2025-11-02 09:52:09.554 [info] FetcherService: Node http/s failed with status: 429 Too Many Requests
2025-11-02 09:52:09.782 [info] Getting sessions for all scopes...
2025-11-02 09:52:09.782 [info] Got 1 sessions for ...
2025-11-02 09:53:59.435 [info] Reading sessions from keychain...
2025-11-02 09:53:59.435 [info] Getting sessions for all scopes...
2025-11-02 09:53:59.435 [info] Got stored sessions!
2025-11-02 09:53:59.435 [info] Got 1 verified sessions.
2025-11-02 09:53:59.435 [info] Got 1 sessions for ...
2025-11-02 09:53:59.435 [info] Getting sessions for all scopes...
2025-11-02 09:53:59.435 [info] Got 1 sessions for ...
2025-11-02 09:53:59.435 [info] Getting sessions for all scopes...
2025-11-02 09:53:59.435 [info] Got 1 sessions for ...
2025-11-02 09:53:59.435 [info] Getting sessions for all scopes...
2025-11-02 09:53:59.435 [info] Got 1 sessions for ...
2025-11-02 09:53:59.435 [info] Getting sessions for all scopes...
2025-11-02 09:53:59.435 [info] Got 1 sessions for ...
2025-11-02 09:53:59.435 [info] Getting sessions for all scopes...
2025-11-02 09:53:59.435 [info] Got 1 sessions for ...
2025-11-02 09:53:59.435 [info] Getting sessions for all scopes...
2025-11-02 09:53:59.435 [info] Got 1 sessions for ...
2025-11-02 09:53:59.435 [info] Getting sessions for all scopes...
2025-11-02 09:53:59.435 [info] Got 1 sessions for ...
2025-11-02 09:53:59.435 [info] Getting sessions for all scopes...
2025-11-02 09:53:59.435 [info] Got 1 sessions for ...
2025-11-02 09:53:59.435 [info] Getting sessions for all scopes...
2025-11-02 09:53:59.435 [info] Got 1 sessions for ...
2025-11-02 09:53:59.435 [info] Getting sessions for all scopes...
2025-11-02 09:53:59.435 [info] Got 1 sessions for ...
2025-11-02 09:53:59.435 [info] Getting sessions for all scopes...
2025-11-02 09:53:59.435 [info] Got 1 sessions for ...
2025-11-02 09:53:59.435 [info] Getting sessions for all scopes...
2025-11-02 09:53:59.435 [info] Got 1 sessions for ...
2025-11-02 09:53:59.435 [info] Getting sessions for all scopes...
2025-11-02 09:53:59.435 [info] Got 1 sessions for ...
2025-11-02 09:54:02.895 [info] Getting sessions for all scopes...
2025-11-02 09:54:02.895 [info] Got 1 sessions for ...
2025-11-02 09:54:02.909 [info] Getting sessions for all scopes...
2025-11-02 09:54:02.909 [info] Got 1 sessions for ...
2025-11-02 09:54:02.910 [info] Getting sessions for all scopes...
2025-11-02 09:54:02.910 [info] Got 1 sessions for ...
2025-11-02 09:54:02.910 [info] Getting sessions for all scopes...
2025-11-02 09:54:02.910 [info] Got 1 sessions for ...
2025-11-02 09:54:03.085 [info] Getting sessions for all scopes...
2025-11-02 09:54:03.085 [info] Got 1 sessions for ...
2025-11-02 09:54:03.085 [info] Getting sessions for all scopes...
2025-11-02 09:54:03.085 [info] Got 1 sessions for ...
2025-11-02 09:54:03.178 [info] FetcherService: Electron fetch failed with status: 429 
2025-11-02 09:54:03.381 [info] Getting sessions for all scopes...
2025-11-02 09:54:03.381 [info] Got 1 sessions for ...
2025-11-02 09:54:03.411 [info] Getting sessions for read:user,repo,user:email,workflow...
2025-11-02 09:54:03.411 [info] Got 1 sessions for read:user,repo,user:email,workflow...
2025-11-02 09:54:03.780 [info] Getting sessions for all scopes...
2025-11-02 09:54:03.780 [info] Got 1 sessions for ...
2025-11-02 09:54:03.787 [info] Getting sessions for all scopes...
2025-11-02 09:54:03.787 [info] Got 1 sessions for ...
2025-11-02 09:54:03.787 [info] Getting sessions for read:user,repo,user:email,workflow...
2025-11-02 09:54:03.787 [info] Got 1 sessions for read:user,repo,user:email,workflow...
2025-11-02 09:54:03.789 [info] Getting sessions for read:user,repo,user:email,workflow...
2025-11-02 09:54:03.789 [info] Got 1 sessions for read:user,repo,user:email,workflow...
2025-11-02 09:54:03.880 [info] Getting sessions for all scopes...
2025-11-02 09:54:03.880 [info] Got 1 sessions for ...
2025-11-02 09:54:04.142 [info] Getting sessions for all scopes...
2025-11-02 09:54:04.142 [info] Got 1 sessions for ...
2025-11-02 09:54:04.142 [info] Getting sessions for all scopes...
2025-11-02 09:54:04.142 [info] Got 1 sessions for ...
2025-11-02 09:54:04.152 [info] Getting sessions for read:user,repo,user:email,workflow...
2025-11-02 09:54:04.152 [info] Got 1 sessions for read:user,repo,user:email,workflow...
2025-11-02 09:54:04.200 [info] FetcherService: Node fetch failed with status: 429 Too Many Requests
2025-11-02 09:54:04.236 [info] Getting sessions for all scopes...
2025-11-02 09:54:04.237 [info] Got 1 sessions for ...
2025-11-02 09:54:04.241 [info] Getting sessions for all scopes...
2025-11-02 09:54:04.241 [info] Got 1 sessions for ...
2025-11-02 09:54:04.243 [info] Getting sessions for all scopes...
2025-11-02 09:54:04.243 [info] Got 1 sessions for ...
2025-11-02 09:54:04.268 [info] Getting sessions for read:user,repo,user:email,workflow...
2025-11-02 09:54:04.268 [info] Got 1 sessions for read:user,repo,user:email,workflow...
2025-11-02 09:54:04.384 [info] Getting sessions for all scopes...
2025-11-02 09:54:04.384 [info] Got 1 sessions for ...
2025-11-02 09:54:04.517 [info] FetcherService: Node http/s failed with status: 429 Too Many Requests
2025-11-02 09:55:27.370 [info] Reading sessions from keychain...
2025-11-02 09:55:27.370 [info] Getting sessions for all scopes...
2025-11-02 09:55:27.462 [info] Got stored sessions!
2025-11-02 09:55:27.463 [info] Got 1 verified sessions.
2025-11-02 09:55:27.463 [info] Got 1 sessions for ...
2025-11-02 09:55:27.463 [info] Getting sessions for all scopes...
2025-11-02 09:55:27.463 [info] Got 1 sessions for ...
2025-11-02 09:55:27.463 [info] Getting sessions for all scopes...
2025-11-02 09:55:27.463 [info] Got 1 sessions for ...
2025-11-02 09:55:27.463 [info] Getting sessions for all scopes...
2025-11-02 09:55:27.463 [info] Got 1 sessions for ...
2025-11-02 09:55:27.463 [info] Getting sessions for all scopes...
2025-11-02 09:55:27.463 [info] Got 1 sessions for ...
2025-11-02 09:55:27.463 [info] Getting sessions for all scopes...
2025-11-02 09:55:27.463 [info] Got 1 sessions for ...
2025-11-02 09:55:27.463 [info] Getting sessions for all scopes...
2025-11-02 09:55:27.463 [info] Got 1 sessions for ...
2025-11-02 09:55:27.467 [info] Getting sessions for all scopes...
2025-11-02 09:55:27.467 [info] Got 1 sessions for ...
2025-11-02 09:55:27.468 [info] Getting sessions for all scopes...
2025-11-02 09:55:27.468 [info] Got 1 sessions for ...
2025-11-02 09:55:27.470 [info] Getting sessions for all scopes...
2025-11-02 09:55:27.471 [info] Got 1 sessions for ...
2025-11-02 09:55:27.471 [info] Getting sessions for all scopes...
2025-11-02 09:55:27.471 [info] Got 1 sessions for ...
2025-11-02 09:55:27.472 [info] Getting sessions for all scopes...
2025-11-02 09:55:27.472 [info] Got 1 sessions for ...
2025-11-02 09:55:27.472 [info] Getting sessions for all scopes...
2025-11-02 09:55:27.472 [info] Got 1 sessions for ...
2025-11-02 09:55:27.630 [info] Getting sessions for all scopes...
2025-11-02 09:55:27.630 [info] Got 1 sessions for ...
2025-11-02 09:55:30.497 [info] Getting sessions for all scopes...
2025-11-02 09:55:30.497 [info] Got 1 sessions for ...
2025-11-02 09:55:30.521 [info] Getting sessions for all scopes...
2025-11-02 09:55:30.521 [info] Got 1 sessions for ...
2025-11-02 09:55:30.522 [info] Getting sessions for all scopes...
2025-11-02 09:55:30.522 [info] Got 1 sessions for ...
2025-11-02 09:55:30.522 [info] Getting sessions for all scopes...
2025-11-02 09:55:30.522 [info] Got 1 sessions for ...
2025-11-02 09:55:30.659 [info] Getting sessions for all scopes...
2025-11-02 09:55:30.659 [info] Got 1 sessions for ...
2025-11-02 09:55:30.660 [info] Getting sessions for all scopes...
2025-11-02 09:55:30.660 [info] Got 1 sessions for ...
2025-11-02 09:55:30.786 [info] Getting sessions for read:user,repo,user:email,workflow...
2025-11-02 09:55:30.786 [info] Got 1 sessions for read:user,repo,user:email,workflow...
2025-11-02 09:55:30.792 [info] FetcherService: Electron fetch failed with status: 429 
2025-11-02 09:55:31.009 [info] Getting sessions for read:user,repo,user:email,workflow...
2025-11-02 09:55:31.009 [info] Got 1 sessions for read:user,repo,user:email,workflow...
2025-11-02 09:55:31.394 [info] Getting sessions for all scopes...
2025-11-02 09:55:31.394 [info] Got 1 sessions for ...
2025-11-02 09:55:31.461 [info] Getting sessions for all scopes...
2025-11-02 09:55:31.461 [info] Got 1 sessions for ...
2025-11-02 09:55:31.462 [info] Getting sessions for read:user,repo,user:email,workflow...
2025-11-02 09:55:31.462 [info] Got 1 sessions for read:user,repo,user:email,workflow...
2025-11-02 09:55:31.633 [info] Getting sessions for all scopes...
2025-11-02 09:55:31.633 [info] Got 1 sessions for ...
2025-11-02 09:55:31.637 [info] Getting sessions for all scopes...
2025-11-02 09:55:31.637 [info] Got 1 sessions for ...
2025-11-02 09:55:31.639 [info] Getting sessions for all scopes...
2025-11-02 09:55:31.639 [info] Got 1 sessions for ...
2025-11-02 09:55:31.742 [info] FetcherService: Node fetch failed with status: 429 Too Many Requests
2025-11-02 09:55:31.755 [info] Getting sessions for read:user,repo,user:email,workflow...
2025-11-02 09:55:31.755 [info] Got 1 sessions for read:user,repo,user:email,workflow...
2025-11-02 09:55:32.030 [info] Getting sessions for all scopes...
2025-11-02 09:55:32.030 [info] Got 1 sessions for ...
2025-11-02 09:55:32.030 [info] Getting sessions for all scopes...
2025-11-02 09:55:32.030 [info] Got 1 sessions for ...
2025-11-02 09:55:32.041 [info] FetcherService: Node http/s failed with status: 429 Too Many Requests
2025-11-02 09:55:32.048 [info] Getting sessions for read:user,repo,user:email,workflow...
2025-11-02 09:55:32.048 [info] Got 1 sessions for read:user,repo,user:email,workflow...
2025-11-02 09:55:32.122 [info] Getting sessions for all scopes...
2025-11-02 09:55:32.122 [info] Got 1 sessions for ...
2025-11-02 09:55:32.124 [info] Getting sessions for all scopes...
2025-11-02 09:55:32.124 [info] Got 1 sessions for ...
2025-11-02 09:55:32.131 [info] Getting sessions for all scopes...
2025-11-02 09:55:32.131 [info] Got 1 sessions for ...
2025-11-02 09:55:32.134 [info] Getting sessions for read:user,repo,user:email,workflow...
2025-11-02 09:55:32.134 [info] Got 1 sessions for read:user,repo,user:email,workflow...
2025-11-02 09:55:32.326 [info] Getting sessions for all scopes...
2025-11-02 09:55:32.326 [info] Got 1 sessions for ...
2025-11-02 10:22:14.566 [info] Getting sessions for read:user,repo,user:email,workflow...
2025-11-02 10:22:14.566 [info] Got 1 sessions for read:user,repo,user:email,workflow...
2025-11-02 10:35:39.750 [info] Getting sessions for all scopes...
2025-11-02 10:35:39.750 [info] Got 1 sessions for ...
2025-11-02 10:35:39.791 [info] Getting sessions for read:user,repo,user:email,workflow...
2025-11-02 10:35:39.791 [info] Got 1 sessions for read:user,repo,user:email,workflow...
2025-11-02 10:35:40.308 [info] Getting sessions for all scopes...
2025-11-02 10:35:40.308 [info] Got 1 sessions for ...
2025-11-02 10:35:40.308 [info] Getting sessions for all scopes...
2025-11-02 10:35:40.308 [info] Got 1 sessions for ...
2025-11-02 10:35:40.309 [info] Getting sessions for read:user,repo,user:email,workflow...
2025-11-02 10:35:40.309 [info] Got 1 sessions for read:user,repo,user:email,workflow...
2025-11-02 10:39:47.501 [info] Getting sessions for read:user,repo,user:email,workflow...
2025-11-02 10:39:47.501 [info] Got 1 sessions for read:user,repo,user:email,workflow...
2025-11-02 10:39:48.316 [info] Getting sessions for read:user,repo,user:email,workflow...
2025-11-02 10:39:48.316 [info] Got 1 sessions for read:user,repo,user:email,workflow...
2025-11-02 10:39:55.500 [info] Getting sessions for read:user,repo,user:email,workflow...
2025-11-02 10:39:55.500 [info] Got 1 sessions for read:user,repo,user:email,workflow...
2025-11-02 10:44:36.993 [info] Getting sessions for read:user,repo,user:email,workflow...
2025-11-02 10:44:36.995 [info] Got 1 sessions for read:user,repo,user:email,workflow...
2025-11-02 11:10:44.420 [info] Getting sessions for read:user,repo,user:email,workflow...
2025-11-02 11:10:44.422 [info] Got 1 sessions for read:user,repo,user:email,workflow...
2025-11-02 11:12:43.954 [info] Getting sessions for read:user,repo,user:email,workflow...
2025-11-02 11:12:43.954 [info] Got 1 sessions for read:user,repo,user:email,workflow...
2025-11-02 11:12:44.861 [info] Getting sessions for read:user,repo,user:email,workflow...
2025-11-02 11:12:44.861 [info] Got 1 sessions for read:user,repo,user:email,workflow...
2025-11-02 11:15:58.715 [info] Getting sessions for read:user,repo,user:email,workflow...
2025-11-02 11:15:58.715 [info] Got 1 sessions for read:user,repo,user:email,workflow...
2025-11-02 14:32:03.677 [info] Getting sessions for read:user,repo,user:email,workflow...
2025-11-02 14:32:03.679 [info] Got 1 sessions for read:user,repo,user:email,workflow...
2025-11-02 14:57:56.723 [info] Getting sessions for read:user,repo,user:email,workflow...
2025-11-02 14:57:56.725 [info] Got 1 sessions for read:user,repo,user:email,workflow...
2025-11-02 15:22:58.568 [info] Getting sessions for read:user,repo,user:email,workflow...
2025-11-02 15:22:58.570 [info] Got 1 sessions for read:user,repo,user:email,workflow...
2025-11-02 15:49:06.319 [info] Getting sessions for read:user,repo,user:email,workflow...
2025-11-02 15:49:06.321 [info] Got 1 sessions for read:user,repo,user:email,workflow...
2025-11-02 16:14:16.820 [info] Getting sessions for read:user,repo,user:email,workflow...
2025-11-02 16:14:16.820 [info] Got 1 sessions for read:user,repo,user:email,workflow...
2025-11-02 16:46:25.184 [info] Getting sessions for read:user,repo,user:email,workflow...
2025-11-02 16:46:25.184 [info] Got 1 sessions for read:user,repo,user:email,workflow...
2025-11-02 16:58:05.507 [info] Getting sessions for read:user,repo,user:email,workflow...
2025-11-02 16:58:05.508 [info] Got 1 sessions for read:user,repo,user:email,workflow...
2025-11-02 16:58:06.240 [info] Getting sessions for read:user,repo,user:email,workflow...
2025-11-02 16:58:06.240 [info] Got 1 sessions for read:user,repo,user:email,workflow...
2025-11-02 17:01:05.081 [info] Getting sessions for read:user,repo,user:email,workflow...
2025-11-02 17:01:05.083 [info] Got 1 sessions for read:user,repo,user:email,workflow...
2025-11-02 17:01:05.986 [info] Getting sessions for read:user,repo,user:email,workflow...
2025-11-02 17:01:05.986 [info] Got 1 sessions for read:user,repo,user:email,workflow...
2025-11-02 17:05:36.853 [info] Getting sessions for read:user,repo,user:email,workflow...
2025-11-02 17:05:36.855 [info] Got 1 sessions for read:user,repo,user:email,workflow...
2025-11-02 17:05:37.665 [info] Getting sessions for read:user,repo,user:email,workflow...
2025-11-02 17:05:37.665 [info] Got 1 sessions for read:user,repo,user:email,workflow...
2025-11-02 17:15:44.711 [info] Getting sessions for read:user,repo,user:email,workflow...
2025-11-02 17:15:44.713 [info] Got 1 sessions for read:user,repo,user:email,workflow...
2025-11-02 17:15:45.730 [info] Getting sessions for all scopes...
2025-11-02 17:15:45.731 [info] Got 1 sessions for ...
2025-11-02 17:15:45.733 [info] Getting sessions for all scopes...
2025-11-02 17:15:45.733 [info] Got 1 sessions for ...
2025-11-02 17:17:30.372 [info] Getting sessions for read:user,repo,user:email,workflow...
2025-11-02 17:17:30.372 [info] Got 1 sessions for read:user,repo,user:email,workflow...
2025-11-02 17:17:31.180 [info] Getting sessions for read:user,repo,user:email,workflow...
2025-11-02 17:17:31.180 [info] Got 1 sessions for read:user,repo,user:email,workflow...
2025-11-02 17:33:20.211 [info] Getting sessions for read:user,repo,user:email,workflow...
2025-11-02 17:33:20.213 [info] Got 1 sessions for read:user,repo,user:email,workflow...
2025-11-02 17:33:21.219 [info] Getting sessions for read:user,repo,user:email,workflow...
2025-11-02 17:33:21.219 [info] Got 1 sessions for read:user,repo,user:email,workflow...
2025-11-02 17:33:55.529 [info] Getting sessions for read:user,repo,user:email,workflow...
2025-11-02 17:33:55.529 [info] Got 1 sessions for read:user,repo,user:email,workflow...
2025-11-02 17:37:43.247 [info] Reading sessions from keychain...
2025-11-02 17:37:43.248 [info] Getting sessions for all scopes...
2025-11-02 17:37:43.466 [info] Got stored sessions!
2025-11-02 17:37:43.466 [info] Got 1 verified sessions.
2025-11-02 17:37:43.466 [info] Got 1 sessions for ...
2025-11-02 17:37:43.466 [info] Getting sessions for all scopes...
2025-11-02 17:37:43.466 [info] Got 1 sessions for ...
2025-11-02 17:37:43.466 [info] Getting sessions for all scopes...
2025-11-02 17:37:43.466 [info] Got 1 sessions for ...
2025-11-02 17:37:43.466 [info] Getting sessions for all scopes...
2025-11-02 17:37:43.466 [info] Got 1 sessions for ...
2025-11-02 17:37:43.466 [info] Getting sessions for all scopes...
2025-11-02 17:37:43.466 [info] Got 1 sessions for ...
2025-11-02 17:37:43.466 [info] Getting sessions for all scopes...
2025-11-02 17:37:43.466 [info] Got 1 sessions for ...
2025-11-02 17:37:43.466 [info] Getting sessions for all scopes...
2025-11-02 17:37:43.466 [info] Got 1 sessions for ...
2025-11-02 17:37:43.609 [info] Getting sessions for all scopes...
2025-11-02 17:37:43.609 [info] Got 1 sessions for ...
2025-11-02 17:37:43.609 [info] Getting sessions for all scopes...
2025-11-02 17:37:43.609 [info] Got 1 sessions for ...
2025-11-02 17:37:43.610 [info] Getting sessions for all scopes...
2025-11-02 17:37:43.610 [info] Got 1 sessions for ...
2025-11-02 17:37:43.610 [info] Getting sessions for all scopes...
2025-11-02 17:37:43.610 [info] Got 1 sessions for ...
2025-11-02 17:37:43.610 [info] Getting sessions for all scopes...
2025-11-02 17:37:43.610 [info] Got 1 sessions for ...
2025-11-02 17:37:43.610 [info] Getting sessions for all scopes...
2025-11-02 17:37:43.610 [info] Got 1 sessions for ...
2025-11-02 17:37:47.237 [info] Getting sessions for all scopes...
2025-11-02 17:37:47.237 [info] Got 1 sessions for ...
2025-11-02 17:37:47.264 [info] Getting sessions for all scopes...
2025-11-02 17:37:47.264 [info] Got 1 sessions for ...
2025-11-02 17:37:47.285 [info] Getting sessions for all scopes...
2025-11-02 17:37:47.285 [info] Got 1 sessions for ...
2025-11-02 17:37:47.285 [info] Getting sessions for all scopes...
2025-11-02 17:37:47.285 [info] Got 1 sessions for ...
2025-11-02 17:37:47.286 [info] Getting sessions for all scopes...
2025-11-02 17:37:47.286 [info] Got 1 sessions for ...
2025-11-02 17:37:47.502 [info] Getting sessions for all scopes...
2025-11-02 17:37:47.502 [info] Got 1 sessions for ...
2025-11-02 17:37:47.502 [info] Getting sessions for all scopes...
2025-11-02 17:37:47.502 [info] Got 1 sessions for ...
2025-11-02 17:37:47.797 [info] Getting sessions for all scopes...
2025-11-02 17:37:47.797 [info] Got 1 sessions for ...
2025-11-02 17:37:47.801 [info] FetcherService: Electron fetch failed with status: 429 
2025-11-02 17:37:48.153 [info] Getting sessions for read:user,repo,user:email,workflow...
2025-11-02 17:37:48.153 [info] Got 1 sessions for read:user,repo,user:email,workflow...
2025-11-02 17:37:48.183 [info] Getting sessions for all scopes...
2025-11-02 17:37:48.183 [info] Got 1 sessions for ...
2025-11-02 17:37:48.195 [info] Getting sessions for all scopes...
2025-11-02 17:37:48.195 [info] Got 1 sessions for ...
2025-11-02 17:37:48.196 [info] Getting sessions for read:user,repo,user:email,workflow...
2025-11-02 17:37:48.196 [info] Got 1 sessions for read:user,repo,user:email,workflow...
2025-11-02 17:37:48.267 [info] Getting sessions for read:user,repo,user:email,workflow...
2025-11-02 17:37:48.267 [info] Got 1 sessions for read:user,repo,user:email,workflow...
2025-11-02 17:37:48.271 [info] Getting sessions for all scopes...
2025-11-02 17:37:48.271 [info] Got 1 sessions for ...
2025-11-02 17:37:48.500 [info] Getting sessions for all scopes...
2025-11-02 17:37:48.500 [info] Got 1 sessions for ...
2025-11-02 17:37:48.500 [info] Getting sessions for all scopes...
2025-11-02 17:37:48.500 [info] Got 1 sessions for ...
2025-11-02 17:37:48.515 [info] Getting sessions for read:user,repo,user:email,workflow...
2025-11-02 17:37:48.515 [info] Got 1 sessions for read:user,repo,user:email,workflow...
2025-11-02 17:37:48.575 [info] Getting sessions for all scopes...
2025-11-02 17:37:48.575 [info] Got 1 sessions for ...
2025-11-02 17:37:48.576 [info] Getting sessions for all scopes...
2025-11-02 17:37:48.576 [info] Got 1 sessions for ...
2025-11-02 17:37:48.577 [info] Getting sessions for all scopes...
2025-11-02 17:37:48.577 [info] Got 1 sessions for ...
2025-11-02 17:37:48.578 [info] Getting sessions for read:user,repo,user:email,workflow...
2025-11-02 17:37:48.578 [info] Got 1 sessions for read:user,repo,user:email,workflow...
2025-11-02 17:37:48.663 [info] FetcherService: Node fetch failed with status: 429 Too Many Requests
2025-11-02 17:37:49.010 [info] FetcherService: Node http/s failed with status: 429 Too Many Requests
2025-11-02 17:37:49.023 [info] Getting sessions for all scopes...
2025-11-02 17:37:49.023 [info] Got 1 sessions for ...
2025-11-02 17:43:15.074 [info] Reading sessions from keychain...
2025-11-02 17:43:15.074 [info] Getting sessions for all scopes...
2025-11-02 17:43:15.104 [info] Got stored sessions!
2025-11-02 17:43:15.104 [info] Got 1 verified sessions.
2025-11-02 17:43:15.105 [info] Got 1 sessions for ...
2025-11-02 17:43:15.105 [info] Getting sessions for all scopes...
2025-11-02 17:43:15.105 [info] Got 1 sessions for ...
2025-11-02 17:43:15.105 [info] Getting sessions for all scopes...
2025-11-02 17:43:15.105 [info] Got 1 sessions for ...
2025-11-02 17:43:15.105 [info] Getting sessions for all scopes...
2025-11-02 17:43:15.105 [info] Got 1 sessions for ...
2025-11-02 17:43:15.105 [info] Getting sessions for all scopes...
2025-11-02 17:43:15.105 [info] Got 1 sessions for ...
2025-11-02 17:43:15.105 [info] Getting sessions for all scopes...
2025-11-02 17:43:15.105 [info] Got 1 sessions for ...
2025-11-02 17:43:15.105 [info] Getting sessions for all scopes...
2025-11-02 17:43:15.105 [info] Got 1 sessions for ...
2025-11-02 17:43:15.168 [info] Getting sessions for all scopes...
2025-11-02 17:43:15.168 [info] Got 1 sessions for ...
2025-11-02 17:43:15.168 [info] Getting sessions for all scopes...
2025-11-02 17:43:15.168 [info] Got 1 sessions for ...
2025-11-02 17:43:15.168 [info] Getting sessions for all scopes...
2025-11-02 17:43:15.168 [info] Got 1 sessions for ...
2025-11-02 17:43:15.168 [info] Getting sessions for all scopes...
2025-11-02 17:43:15.168 [info] Got 1 sessions for ...
2025-11-02 17:43:15.168 [info] Getting sessions for all scopes...
2025-11-02 17:43:15.168 [info] Got 1 sessions for ...
2025-11-02 17:43:15.169 [info] Getting sessions for all scopes...
2025-11-02 17:43:15.169 [info] Got 1 sessions for ...
2025-11-02 17:43:15.327 [info] Getting sessions for all scopes...
2025-11-02 17:43:15.327 [info] Got 1 sessions for ...
2025-11-02 17:43:18.777 [info] Getting sessions for all scopes...
2025-11-02 17:43:18.777 [info] Got 1 sessions for ...
2025-11-02 17:43:18.815 [info] Getting sessions for all scopes...
2025-11-02 17:43:18.815 [info] Got 1 sessions for ...
2025-11-02 17:43:18.816 [info] Getting sessions for all scopes...
2025-11-02 17:43:18.816 [info] Got 1 sessions for ...
2025-11-02 17:43:18.816 [info] Getting sessions for all scopes...
2025-11-02 17:43:18.816 [info] Got 1 sessions for ...
2025-11-02 17:43:19.569 [info] FetcherService: Electron fetch failed with status: 429 
2025-11-02 17:43:19.677 [info] Getting sessions for all scopes...
2025-11-02 17:43:19.677 [info] Got 1 sessions for ...
2025-11-02 17:43:19.678 [info] Getting sessions for all scopes...
2025-11-02 17:43:19.678 [info] Got 1 sessions for ...
2025-11-02 17:43:19.927 [info] Getting sessions for all scopes...
2025-11-02 17:43:19.927 [info] Got 1 sessions for ...
2025-11-02 17:43:20.338 [info] Getting sessions for read:user,repo,user:email,workflow...
2025-11-02 17:43:20.338 [info] Got 1 sessions for read:user,repo,user:email,workflow...
2025-11-02 17:43:20.342 [info] Getting sessions for all scopes...
2025-11-02 17:43:20.342 [info] Got 1 sessions for ...
2025-11-02 17:43:20.436 [info] Getting sessions for all scopes...
2025-11-02 17:43:20.436 [info] Got 1 sessions for ...
2025-11-02 17:43:20.437 [info] Getting sessions for read:user,repo,user:email,workflow...
2025-11-02 17:43:20.437 [info] Got 1 sessions for read:user,repo,user:email,workflow...
2025-11-02 17:43:20.515 [info] Getting sessions for read:user,repo,user:email,workflow...
2025-11-02 17:43:20.515 [info] Got 1 sessions for read:user,repo,user:email,workflow...
2025-11-02 17:43:20.604 [info] FetcherService: Node fetch failed with status: 429 Too Many Requests
2025-11-02 17:43:20.656 [info] Getting sessions for all scopes...
2025-11-02 17:43:20.656 [info] Got 1 sessions for ...
2025-11-02 17:43:20.871 [info] Getting sessions for all scopes...
2025-11-02 17:43:20.871 [info] Got 1 sessions for ...
2025-11-02 17:43:20.872 [info] Getting sessions for all scopes...
2025-11-02 17:43:20.872 [info] Got 1 sessions for ...
2025-11-02 17:43:20.895 [info] Getting sessions for all scopes...
2025-11-02 17:43:20.895 [info] Got 1 sessions for ...
2025-11-02 17:43:20.895 [info] Getting sessions for read:user,repo,user:email,workflow...
2025-11-02 17:43:20.895 [info] Got 1 sessions for read:user,repo,user:email,workflow...
2025-11-02 17:43:20.960 [info] Getting sessions for all scopes...
2025-11-02 17:43:20.960 [info] Got 1 sessions for ...
2025-11-02 17:43:20.961 [info] Getting sessions for all scopes...
2025-11-02 17:43:20.961 [info] Got 1 sessions for ...
2025-11-02 17:43:20.964 [info] Getting sessions for all scopes...
2025-11-02 17:43:20.964 [info] Got 1 sessions for ...
2025-11-02 17:43:20.977 [info] Getting sessions for read:user,repo,user:email,workflow...
2025-11-02 17:43:20.977 [info] Got 1 sessions for read:user,repo,user:email,workflow...
2025-11-02 17:43:21.072 [info] FetcherService: Node http/s failed with status: 429 Too Many Requests
2025-11-02 17:43:21.221 [info] Getting sessions for all scopes...
2025-11-02 17:43:21.221 [info] Got 1 sessions for ...
2025-11-02 17:43:21.221 [info] Getting sessions for all scopes...
2025-11-02 17:43:21.221 [info] Got 1 sessions for ...
2025-11-02 17:43:21.223 [info] Getting sessions for read:user,repo,user:email,workflow...
2025-11-02 17:43:21.223 [info] Got 1 sessions for read:user,repo,user:email,workflow...
2025-11-02 17:43:21.383 [info] Getting sessions for all scopes...
2025-11-02 17:43:21.384 [info] Got 1 sessions for ...
2025-11-02 19:08:23.220 [info] Getting sessions for read:user,repo,user:email,workflow...
2025-11-02 19:08:23.220 [info] Got 1 sessions for read:user,repo,user:email,workflow...
2025-11-02 19:09:36.708 [info] Getting sessions for read:user,repo,user:email,workflow...
2025-11-02 19:09:36.708 [info] Got 1 sessions for read:user,repo,user:email,workflow...
2025-11-02 19:09:41.050 [info] Getting sessions for read:user,repo,user:email,workflow...
2025-11-02 19:09:41.050 [info] Got 1 sessions for read:user,repo,user:email,workflow...
2025-11-02 19:09:41.756 [info] Getting sessions for read:user,repo,user:email,workflow...
2025-11-02 19:09:41.756 [info] Got 1 sessions for read:user,repo,user:email,workflow...
2025-11-02 19:11:20.378 [info] Getting sessions for read:user,repo,user:email,workflow...
2025-11-02 19:11:20.378 [info] Got 1 sessions for read:user,repo,user:email,workflow...
2025-11-02 19:11:22.891 [info] Getting sessions for all scopes...
2025-11-02 19:11:22.891 [info] Got 1 sessions for ...
2025-11-02 19:11:22.892 [info] Getting sessions for all scopes...
2025-11-02 19:11:22.893 [info] Got 1 sessions for ...
2025-11-02 19:36:54.710 [info] Getting sessions for read:user,repo,user:email,workflow...
2025-11-02 19:36:54.710 [info] Got 1 sessions for read:user,repo,user:email,workflow...
2025-11-02 19:36:55.328 [info] Getting sessions for all scopes...
2025-11-02 19:36:55.328 [info] Got 1 sessions for ...
2025-11-02 19:36:55.336 [info] Getting sessions for all scopes...
2025-11-02 19:36:55.336 [info] Got 1 sessions for ...
2025-11-02 19:36:57.015 [info] Getting sessions for all scopes...
2025-11-02 19:36:57.015 [info] Got 1 sessions for ...
2025-11-02 19:36:57.018 [info] Getting sessions for all scopes...
2025-11-02 19:36:57.018 [info] Got 1 sessions for ...
2025-11-02 20:01:55.071 [info] Getting sessions for read:user,repo,user:email,workflow...
2025-11-02 20:01:55.071 [info] Got 1 sessions for read:user,repo,user:email,workflow...
2025-11-02 20:01:55.564 [info] Getting sessions for all scopes...
2025-11-02 20:01:55.564 [info] Got 1 sessions for ...
2025-11-02 20:01:55.566 [info] Getting sessions for all scopes...
2025-11-02 20:01:55.566 [info] Got 1 sessions for ...
2025-11-02 20:01:58.990 [info] Getting sessions for all scopes...
2025-11-02 20:01:58.990 [info] Got 1 sessions for ...
2025-11-02 20:01:58.996 [info] Getting sessions for all scopes...
2025-11-02 20:01:58.996 [info] Got 1 sessions for ...
2025-11-02 20:27:35.822 [info] Getting sessions for read:user,repo,user:email,workflow...
2025-11-02 20:27:35.822 [info] Got 1 sessions for read:user,repo,user:email,workflow...
2025-11-02 20:27:36.491 [info] Getting sessions for all scopes...
2025-11-02 20:27:36.491 [info] Got 1 sessions for ...
2025-11-02 20:27:36.494 [info] Getting sessions for all scopes...
2025-11-02 20:27:36.494 [info] Got 1 sessions for ...
2025-11-02 20:27:41.123 [info] Getting sessions for all scopes...
2025-11-02 20:27:41.123 [info] Got 1 sessions for ...
2025-11-02 20:27:41.126 [info] Getting sessions for all scopes...
2025-11-02 20:27:41.126 [info] Got 1 sessions for ...
2025-11-02 20:31:19.186 [info] Getting sessions for read:user,repo,user:email,workflow...
2025-11-02 20:31:19.186 [info] Got 1 sessions for read:user,repo,user:email,workflow...
2025-11-02 20:54:08.668 [info] Getting sessions for read:user,repo,user:email,workflow...
2025-11-02 20:54:08.668 [info] Got 1 sessions for read:user,repo,user:email,workflow...
2025-11-02 20:54:09.174 [info] Getting sessions for all scopes...
2025-11-02 20:54:09.175 [info] Got 1 sessions for ...
2025-11-02 20:54:09.185 [info] Getting sessions for all scopes...
2025-11-02 20:54:09.185 [info] Got 1 sessions for ...
2025-11-02 20:54:09.295 [info] Getting sessions for all scopes...
2025-11-02 20:54:09.295 [info] Got 1 sessions for ...
2025-11-02 20:54:09.299 [info] Getting sessions for all scopes...
2025-11-02 20:54:09.299 [info] Got 1 sessions for ...
2025-11-02 21:17:06.945 [info] Getting sessions for read:user,repo,user:email,workflow...
2025-11-02 21:17:06.945 [info] Got 1 sessions for read:user,repo,user:email,workflow...
2025-11-02 21:22:03.821 [info] Getting sessions for read:user,repo,user:email,workflow...
2025-11-02 21:22:03.821 [info] Got 1 sessions for read:user,repo,user:email,workflow...
2025-11-02 21:22:04.270 [info] Getting sessions for all scopes...
2025-11-02 21:22:04.270 [info] Got 1 sessions for ...
2025-11-02 21:22:04.272 [info] Getting sessions for all scopes...
2025-11-02 21:22:04.272 [info] Got 1 sessions for ...
2025-11-02 21:22:08.492 [info] Getting sessions for all scopes...
2025-11-02 21:22:08.492 [info] Got 1 sessions for ...
2025-11-02 21:22:08.497 [info] Getting sessions for all scopes...
2025-11-02 21:22:08.497 [info] Got 1 sessions for ...
2025-11-02 21:22:12.736 [info] Getting sessions for all scopes...
2025-11-02 21:22:12.737 [info] Got 1 sessions for ...
2025-11-02 21:22:12.757 [info] Getting sessions for read:user,repo,user:email,workflow...
2025-11-02 21:22:12.757 [info] Got 1 sessions for read:user,repo,user:email,workflow...
2025-11-02 21:22:13.140 [info] Getting sessions for all scopes...
2025-11-02 21:22:13.140 [info] Got 1 sessions for ...
2025-11-02 21:22:13.140 [info] Getting sessions for all scopes...
2025-11-02 21:22:13.140 [info] Got 1 sessions for ...
2025-11-02 21:22:13.142 [info] Getting sessions for read:user,repo,user:email,workflow...
2025-11-02 21:22:13.142 [info] Got 1 sessions for read:user,repo,user:email,workflow...
2025-11-02 21:28:24.383 [info] Getting sessions for read:user,repo,user:email,workflow...
2025-11-02 21:28:24.383 [info] Got 1 sessions for read:user,repo,user:email,workflow...
2025-11-02 21:30:22.154 [info] Getting sessions for read:user,repo,user:email,workflow...
2025-11-02 21:30:22.154 [info] Got 1 sessions for read:user,repo,user:email,workflow...
2025-11-02 21:34:26.825 [info] Getting sessions for read:user,repo,user:email,workflow...
2025-11-02 21:34:26.825 [info] Got 1 sessions for read:user,repo,user:email,workflow...
2025-11-02 21:47:12.042 [info] Getting sessions for read:user,repo,user:email,workflow...
2025-11-02 21:47:12.042 [info] Got 1 sessions for read:user,repo,user:email,workflow...
2025-11-02 21:47:12.517 [info] Getting sessions for all scopes...
2025-11-02 21:47:12.517 [info] Got 1 sessions for ...
2025-11-02 21:47:12.524 [info] Getting sessions for all scopes...
2025-11-02 21:47:12.525 [info] Got 1 sessions for ...
2025-11-02 21:47:13.213 [info] Getting sessions for all scopes...
2025-11-02 21:47:13.213 [info] Got 1 sessions for ...
2025-11-02 21:47:13.215 [info] Getting sessions for all scopes...
2025-11-02 21:47:13.215 [info] Got 1 sessions for ...
2025-11-02 21:52:09.207 [info] Getting sessions for read:user,repo,user:email,workflow...
2025-11-02 21:52:09.208 [info] Got 1 sessions for read:user,repo,user:email,workflow...
2025-11-02 22:01:04.387 [info] Getting sessions for read:user,repo,user:email,workflow...
2025-11-02 22:01:04.387 [info] Got 1 sessions for read:user,repo,user:email,workflow...
2025-11-02 22:29:34.416 [info] Getting sessions for read:user,repo,user:email,workflow...
2025-11-02 22:29:34.416 [info] Got 1 sessions for read:user,repo,user:email,workflow...
2025-11-02 23:05:33.891 [info] Getting sessions for read:user,repo,user:email,workflow...
2025-11-02 23:05:33.892 [info] Got 1 sessions for read:user,repo,user:email,workflow...
2025-11-02 23:05:34.455 [info] Getting sessions for all scopes...
2025-11-02 23:05:34.455 [info] Got 1 sessions for ...
2025-11-02 23:05:34.458 [info] Getting sessions for all scopes...
2025-11-02 23:05:34.458 [info] Got 1 sessions for ...
2025-11-02 23:05:35.067 [info] Getting sessions for all scopes...
2025-11-02 23:05:35.067 [info] Got 1 sessions for ...
2025-11-02 23:05:35.082 [info] Getting sessions for all scopes...
2025-11-02 23:05:35.082 [info] Got 1 sessions for ...
2025-11-02 23:17:38.565 [info] Getting sessions for read:user,repo,user:email,workflow...
2025-11-02 23:17:38.565 [info] Got 1 sessions for read:user,repo,user:email,workflow...
2025-11-02 23:33:20.319 [info] Getting sessions for read:user,repo,user:email,workflow...
2025-11-02 23:33:20.319 [info] Got 1 sessions for read:user,repo,user:email,workflow...
2025-11-02 23:33:20.850 [info] Getting sessions for all scopes...
2025-11-02 23:33:20.850 [info] Got 1 sessions for ...
2025-11-02 23:33:20.885 [info] Getting sessions for all scopes...
2025-11-02 23:33:20.885 [info] Got 1 sessions for ...
2025-11-02 23:33:20.976 [info] Getting sessions for all scopes...
2025-11-02 23:33:20.976 [info] Got 1 sessions for ...
2025-11-02 23:33:20.982 [info] Getting sessions for all scopes...
2025-11-02 23:33:20.982 [info] Got 1 sessions for ...
2025-11-02 23:47:06.192 [info] Getting sessions for read:user,repo,user:email,workflow...
2025-11-02 23:47:06.193 [info] Got 1 sessions for read:user,repo,user:email,workflow...
2025-11-02 23:49:05.280 [info] Getting sessions for read:user,repo,user:email,workflow...
2025-11-02 23:49:05.280 [info] Got 1 sessions for read:user,repo,user:email,workflow...
2025-11-02 23:58:35.621 [info] Getting sessions for read:user,repo,user:email,workflow...
2025-11-02 23:58:35.621 [info] Got 1 sessions for read:user,repo,user:email,workflow...
2025-11-02 23:58:36.259 [info] Getting sessions for all scopes...
2025-11-02 23:58:36.259 [info] Got 1 sessions for ...
2025-11-02 23:58:36.262 [info] Getting sessions for all scopes...
2025-11-02 23:58:36.262 [info] Got 1 sessions for ...
2025-11-02 23:58:36.858 [info] Getting sessions for all scopes...
2025-11-02 23:58:36.858 [info] Got 1 sessions for ...
2025-11-02 23:58:36.862 [info] Getting sessions for all scopes...
2025-11-02 23:58:36.862 [info] Got 1 sessions for ...
2025-11-03 01:16:26.196 [info] Getting sessions for read:user,repo,user:email,workflow...
2025-11-03 01:16:26.198 [info] Got 1 sessions for read:user,repo,user:email,workflow...
2025-11-03 01:16:26.713 [info] Getting sessions for all scopes...
2025-11-03 01:16:26.713 [info] Got 1 sessions for ...
2025-11-03 01:16:26.715 [info] Getting sessions for all scopes...
2025-11-03 01:16:26.715 [info] Got 1 sessions for ...
2025-11-03 01:16:27.044 [info] Getting sessions for all scopes...
2025-11-03 01:16:27.044 [info] Got 1 sessions for ...
2025-11-03 01:16:27.048 [info] Getting sessions for all scopes...
2025-11-03 01:16:27.049 [info] Got 1 sessions for ...
2025-11-03 01:41:45.984 [info] Getting sessions for read:user,repo,user:email,workflow...
2025-11-03 01:41:45.984 [info] Got 1 sessions for read:user,repo,user:email,workflow...
2025-11-03 01:41:46.428 [info] Getting sessions for all scopes...
2025-11-03 01:41:46.428 [info] Got 1 sessions for ...
2025-11-03 01:41:46.433 [info] Getting sessions for all scopes...
2025-11-03 01:41:46.433 [info] Got 1 sessions for ...
2025-11-03 01:45:11.413 [info] Getting sessions for all scopes...
2025-11-03 01:45:11.413 [info] Got 1 sessions for ...
2025-11-03 01:45:11.418 [info] Getting sessions for all scopes...
2025-11-03 01:45:11.418 [info] Got 1 sessions for ...
2025-11-03 02:02:37.182 [info] Getting sessions for read:user,repo,user:email,workflow...
2025-11-03 02:02:37.182 [info] Got 1 sessions for read:user,repo,user:email,workflow...
2025-11-03 13:41:25.471 [info] Getting sessions for read:user,repo,user:email,workflow...
2025-11-03 13:41:25.471 [info] Got 1 sessions for read:user,repo,user:email,workflow...
2025-11-03 13:46:15.955 [info] Getting sessions for read:user,repo,user:email,workflow...
2025-11-03 13:46:15.957 [info] Got 1 sessions for read:user,repo,user:email,workflow...
