2025-10-27 12:14:05.277 [info] [aebc6443-996d-45c2-90f0-388ff96faa56] Native Broker is only available on Windows and macOS
2025-10-27 12:14:05.381 [info] [getSessions] [all] starting
2025-10-27 12:14:05.381 [info] [getSessions] [all] returned 0 session(s)
2025-10-27 12:14:05.381 [info] [getSessions] [all] starting
2025-10-27 12:14:05.381 [info] [getSessions] [all] returned 0 session(s)
2025-10-27 12:14:05.382 [info] [getSessions] [all] starting
2025-10-27 12:14:05.382 [info] [getSessions] [all] returned 0 session(s)
2025-10-27 12:14:05.382 [info] [getSessions] [all] starting
2025-10-27 12:14:05.382 [info] [getSessions] [all] returned 0 session(s)
2025-10-27 12:14:05.387 [info] [getSessions] [499b84ac-1321-427f-aa17-267ca6975798/.default offline_access] starting
2025-10-27 12:14:05.387 [info] [aebc6443-996d-45c2-90f0-388ff96faa56] Native Broker is only available on Windows and macOS
2025-10-27 12:14:05.511 [info] [getSessions] [499b84ac-1321-427f-aa17-267ca6975798/.default offline_access] returned 0 session(s)
2025-10-27 12:14:05.599 [info] [getSessions] [499b84ac-1321-427f-aa17-267ca6975798/.default offline_access] starting
2025-10-27 12:14:05.599 [info] [getSessions] [499b84ac-1321-427f-aa17-267ca6975798/.default offline_access] returned 0 session(s)
2025-10-27 12:14:06.808 [info] [getSessions] [all] starting
2025-10-27 12:14:06.808 [info] [getSessions] [all] returned 0 session(s)
2025-10-27 12:44:21.674 [info] [getSessions] [499b84ac-1321-427f-aa17-267ca6975798/.default offline_access] starting
2025-10-27 12:44:21.674 [info] [getSessions] [499b84ac-1321-427f-aa17-267ca6975798/.default offline_access] returned 0 session(s)
2025-11-02 09:03:38.183 [info] [aebc6443-996d-45c2-90f0-388ff96faa56] Native Broker is only available on Windows and macOS
2025-11-02 09:03:38.195 [info] [getSessions] [all] starting
2025-11-02 09:03:38.195 [info] [getSessions] [all] returned 0 session(s)
2025-11-02 09:03:38.195 [info] [getSessions] [all] starting
2025-11-02 09:03:38.195 [info] [getSessions] [all] returned 0 session(s)
2025-11-02 09:03:38.195 [info] [getSessions] [all] starting
2025-11-02 09:03:38.195 [info] [getSessions] [all] returned 0 session(s)
2025-11-02 09:03:38.197 [info] [getSessions] [499b84ac-1321-427f-aa17-267ca6975798/.default offline_access] starting
2025-11-02 09:03:38.197 [info] [aebc6443-996d-45c2-90f0-388ff96faa56] Native Broker is only available on Windows and macOS
2025-11-02 09:03:38.199 [info] [getSessions] [499b84ac-1321-427f-aa17-267ca6975798/.default offline_access] returned 0 session(s)
2025-11-02 09:03:39.906 [info] [getSessions] [all] starting
2025-11-02 09:03:39.906 [info] [getSessions] [all] returned 0 session(s)
2025-11-02 09:03:39.906 [info] [getSessions] [all] starting
2025-11-02 09:03:39.906 [info] [getSessions] [all] returned 0 session(s)
2025-11-02 09:03:39.907 [info] [getSessions] [all] starting
2025-11-02 09:03:39.907 [info] [getSessions] [all] returned 0 session(s)
2025-11-02 09:03:40.106 [info] [getSessions] [499b84ac-1321-427f-aa17-267ca6975798/.default offline_access] starting
2025-11-02 09:03:40.106 [info] [getSessions] [499b84ac-1321-427f-aa17-267ca6975798/.default offline_access] returned 0 session(s)
2025-11-02 09:03:50.248 [info] [getSessions] [all] starting
2025-11-02 09:03:50.248 [info] [getSessions] [all] returned 0 session(s)
