2025-10-27 12:14:00.611 [info] Reading sessions from keychain...
2025-10-27 12:14:00.611 [info] Getting sessions for all scopes...
2025-10-27 12:14:00.692 [info] Got stored sessions!
2025-10-27 12:14:00.692 [info] Got 1 verified sessions.
2025-10-27 12:14:00.692 [info] Got 1 sessions for ...
2025-10-27 12:14:00.693 [info] Getting sessions for all scopes...
2025-10-27 12:14:00.693 [info] Got 1 sessions for ...
2025-10-27 12:14:00.693 [info] Getting sessions for all scopes...
2025-10-27 12:14:00.693 [info] Got 1 sessions for ...
2025-10-27 12:14:00.693 [info] Getting sessions for all scopes...
2025-10-27 12:14:00.693 [info] Got 1 sessions for ...
2025-10-27 12:14:00.693 [info] Getting sessions for all scopes...
2025-10-27 12:14:00.693 [info] Got 1 sessions for ...
2025-10-27 12:14:00.693 [info] Getting sessions for all scopes...
2025-10-27 12:14:00.693 [info] Got 1 sessions for ...
2025-10-27 12:14:00.693 [info] Getting sessions for all scopes...
2025-10-27 12:14:00.693 [info] Got 1 sessions for ...
2025-10-27 12:14:00.775 [info] Getting sessions for all scopes...
2025-10-27 12:14:00.775 [info] Got 1 sessions for ...
2025-10-27 12:14:00.786 [info] Getting sessions for all scopes...
2025-10-27 12:14:00.786 [info] Got 1 sessions for ...
2025-10-27 12:14:00.787 [info] Getting sessions for all scopes...
2025-10-27 12:14:00.787 [info] Got 1 sessions for ...
2025-10-27 12:14:00.787 [info] Getting sessions for all scopes...
2025-10-27 12:14:00.787 [info] Got 1 sessions for ...
2025-10-27 12:14:00.787 [info] Getting sessions for all scopes...
2025-10-27 12:14:00.787 [info] Got 1 sessions for ...
2025-10-27 12:14:00.787 [info] Getting sessions for all scopes...
2025-10-27 12:14:00.787 [info] Got 1 sessions for ...
2025-10-27 12:14:01.356 [info] Getting sessions for all scopes...
2025-10-27 12:14:01.356 [info] Got 1 sessions for ...
2025-10-27 12:14:04.235 [info] Getting sessions for all scopes...
2025-10-27 12:14:04.235 [info] Got 1 sessions for ...
2025-10-27 12:14:04.254 [info] Getting sessions for all scopes...
2025-10-27 12:14:04.254 [info] Got 1 sessions for ...
2025-10-27 12:14:04.254 [info] Getting sessions for all scopes...
2025-10-27 12:14:04.254 [info] Got 1 sessions for ...
2025-10-27 12:14:04.255 [info] Getting sessions for all scopes...
2025-10-27 12:14:04.255 [info] Got 1 sessions for ...
2025-10-27 12:14:04.418 [info] Getting sessions for all scopes...
2025-10-27 12:14:04.418 [info] Got 1 sessions for ...
2025-10-27 12:14:04.418 [info] Getting sessions for all scopes...
2025-10-27 12:14:04.418 [info] Got 1 sessions for ...
2025-10-27 12:14:04.760 [info] Getting sessions for all scopes...
2025-10-27 12:14:04.760 [info] Got 1 sessions for ...
2025-10-27 12:14:04.762 [info] FetcherService: Electron fetch failed with status: 429 
2025-10-27 12:14:05.116 [info] Getting sessions for read:user,repo,user:email,workflow...
2025-10-27 12:14:05.116 [info] Got 1 sessions for read:user,repo,user:email,workflow...
2025-10-27 12:14:05.148 [info] Getting sessions for read:user,repo,user:email,workflow...
2025-10-27 12:14:05.148 [info] Got 1 sessions for read:user,repo,user:email,workflow...
2025-10-27 12:14:05.161 [info] Getting sessions for all scopes...
2025-10-27 12:14:05.161 [info] Got 1 sessions for ...
2025-10-27 12:14:05.217 [info] Getting sessions for all scopes...
2025-10-27 12:14:05.217 [info] Got 1 sessions for ...
2025-10-27 12:14:05.217 [info] Getting sessions for read:user,repo,user:email,workflow...
2025-10-27 12:14:05.218 [info] Got 1 sessions for read:user,repo,user:email,workflow...
2025-10-27 12:14:05.381 [info] Getting sessions for all scopes...
2025-10-27 12:14:05.381 [info] Got 1 sessions for ...
2025-10-27 12:14:05.497 [info] FetcherService: Node fetch failed with status: 429 Too Many Requests
2025-10-27 12:14:05.599 [info] Getting sessions for all scopes...
2025-10-27 12:14:05.599 [info] Got 1 sessions for ...
2025-10-27 12:14:05.599 [info] Getting sessions for all scopes...
2025-10-27 12:14:05.599 [info] Got 1 sessions for ...
2025-10-27 12:14:05.609 [info] Getting sessions for read:user,repo,user:email,workflow...
2025-10-27 12:14:05.609 [info] Got 1 sessions for read:user,repo,user:email,workflow...
2025-10-27 12:14:05.698 [info] Getting sessions for all scopes...
2025-10-27 12:14:05.698 [info] Got 1 sessions for ...
2025-10-27 12:14:05.702 [info] Getting sessions for all scopes...
2025-10-27 12:14:05.702 [info] Got 1 sessions for ...
2025-10-27 12:14:05.702 [info] Getting sessions for all scopes...
2025-10-27 12:14:05.702 [info] Got 1 sessions for ...
2025-10-27 12:14:05.711 [info] Getting sessions for read:user,repo,user:email,workflow...
2025-10-27 12:14:05.711 [info] Got 1 sessions for read:user,repo,user:email,workflow...
2025-10-27 12:14:05.883 [info] FetcherService: Node http/s failed with status: 429 Too Many Requests
2025-10-27 12:14:06.807 [info] Getting sessions for all scopes...
2025-10-27 12:14:06.808 [info] Got 1 sessions for ...
2025-10-27 12:44:21.261 [info] Getting sessions for all scopes...
2025-10-27 12:44:21.261 [info] Got 1 sessions for ...
2025-10-27 12:44:21.286 [info] Getting sessions for read:user,repo,user:email,workflow...
2025-10-27 12:44:21.286 [info] Got 1 sessions for read:user,repo,user:email,workflow...
2025-10-27 12:44:21.673 [info] Getting sessions for all scopes...
2025-10-27 12:44:21.673 [info] Got 1 sessions for ...
2025-10-27 12:44:21.674 [info] Getting sessions for all scopes...
2025-10-27 12:44:21.674 [info] Got 1 sessions for ...
2025-10-27 12:44:21.678 [info] Getting sessions for read:user,repo,user:email,workflow...
2025-10-27 12:44:21.678 [info] Got 1 sessions for read:user,repo,user:email,workflow...
2025-10-27 12:54:01.857 [info] Getting sessions for read:user,repo,user:email,workflow...
2025-10-27 12:54:01.857 [info] Got 1 sessions for read:user,repo,user:email,workflow...
2025-10-27 14:54:33.627 [info] Getting sessions for read:user,repo,user:email,workflow...
2025-10-27 14:54:33.627 [info] Got 1 sessions for read:user,repo,user:email,workflow...
2025-10-27 14:55:32.074 [info] Getting sessions for read:user,repo,user:email,workflow...
2025-10-27 14:55:32.074 [info] Got 1 sessions for read:user,repo,user:email,workflow...
2025-10-27 15:25:02.360 [info] Getting sessions for read:user,repo,user:email,workflow...
2025-10-27 15:25:02.360 [info] Got 1 sessions for read:user,repo,user:email,workflow...
2025-10-27 15:51:57.551 [info] Getting sessions for read:user,repo,user:email,workflow...
2025-10-27 15:51:57.551 [info] Got 1 sessions for read:user,repo,user:email,workflow...
2025-10-27 17:38:30.405 [info] Getting sessions for read:user,repo,user:email,workflow...
2025-10-27 17:38:30.405 [info] Got 1 sessions for read:user,repo,user:email,workflow...
2025-10-27 20:41:44.851 [info] Getting sessions for read:user,repo,user:email,workflow...
2025-10-27 20:41:44.851 [info] Got 1 sessions for read:user,repo,user:email,workflow...
2025-10-27 20:42:15.545 [info] Getting sessions for read:user,repo,user:email,workflow...
2025-10-27 20:42:15.546 [info] Got 1 sessions for read:user,repo,user:email,workflow...
2025-10-27 20:42:16.423 [info] Getting sessions for read:user,repo,user:email,workflow...
2025-10-27 20:42:16.423 [info] Got 1 sessions for read:user,repo,user:email,workflow...
2025-10-28 14:49:51.115 [info] Getting sessions for read:user,repo,user:email,workflow...
2025-10-28 14:49:51.115 [info] Got 1 sessions for read:user,repo,user:email,workflow...
2025-10-28 15:11:43.865 [info] Getting sessions for read:user,repo,user:email,workflow...
2025-10-28 15:11:43.865 [info] Got 1 sessions for read:user,repo,user:email,workflow...
2025-10-28 15:11:51.330 [info] Getting sessions for read:user,repo,user:email,workflow...
2025-10-28 15:11:51.330 [info] Got 1 sessions for read:user,repo,user:email,workflow...
2025-10-28 15:19:09.194 [info] Getting sessions for read:user,repo,user:email,workflow...
2025-10-28 15:19:09.194 [info] Got 1 sessions for read:user,repo,user:email,workflow...
2025-10-28 15:44:57.659 [info] Getting sessions for read:user,repo,user:email,workflow...
2025-10-28 15:44:57.659 [info] Got 1 sessions for read:user,repo,user:email,workflow...
2025-10-28 15:55:32.842 [info] Getting sessions for read:user,repo,user:email,workflow...
2025-10-28 15:55:32.842 [info] Got 1 sessions for read:user,repo,user:email,workflow...
2025-10-28 16:00:14.725 [info] Getting sessions for read:user,repo,user:email,workflow...
2025-10-28 16:00:14.725 [info] Got 1 sessions for read:user,repo,user:email,workflow...
2025-10-28 16:00:48.787 [info] Getting sessions for read:user,repo,user:email,workflow...
2025-10-28 16:00:48.787 [info] Got 1 sessions for read:user,repo,user:email,workflow...
2025-10-29 16:22:22.161 [info] Getting sessions for read:user,repo,user:email,workflow...
2025-10-29 16:22:22.163 [info] Got 1 sessions for read:user,repo,user:email,workflow...
2025-10-29 16:24:04.967 [info] Getting sessions for read:user,repo,user:email,workflow...
2025-10-29 16:24:04.967 [info] Got 1 sessions for read:user,repo,user:email,workflow...
2025-10-30 21:42:58.296 [info] Getting sessions for read:user,repo,user:email,workflow...
2025-10-30 21:42:58.296 [info] Got 1 sessions for read:user,repo,user:email,workflow...
2025-10-30 21:53:08.854 [info] Getting sessions for read:user,repo,user:email,workflow...
2025-10-30 21:53:08.854 [info] Got 1 sessions for read:user,repo,user:email,workflow...
2025-10-30 21:59:16.811 [info] Getting sessions for read:user,repo,user:email,workflow...
2025-10-30 21:59:16.811 [info] Got 1 sessions for read:user,repo,user:email,workflow...
2025-10-30 22:04:34.507 [info] Getting sessions for read:user,repo,user:email,workflow...
2025-10-30 22:04:34.507 [info] Got 1 sessions for read:user,repo,user:email,workflow...
2025-10-30 22:04:35.503 [info] Getting sessions for read:user,repo,user:email,workflow...
2025-10-30 22:04:35.504 [info] Got 1 sessions for read:user,repo,user:email,workflow...
2025-10-30 22:12:39.456 [info] Getting sessions for read:user,repo,user:email,workflow...
2025-10-30 22:12:39.456 [info] Got 1 sessions for read:user,repo,user:email,workflow...
2025-10-30 22:12:45.937 [info] Getting sessions for read:user,repo,user:email,workflow...
2025-10-30 22:12:45.937 [info] Got 1 sessions for read:user,repo,user:email,workflow...
2025-10-30 22:12:46.713 [info] Getting sessions for read:user,repo,user:email,workflow...
2025-10-30 22:12:46.713 [info] Got 1 sessions for read:user,repo,user:email,workflow...
2025-10-31 13:17:43.170 [info] Getting sessions for read:user,repo,user:email,workflow...
2025-10-31 13:17:43.170 [info] Got 1 sessions for read:user,repo,user:email,workflow...
2025-10-31 13:22:52.349 [info] Getting sessions for read:user,repo,user:email,workflow...
2025-10-31 13:22:52.349 [info] Got 1 sessions for read:user,repo,user:email,workflow...
2025-10-31 13:22:53.257 [info] Getting sessions for read:user,repo,user:email,workflow...
2025-10-31 13:22:53.257 [info] Got 1 sessions for read:user,repo,user:email,workflow...
2025-10-31 13:23:00.425 [info] Getting sessions for read:user,repo,user:email,workflow...
2025-10-31 13:23:00.425 [info] Got 1 sessions for read:user,repo,user:email,workflow...
2025-10-31 13:23:06.708 [info] Getting sessions for read:user,repo,user:email,workflow...
2025-10-31 13:23:06.708 [info] Got 1 sessions for read:user,repo,user:email,workflow...
2025-10-31 13:23:07.589 [info] Getting sessions for read:user,repo,user:email,workflow...
2025-10-31 13:23:07.589 [info] Got 1 sessions for read:user,repo,user:email,workflow...
2025-10-31 13:23:34.939 [info] Getting sessions for read:user,repo,user:email,workflow...
2025-10-31 13:23:34.940 [info] Got 1 sessions for read:user,repo,user:email,workflow...
2025-10-31 13:23:39.842 [info] Getting sessions for read:user,repo,user:email,workflow...
2025-10-31 13:23:39.842 [info] Got 1 sessions for read:user,repo,user:email,workflow...
2025-10-31 13:28:43.121 [info] Getting sessions for read:user,repo,user:email,workflow...
2025-10-31 13:28:43.121 [info] Got 1 sessions for read:user,repo,user:email,workflow...
2025-10-31 13:30:01.510 [info] Getting sessions for read:user,repo,user:email,workflow...
2025-10-31 13:30:01.510 [info] Got 1 sessions for read:user,repo,user:email,workflow...
2025-10-31 13:30:02.325 [info] Getting sessions for read:user,repo,user:email,workflow...
2025-10-31 13:30:02.325 [info] Got 1 sessions for read:user,repo,user:email,workflow...
2025-10-31 13:32:16.290 [info] Getting sessions for read:user,repo,user:email,workflow...
2025-10-31 13:32:16.290 [info] Got 1 sessions for read:user,repo,user:email,workflow...
2025-10-31 18:18:12.560 [info] Getting sessions for read:user,repo,user:email,workflow...
2025-10-31 18:18:12.560 [info] Got 1 sessions for read:user,repo,user:email,workflow...
2025-10-31 18:18:15.678 [info] Getting sessions for read:user,repo,user:email,workflow...
2025-10-31 18:18:15.678 [info] Got 1 sessions for read:user,repo,user:email,workflow...
2025-10-31 18:18:16.530 [info] Getting sessions for read:user,repo,user:email,workflow...
2025-10-31 18:18:16.530 [info] Got 1 sessions for read:user,repo,user:email,workflow...
2025-10-31 18:19:03.173 [info] Getting sessions for read:user,repo,user:email,workflow...
2025-10-31 18:19:03.173 [info] Got 1 sessions for read:user,repo,user:email,workflow...
2025-10-31 18:19:32.916 [info] Getting sessions for read:user,repo,user:email,workflow...
2025-10-31 18:19:32.917 [info] Got 1 sessions for read:user,repo,user:email,workflow...
2025-10-31 18:19:33.769 [info] Getting sessions for read:user,repo,user:email,workflow...
2025-10-31 18:19:33.769 [info] Got 1 sessions for read:user,repo,user:email,workflow...
2025-10-31 19:30:03.849 [info] Getting sessions for read:user,repo,user:email,workflow...
2025-10-31 19:30:03.849 [info] Got 1 sessions for read:user,repo,user:email,workflow...
2025-10-31 19:38:47.722 [info] Getting sessions for read:user,repo,user:email,workflow...
2025-10-31 19:38:47.722 [info] Got 1 sessions for read:user,repo,user:email,workflow...
2025-10-31 19:38:48.482 [info] Getting sessions for read:user,repo,user:email,workflow...
2025-10-31 19:38:48.482 [info] Got 1 sessions for read:user,repo,user:email,workflow...
2025-10-31 19:39:58.272 [info] Getting sessions for read:user,repo,user:email,workflow...
2025-10-31 19:39:58.272 [info] Got 1 sessions for read:user,repo,user:email,workflow...
2025-10-31 19:55:12.758 [info] Getting sessions for read:user,repo,user:email,workflow...
2025-10-31 19:55:12.758 [info] Got 1 sessions for read:user,repo,user:email,workflow...
2025-10-31 20:20:13.509 [info] Getting sessions for read:user,repo,user:email,workflow...
2025-10-31 20:20:13.510 [info] Got 1 sessions for read:user,repo,user:email,workflow...
2025-10-31 20:45:25.886 [info] Getting sessions for read:user,repo,user:email,workflow...
2025-10-31 20:45:25.886 [info] Got 1 sessions for read:user,repo,user:email,workflow...
2025-10-31 21:14:03.234 [info] Getting sessions for read:user,repo,user:email,workflow...
2025-10-31 21:14:03.236 [info] Got 1 sessions for read:user,repo,user:email,workflow...
2025-10-31 21:39:10.673 [info] Getting sessions for read:user,repo,user:email,workflow...
2025-10-31 21:39:10.673 [info] Got 1 sessions for read:user,repo,user:email,workflow...
2025-10-31 21:51:29.946 [info] Getting sessions for read:user,repo,user:email,workflow...
2025-10-31 21:51:29.946 [info] Got 1 sessions for read:user,repo,user:email,workflow...
2025-10-31 21:51:30.651 [info] Getting sessions for read:user,repo,user:email,workflow...
2025-10-31 21:51:30.651 [info] Got 1 sessions for read:user,repo,user:email,workflow...
2025-10-31 22:25:36.516 [info] Getting sessions for read:user,repo,user:email,workflow...
2025-10-31 22:25:36.516 [info] Got 1 sessions for read:user,repo,user:email,workflow...
2025-10-31 22:29:35.955 [info] Getting sessions for read:user,repo,user:email,workflow...
2025-10-31 22:29:35.955 [info] Got 1 sessions for read:user,repo,user:email,workflow...
2025-10-31 22:29:36.887 [info] Getting sessions for read:user,repo,user:email,workflow...
2025-10-31 22:29:36.887 [info] Got 1 sessions for read:user,repo,user:email,workflow...
2025-10-31 22:50:38.038 [info] Getting sessions for read:user,repo,user:email,workflow...
2025-10-31 22:50:38.038 [info] Got 1 sessions for read:user,repo,user:email,workflow...
2025-10-31 23:08:54.731 [info] Getting sessions for read:user,repo,user:email,workflow...
2025-10-31 23:08:54.731 [info] Got 1 sessions for read:user,repo,user:email,workflow...
2025-10-31 23:17:35.393 [info] Getting sessions for read:user,repo,user:email,workflow...
2025-10-31 23:17:35.394 [info] Got 1 sessions for read:user,repo,user:email,workflow...
2025-10-31 23:43:38.048 [info] Getting sessions for read:user,repo,user:email,workflow...
2025-10-31 23:43:38.048 [info] Got 1 sessions for read:user,repo,user:email,workflow...
2025-10-31 23:43:58.212 [info] Getting sessions for read:user,repo,user:email,workflow...
2025-10-31 23:43:58.212 [info] Got 1 sessions for read:user,repo,user:email,workflow...
2025-11-01 00:10:12.928 [info] Getting sessions for read:user,repo,user:email,workflow...
2025-11-01 00:10:12.928 [info] Got 1 sessions for read:user,repo,user:email,workflow...
2025-11-01 00:13:03.152 [info] Getting sessions for read:user,repo,user:email,workflow...
2025-11-01 00:13:03.152 [info] Got 1 sessions for read:user,repo,user:email,workflow...
2025-11-01 00:50:28.856 [info] Getting sessions for read:user,repo,user:email,workflow...
2025-11-01 00:50:28.856 [info] Got 1 sessions for read:user,repo,user:email,workflow...
2025-11-01 01:11:59.496 [info] Getting sessions for read:user,repo,user:email,workflow...
2025-11-01 01:11:59.498 [info] Got 1 sessions for read:user,repo,user:email,workflow...
2025-11-01 01:19:07.095 [info] Getting sessions for read:user,repo,user:email,workflow...
2025-11-01 01:19:07.095 [info] Got 1 sessions for read:user,repo,user:email,workflow...
2025-11-01 01:22:53.535 [info] Getting sessions for read:user,repo,user:email,workflow...
2025-11-01 01:22:53.535 [info] Got 1 sessions for read:user,repo,user:email,workflow...
2025-11-01 01:22:54.250 [info] Getting sessions for read:user,repo,user:email,workflow...
2025-11-01 01:22:54.250 [info] Got 1 sessions for read:user,repo,user:email,workflow...
2025-11-01 01:37:06.085 [info] Getting sessions for read:user,repo,user:email,workflow...
2025-11-01 01:37:06.085 [info] Got 1 sessions for read:user,repo,user:email,workflow...
2025-11-01 01:42:39.857 [info] Getting sessions for read:user,repo,user:email,workflow...
2025-11-01 01:42:39.857 [info] Got 1 sessions for read:user,repo,user:email,workflow...
2025-11-01 01:42:40.672 [info] Getting sessions for read:user,repo,user:email,workflow...
2025-11-01 01:42:40.672 [info] Got 1 sessions for read:user,repo,user:email,workflow...
2025-11-01 01:43:46.035 [info] Getting sessions for read:user,repo,user:email,workflow...
2025-11-01 01:43:46.035 [info] Got 1 sessions for read:user,repo,user:email,workflow...
2025-11-01 16:34:17.596 [info] Getting sessions for read:user,repo,user:email,workflow...
2025-11-01 16:34:17.598 [info] Got 1 sessions for read:user,repo,user:email,workflow...
2025-11-01 16:52:04.378 [info] Getting sessions for read:user,repo,user:email,workflow...
2025-11-01 16:52:04.378 [info] Got 1 sessions for read:user,repo,user:email,workflow...
2025-11-01 16:52:48.354 [info] Getting sessions for read:user,repo,user:email,workflow...
2025-11-01 16:52:48.354 [info] Got 1 sessions for read:user,repo,user:email,workflow...
2025-11-01 16:52:49.228 [info] Getting sessions for read:user,repo,user:email,workflow...
2025-11-01 16:52:49.228 [info] Got 1 sessions for read:user,repo,user:email,workflow...
2025-11-01 20:07:17.119 [info] Getting sessions for read:user,repo,user:email,workflow...
2025-11-01 20:07:17.121 [info] Got 1 sessions for read:user,repo,user:email,workflow...
2025-11-01 21:03:41.435 [info] Getting sessions for read:user,repo,user:email,workflow...
2025-11-01 21:03:41.435 [info] Got 1 sessions for read:user,repo,user:email,workflow...
2025-11-02 09:03:38.137 [info] Reading sessions from keychain...
2025-11-02 09:03:38.137 [info] Getting sessions for all scopes...
2025-11-02 09:03:38.137 [info] Got stored sessions!
2025-11-02 09:03:38.137 [info] Got 1 verified sessions.
2025-11-02 09:03:38.137 [info] Got 1 sessions for ...
2025-11-02 09:03:38.137 [info] Getting sessions for all scopes...
2025-11-02 09:03:38.137 [info] Got 1 sessions for ...
2025-11-02 09:03:38.137 [info] Getting sessions for all scopes...
2025-11-02 09:03:38.137 [info] Got 1 sessions for ...
2025-11-02 09:03:38.137 [info] Getting sessions for all scopes...
2025-11-02 09:03:38.137 [info] Got 1 sessions for ...
2025-11-02 09:03:38.137 [info] Getting sessions for all scopes...
2025-11-02 09:03:38.137 [info] Got 1 sessions for ...
2025-11-02 09:03:38.137 [info] Getting sessions for all scopes...
2025-11-02 09:03:38.137 [info] Got 1 sessions for ...
2025-11-02 09:03:38.137 [info] Getting sessions for all scopes...
2025-11-02 09:03:38.137 [info] Got 1 sessions for ...
2025-11-02 09:03:38.137 [info] Getting sessions for all scopes...
2025-11-02 09:03:38.137 [info] Got 1 sessions for ...
2025-11-02 09:03:38.137 [info] Getting sessions for all scopes...
2025-11-02 09:03:38.137 [info] Got 1 sessions for ...
2025-11-02 09:03:38.137 [info] Getting sessions for all scopes...
2025-11-02 09:03:38.137 [info] Got 1 sessions for ...
2025-11-02 09:03:38.137 [info] Getting sessions for all scopes...
2025-11-02 09:03:38.137 [info] Got 1 sessions for ...
2025-11-02 09:03:38.137 [info] Getting sessions for all scopes...
2025-11-02 09:03:38.137 [info] Got 1 sessions for ...
2025-11-02 09:03:38.137 [info] Getting sessions for all scopes...
2025-11-02 09:03:38.137 [info] Got 1 sessions for ...
2025-11-02 09:03:38.138 [info] Getting sessions for all scopes...
2025-11-02 09:03:38.138 [info] Got 1 sessions for ...
2025-11-02 09:03:38.138 [info] Getting sessions for all scopes...
2025-11-02 09:03:38.138 [info] Got 1 sessions for ...
2025-11-02 09:03:38.138 [info] Getting sessions for all scopes...
2025-11-02 09:03:38.138 [info] Got 1 sessions for ...
2025-11-02 09:03:38.138 [info] Getting sessions for all scopes...
2025-11-02 09:03:38.138 [info] Got 1 sessions for ...
2025-11-02 09:03:38.138 [info] Getting sessions for all scopes...
2025-11-02 09:03:38.138 [info] Got 1 sessions for ...
2025-11-02 09:03:38.159 [info] Getting sessions for read:user,repo,user:email,workflow...
2025-11-02 09:03:38.159 [info] Got 1 sessions for read:user,repo,user:email,workflow...
2025-11-02 09:03:38.201 [info] Getting sessions for all scopes...
2025-11-02 09:03:38.201 [info] Got 1 sessions for ...
2025-11-02 09:03:38.203 [info] Getting sessions for read:user,repo,user:email,workflow...
2025-11-02 09:03:38.203 [info] Got 1 sessions for read:user,repo,user:email,workflow...
2025-11-02 09:03:39.905 [info] Getting sessions for all scopes...
2025-11-02 09:03:39.906 [info] Got 1 sessions for ...
2025-11-02 09:03:39.906 [info] Getting sessions for all scopes...
2025-11-02 09:03:39.906 [info] Got 1 sessions for ...
2025-11-02 09:03:39.907 [info] Getting sessions for all scopes...
2025-11-02 09:03:39.907 [info] Got 1 sessions for ...
2025-11-02 09:03:40.105 [info] Getting sessions for all scopes...
2025-11-02 09:03:40.105 [info] Got 1 sessions for ...
2025-11-02 09:03:40.105 [info] Getting sessions for all scopes...
2025-11-02 09:03:40.105 [info] Got 1 sessions for ...
2025-11-02 09:03:40.452 [info] FetcherService: Electron fetch failed with status: 429 
2025-11-02 09:03:40.456 [info] Getting sessions for all scopes...
2025-11-02 09:03:40.456 [info] Got 1 sessions for ...
2025-11-02 09:03:40.457 [info] Getting sessions for read:user,repo,user:email,workflow...
2025-11-02 09:03:40.457 [info] Got 1 sessions for read:user,repo,user:email,workflow...
2025-11-02 09:03:40.472 [info] Getting sessions for all scopes...
2025-11-02 09:03:40.472 [info] Got 1 sessions for ...
2025-11-02 09:03:40.474 [info] Getting sessions for read:user,repo,user:email,workflow...
2025-11-02 09:03:40.474 [info] Got 1 sessions for read:user,repo,user:email,workflow...
2025-11-02 09:03:40.785 [info] FetcherService: Node fetch failed with status: 429 Too Many Requests
2025-11-02 09:03:41.155 [info] FetcherService: Node http/s failed with status: 429 Too Many Requests
2025-11-02 09:03:42.456 [info] Getting sessions for read:user,repo,user:email,workflow...
2025-11-02 09:03:42.456 [info] Got 1 sessions for read:user,repo,user:email,workflow...
2025-11-02 09:03:49.228 [info] Getting sessions for all scopes...
2025-11-02 09:03:49.229 [info] Got 1 sessions for ...
2025-11-02 09:03:49.247 [info] Getting sessions for all scopes...
2025-11-02 09:03:49.247 [info] Got 1 sessions for ...
2025-11-02 09:03:49.266 [info] Getting sessions for read:user,repo,user:email,workflow...
2025-11-02 09:03:49.266 [info] Got 1 sessions for read:user,repo,user:email,workflow...
2025-11-02 09:03:50.247 [info] Getting sessions for all scopes...
2025-11-02 09:03:50.247 [info] Got 1 sessions for ...
