2025-11-26 17:36:16.922 [info] Reading sessions from keychain...
2025-11-26 17:36:16.922 [info] Got stored sessions!
2025-11-26 17:36:16.922 [info] Got 1 verified sessions.
2025-11-26 17:36:16.922 [info] Getting sessions for all scopes...
2025-11-26 17:36:16.922 [info] Got 1 sessions for ...
2025-11-26 17:36:16.922 [info] Getting sessions for all scopes...
2025-11-26 17:36:16.922 [info] Got 1 sessions for ...
2025-11-26 17:36:16.922 [info] Getting sessions for all scopes...
2025-11-26 17:36:16.922 [info] Got 1 sessions for ...
2025-11-26 17:36:16.922 [info] Getting sessions for all scopes...
2025-11-26 17:36:16.922 [info] Got 1 sessions for ...
2025-11-26 17:36:16.922 [info] Getting sessions for all scopes...
2025-11-26 17:36:16.922 [info] Got 1 sessions for ...
2025-11-26 17:36:16.922 [info] Getting sessions for all scopes...
2025-11-26 17:36:16.922 [info] Got 1 sessions for ...
2025-11-26 17:36:16.922 [info] Getting sessions for all scopes...
2025-11-26 17:36:16.922 [info] Got 1 sessions for ...
2025-11-26 17:36:16.922 [info] Getting sessions for all scopes...
2025-11-26 17:36:16.922 [info] Got 1 sessions for ...
2025-11-26 17:36:16.922 [info] Getting sessions for all scopes...
2025-11-26 17:36:16.922 [info] Got 1 sessions for ...
2025-11-26 17:36:16.922 [info] Getting sessions for all scopes...
2025-11-26 17:36:16.922 [info] Got 1 sessions for ...
2025-11-26 17:36:16.922 [info] Getting sessions for all scopes...
2025-11-26 17:36:16.922 [info] Got 1 sessions for ...
2025-11-26 17:36:16.922 [info] Getting sessions for all scopes...
2025-11-26 17:36:16.922 [info] Got 1 sessions for ...
2025-11-26 17:36:16.922 [info] Getting sessions for all scopes...
2025-11-26 17:36:16.922 [info] Got 1 sessions for ...
2025-11-26 17:36:16.922 [info] Getting sessions for all scopes...
2025-11-26 17:36:16.922 [info] Got 1 sessions for ...
2025-11-26 17:36:16.922 [info] Getting sessions for all scopes...
2025-11-26 17:36:16.922 [info] Got 1 sessions for ...
2025-11-26 17:36:16.922 [info] Getting sessions for all scopes...
2025-11-26 17:36:16.922 [info] Got 1 sessions for ...
2025-11-26 17:36:16.922 [info] Getting sessions for all scopes...
2025-11-26 17:36:16.922 [info] Got 1 sessions for ...
2025-11-26 17:36:16.922 [info] Getting sessions for all scopes...
2025-11-26 17:36:16.922 [info] Got 1 sessions for ...
2025-11-26 17:36:16.999 [info] Getting sessions for read:user,repo,user:email,workflow...
2025-11-26 17:36:16.999 [info] Got 1 sessions for read:user,repo,user:email,workflow...
2025-11-26 17:36:17.079 [info] Getting sessions for all scopes...
2025-11-26 17:36:17.079 [info] Got 1 sessions for ...
2025-11-26 17:36:19.209 [info] Getting sessions for all scopes...
2025-11-26 17:36:19.210 [info] Got 1 sessions for ...
2025-11-26 17:36:19.210 [info] Getting sessions for all scopes...
2025-11-26 17:36:19.210 [info] Got 1 sessions for ...
2025-11-26 17:36:19.210 [info] Getting sessions for all scopes...
2025-11-26 17:36:19.210 [info] Got 1 sessions for ...
2025-11-26 17:36:19.801 [info] FetcherService: Electron fetch failed with status: 429 
2025-11-26 17:36:19.809 [info] Getting sessions for all scopes...
2025-11-26 17:36:19.809 [info] Got 1 sessions for ...
2025-11-26 17:36:19.847 [info] Getting sessions for read:user,repo,user:email,workflow...
2025-11-26 17:36:19.847 [info] Got 1 sessions for read:user,repo,user:email,workflow...
2025-11-26 17:36:19.866 [info] Getting sessions for all scopes...
2025-11-26 17:36:19.866 [info] Got 1 sessions for ...
2025-11-26 17:36:19.928 [info] Getting sessions for read:user,repo,user:email,workflow...
2025-11-26 17:36:19.928 [info] Got 1 sessions for read:user,repo,user:email,workflow...
2025-11-26 17:36:20.009 [info] Getting sessions for read:user,repo,user:email,workflow...
2025-11-26 17:36:20.009 [info] Got 1 sessions for read:user,repo,user:email,workflow...
2025-11-26 17:36:20.009 [info] Getting sessions for all scopes...
2025-11-26 17:36:20.009 [info] Got 1 sessions for ...
2025-11-26 17:36:20.009 [info] Getting sessions for all scopes...
2025-11-26 17:36:20.009 [info] Got 1 sessions for ...
2025-11-26 17:36:20.233 [info] Getting sessions for read:user,repo,user:email,workflow...
2025-11-26 17:36:20.233 [info] Got 1 sessions for read:user,repo,user:email,workflow...
2025-11-26 17:36:20.522 [info] FetcherService: Node fetch failed with status: 429 Too Many Requests
2025-11-26 17:36:20.562 [info] Getting sessions for all scopes...
2025-11-26 17:36:20.562 [info] Got 1 sessions for ...
2025-11-26 17:36:20.562 [info] Getting sessions for all scopes...
2025-11-26 17:36:20.562 [info] Got 1 sessions for ...
2025-11-26 17:36:20.576 [info] Getting sessions for read:user,repo,user:email,workflow...
2025-11-26 17:36:20.576 [info] Got 1 sessions for read:user,repo,user:email,workflow...
2025-11-26 17:36:20.646 [info] Getting sessions for all scopes...
2025-11-26 17:36:20.646 [info] Got 1 sessions for ...
2025-11-26 17:36:20.650 [info] Getting sessions for all scopes...
2025-11-26 17:36:20.650 [info] Got 1 sessions for ...
2025-11-26 17:36:20.651 [info] Getting sessions for all scopes...
2025-11-26 17:36:20.651 [info] Got 1 sessions for ...
2025-11-26 17:36:20.652 [info] Getting sessions for all scopes...
2025-11-26 17:36:20.652 [info] Got 1 sessions for ...
2025-11-26 17:36:20.658 [info] Getting sessions for read:user,repo,user:email,workflow...
2025-11-26 17:36:20.658 [info] Got 1 sessions for read:user,repo,user:email,workflow...
2025-11-26 17:36:20.841 [info] FetcherService: Node http/s failed with status: 429 Too Many Requests
2025-11-26 17:41:19.113 [info] Getting sessions for all scopes...
2025-11-26 17:41:19.113 [info] Got 1 sessions for ...
2025-11-26 17:41:19.115 [info] Getting sessions for read:user,repo,user:email,workflow...
2025-11-26 17:41:19.115 [info] Got 1 sessions for read:user,repo,user:email,workflow...
2025-11-26 17:46:19.116 [info] Getting sessions for all scopes...
2025-11-26 17:46:19.116 [info] Got 1 sessions for ...
2025-11-26 17:46:19.118 [info] Getting sessions for read:user,repo,user:email,workflow...
2025-11-26 17:46:19.118 [info] Got 1 sessions for read:user,repo,user:email,workflow...
2025-11-26 17:51:19.117 [info] Getting sessions for all scopes...
2025-11-26 17:51:19.117 [info] Got 1 sessions for ...
2025-11-26 17:51:19.119 [info] Getting sessions for read:user,repo,user:email,workflow...
2025-11-26 17:51:19.119 [info] Got 1 sessions for read:user,repo,user:email,workflow...
2025-11-26 17:56:19.118 [info] Getting sessions for all scopes...
2025-11-26 17:56:19.118 [info] Got 1 sessions for ...
2025-11-26 17:56:19.119 [info] Getting sessions for read:user,repo,user:email,workflow...
2025-11-26 17:56:19.119 [info] Got 1 sessions for read:user,repo,user:email,workflow...
2025-11-26 18:01:19.118 [info] Getting sessions for all scopes...
2025-11-26 18:01:19.118 [info] Got 1 sessions for ...
2025-11-26 18:01:19.120 [info] Getting sessions for read:user,repo,user:email,workflow...
2025-11-26 18:01:19.120 [info] Got 1 sessions for read:user,repo,user:email,workflow...
2025-11-26 18:01:40.186 [info] Getting sessions for read:user,repo,user:email,workflow...
2025-11-26 18:01:40.186 [info] Got 1 sessions for read:user,repo,user:email,workflow...
2025-11-26 18:06:19.119 [info] Getting sessions for all scopes...
2025-11-26 18:06:19.119 [info] Got 1 sessions for ...
2025-11-26 18:06:19.121 [info] Getting sessions for read:user,repo,user:email,workflow...
2025-11-26 18:06:19.121 [info] Got 1 sessions for read:user,repo,user:email,workflow...
2025-11-26 18:11:19.120 [info] Getting sessions for all scopes...
2025-11-26 18:11:19.120 [info] Got 1 sessions for ...
2025-11-26 18:11:19.122 [info] Getting sessions for read:user,repo,user:email,workflow...
2025-11-26 18:11:19.122 [info] Got 1 sessions for read:user,repo,user:email,workflow...
2025-11-26 18:16:19.120 [info] Getting sessions for all scopes...
2025-11-26 18:16:19.120 [info] Got 1 sessions for ...
2025-11-26 18:16:19.121 [info] Getting sessions for read:user,repo,user:email,workflow...
2025-11-26 18:16:19.122 [info] Got 1 sessions for read:user,repo,user:email,workflow...
2025-11-26 18:21:19.120 [info] Getting sessions for all scopes...
2025-11-26 18:21:19.120 [info] Got 1 sessions for ...
2025-11-26 18:21:19.121 [info] Getting sessions for read:user,repo,user:email,workflow...
2025-11-26 18:21:19.121 [info] Got 1 sessions for read:user,repo,user:email,workflow...
2025-11-26 18:26:19.120 [info] Getting sessions for all scopes...
2025-11-26 18:26:19.120 [info] Got 1 sessions for ...
2025-11-26 18:26:19.122 [info] Getting sessions for read:user,repo,user:email,workflow...
2025-11-26 18:26:19.123 [info] Got 1 sessions for read:user,repo,user:email,workflow...
2025-11-26 18:31:19.123 [info] Getting sessions for all scopes...
2025-11-26 18:31:19.123 [info] Got 1 sessions for ...
2025-11-26 18:31:19.125 [info] Getting sessions for read:user,repo,user:email,workflow...
2025-11-26 18:31:19.125 [info] Got 1 sessions for read:user,repo,user:email,workflow...
2025-11-26 18:34:01.077 [info] Getting sessions for read:user,repo,user:email,workflow...
2025-11-26 18:34:01.077 [info] Got 1 sessions for read:user,repo,user:email,workflow...
2025-11-26 18:36:19.124 [info] Getting sessions for all scopes...
2025-11-26 18:36:19.124 [info] Got 1 sessions for ...
2025-11-26 18:36:19.125 [info] Getting sessions for read:user,repo,user:email,workflow...
2025-11-26 18:36:19.125 [info] Got 1 sessions for read:user,repo,user:email,workflow...
2025-11-26 18:41:19.126 [info] Getting sessions for all scopes...
2025-11-26 18:41:19.126 [info] Got 1 sessions for ...
2025-11-26 18:41:19.128 [info] Getting sessions for read:user,repo,user:email,workflow...
2025-11-26 18:41:19.128 [info] Got 1 sessions for read:user,repo,user:email,workflow...
2025-11-26 18:46:19.129 [info] Getting sessions for all scopes...
2025-11-26 18:46:19.129 [info] Got 1 sessions for ...
2025-11-26 18:46:19.131 [info] Getting sessions for read:user,repo,user:email,workflow...
2025-11-26 18:46:19.131 [info] Got 1 sessions for read:user,repo,user:email,workflow...
2025-11-26 18:51:19.130 [info] Getting sessions for all scopes...
2025-11-26 18:51:19.130 [info] Got 1 sessions for ...
2025-11-26 18:51:19.132 [info] Getting sessions for read:user,repo,user:email,workflow...
2025-11-26 18:51:19.132 [info] Got 1 sessions for read:user,repo,user:email,workflow...
2025-11-26 18:56:19.131 [info] Getting sessions for all scopes...
2025-11-26 18:56:19.131 [info] Got 1 sessions for ...
2025-11-26 18:56:19.133 [info] Getting sessions for read:user,repo,user:email,workflow...
2025-11-26 18:56:19.133 [info] Got 1 sessions for read:user,repo,user:email,workflow...
2025-11-26 19:01:19.133 [info] Getting sessions for all scopes...
2025-11-26 19:01:19.133 [info] Got 1 sessions for ...
2025-11-26 19:01:19.134 [info] Getting sessions for read:user,repo,user:email,workflow...
2025-11-26 19:01:19.134 [info] Got 1 sessions for read:user,repo,user:email,workflow...
2025-11-26 19:06:19.134 [info] Getting sessions for all scopes...
2025-11-26 19:06:19.134 [info] Got 1 sessions for ...
2025-11-26 19:06:19.135 [info] Getting sessions for read:user,repo,user:email,workflow...
2025-11-26 19:06:19.135 [info] Got 1 sessions for read:user,repo,user:email,workflow...
2025-11-26 19:11:19.134 [info] Getting sessions for all scopes...
2025-11-26 19:11:19.134 [info] Got 1 sessions for ...
2025-11-26 19:11:19.136 [info] Getting sessions for read:user,repo,user:email,workflow...
2025-11-26 19:11:19.136 [info] Got 1 sessions for read:user,repo,user:email,workflow...
2025-11-26 19:16:19.135 [info] Getting sessions for all scopes...
2025-11-26 19:16:19.135 [info] Got 1 sessions for ...
2025-11-26 19:16:19.137 [info] Getting sessions for read:user,repo,user:email,workflow...
2025-11-26 19:16:19.137 [info] Got 1 sessions for read:user,repo,user:email,workflow...
2025-11-26 19:21:19.137 [info] Getting sessions for all scopes...
2025-11-26 19:21:19.137 [info] Got 1 sessions for ...
2025-11-26 19:21:19.139 [info] Getting sessions for read:user,repo,user:email,workflow...
2025-11-26 19:21:19.139 [info] Got 1 sessions for read:user,repo,user:email,workflow...
2025-11-26 19:26:19.139 [info] Getting sessions for all scopes...
2025-11-26 19:26:19.139 [info] Got 1 sessions for ...
2025-11-26 19:26:19.141 [info] Getting sessions for read:user,repo,user:email,workflow...
2025-11-26 19:26:19.141 [info] Got 1 sessions for read:user,repo,user:email,workflow...
2025-11-26 19:31:19.142 [info] Getting sessions for all scopes...
2025-11-26 19:31:19.142 [info] Got 1 sessions for ...
2025-11-26 19:31:19.144 [info] Getting sessions for read:user,repo,user:email,workflow...
2025-11-26 19:31:19.144 [info] Got 1 sessions for read:user,repo,user:email,workflow...
2025-11-26 19:36:19.143 [info] Getting sessions for all scopes...
2025-11-26 19:36:19.143 [info] Got 1 sessions for ...
2025-11-26 19:36:19.145 [info] Getting sessions for read:user,repo,user:email,workflow...
2025-11-26 19:36:19.145 [info] Got 1 sessions for read:user,repo,user:email,workflow...
2025-11-26 19:41:19.146 [info] Getting sessions for all scopes...
2025-11-26 19:41:19.146 [info] Got 1 sessions for ...
2025-11-26 19:41:19.147 [info] Getting sessions for read:user,repo,user:email,workflow...
2025-11-26 19:41:19.147 [info] Got 1 sessions for read:user,repo,user:email,workflow...
2025-11-26 19:46:19.148 [info] Getting sessions for all scopes...
2025-11-26 19:46:19.148 [info] Got 1 sessions for ...
2025-11-26 19:46:19.150 [info] Getting sessions for read:user,repo,user:email,workflow...
2025-11-26 19:46:19.150 [info] Got 1 sessions for read:user,repo,user:email,workflow...
2025-11-26 19:51:19.150 [info] Getting sessions for all scopes...
2025-11-26 19:51:19.150 [info] Got 1 sessions for ...
2025-11-26 19:51:19.152 [info] Getting sessions for read:user,repo,user:email,workflow...
2025-11-26 19:51:19.152 [info] Got 1 sessions for read:user,repo,user:email,workflow...
2025-11-26 19:56:19.153 [info] Getting sessions for all scopes...
2025-11-26 19:56:19.153 [info] Got 1 sessions for ...
2025-11-26 19:56:19.154 [info] Getting sessions for read:user,repo,user:email,workflow...
2025-11-26 19:56:19.154 [info] Got 1 sessions for read:user,repo,user:email,workflow...
2025-11-26 20:01:19.155 [info] Getting sessions for all scopes...
2025-11-26 20:01:19.155 [info] Got 1 sessions for ...
2025-11-26 20:01:19.157 [info] Getting sessions for read:user,repo,user:email,workflow...
2025-11-26 20:01:19.157 [info] Got 1 sessions for read:user,repo,user:email,workflow...
2025-11-26 20:06:19.156 [info] Getting sessions for all scopes...
2025-11-26 20:06:19.156 [info] Got 1 sessions for ...
2025-11-26 20:06:19.157 [info] Getting sessions for read:user,repo,user:email,workflow...
2025-11-26 20:06:19.157 [info] Got 1 sessions for read:user,repo,user:email,workflow...
2025-11-26 20:11:19.159 [info] Getting sessions for all scopes...
2025-11-26 20:11:19.160 [info] Got 1 sessions for ...
2025-11-26 20:11:19.161 [info] Getting sessions for read:user,repo,user:email,workflow...
2025-11-26 20:11:19.161 [info] Got 1 sessions for read:user,repo,user:email,workflow...
2025-11-26 20:16:19.163 [info] Getting sessions for all scopes...
2025-11-26 20:16:19.163 [info] Got 1 sessions for ...
2025-11-26 20:16:19.164 [info] Getting sessions for read:user,repo,user:email,workflow...
2025-11-26 20:16:19.164 [info] Got 1 sessions for read:user,repo,user:email,workflow...
2025-11-26 20:21:19.163 [info] Getting sessions for all scopes...
2025-11-26 20:21:19.163 [info] Got 1 sessions for ...
2025-11-26 20:21:19.165 [info] Getting sessions for read:user,repo,user:email,workflow...
2025-11-26 20:21:19.165 [info] Got 1 sessions for read:user,repo,user:email,workflow...
2025-11-26 20:26:19.166 [info] Getting sessions for all scopes...
2025-11-26 20:26:19.166 [info] Got 1 sessions for ...
2025-11-26 20:26:19.167 [info] Getting sessions for read:user,repo,user:email,workflow...
2025-11-26 20:26:19.167 [info] Got 1 sessions for read:user,repo,user:email,workflow...
2025-11-26 20:31:19.168 [info] Getting sessions for all scopes...
2025-11-26 20:31:19.168 [info] Got 1 sessions for ...
2025-11-26 20:31:19.170 [info] Getting sessions for read:user,repo,user:email,workflow...
2025-11-26 20:31:19.170 [info] Got 1 sessions for read:user,repo,user:email,workflow...
