2025-11-02 09:05:13.096 [info] [aebc6443-996d-45c2-90f0-388ff96faa56] Native Broker is only available on Windows and macOS
2025-11-02 09:05:13.231 [info] [getSessions] [all] starting
2025-11-02 09:05:13.231 [info] [getSessions] [all] returned 0 session(s)
2025-11-02 09:05:13.231 [info] [getSessions] [all] starting
2025-11-02 09:05:13.231 [info] [getSessions] [all] returned 0 session(s)
2025-11-02 09:05:13.231 [info] [getSessions] [all] starting
2025-11-02 09:05:13.231 [info] [getSessions] [all] returned 0 session(s)
2025-11-02 09:05:13.231 [info] [getSessions] [all] starting
2025-11-02 09:05:13.231 [info] [getSessions] [all] returned 0 session(s)
2025-11-02 09:05:13.232 [info] [getSessions] [499b84ac-1321-427f-aa17-267ca6975798/.default offline_access] starting
2025-11-02 09:05:13.232 [info] [aebc6443-996d-45c2-90f0-388ff96faa56] Native Broker is only available on Windows and macOS
2025-11-02 09:05:13.235 [info] [getSessions] [499b84ac-1321-427f-aa17-267ca6975798/.default offline_access] returned 0 session(s)
2025-11-02 09:05:13.554 [info] [getSessions] [499b84ac-1321-427f-aa17-267ca6975798/.default offline_access] starting
2025-11-02 09:05:13.554 [info] [getSessions] [499b84ac-1321-427f-aa17-267ca6975798/.default offline_access] returned 0 session(s)
2025-11-02 09:05:14.515 [info] [getSessions] [all] starting
2025-11-02 09:05:14.515 [info] [getSessions] [all] returned 0 session(s)
2025-11-02 09:05:17.591 [info] [aebc6443-996d-45c2-90f0-388ff96faa56] Native Broker is only available on Windows and macOS
2025-11-02 09:05:17.670 [info] [getSessions] [all] starting
2025-11-02 09:05:17.670 [info] [getSessions] [all] returned 0 session(s)
2025-11-02 09:05:17.670 [info] [getSessions] [all] starting
2025-11-02 09:05:17.670 [info] [getSessions] [all] returned 0 session(s)
2025-11-02 09:05:17.670 [info] [getSessions] [all] starting
2025-11-02 09:05:17.670 [info] [getSessions] [all] returned 0 session(s)
2025-11-02 09:05:17.685 [info] [getSessions] [499b84ac-1321-427f-aa17-267ca6975798/.default offline_access] starting
2025-11-02 09:05:17.685 [info] [aebc6443-996d-45c2-90f0-388ff96faa56] Native Broker is only available on Windows and macOS
2025-11-02 09:05:17.742 [info] [getSessions] [499b84ac-1321-427f-aa17-267ca6975798/.default offline_access] returned 0 session(s)
2025-11-02 09:05:19.423 [info] [getSessions] [all] starting
2025-11-02 09:05:19.423 [info] [getSessions] [all] returned 0 session(s)
2025-11-02 09:05:19.424 [info] [getSessions] [all] starting
2025-11-02 09:05:19.424 [info] [getSessions] [all] returned 0 session(s)
2025-11-02 09:05:19.424 [info] [getSessions] [all] starting
2025-11-02 09:05:19.424 [info] [getSessions] [all] returned 0 session(s)
2025-11-02 09:05:20.385 [info] [getSessions] [499b84ac-1321-427f-aa17-267ca6975798/.default offline_access] starting
2025-11-02 09:05:20.385 [info] [getSessions] [499b84ac-1321-427f-aa17-267ca6975798/.default offline_access] returned 0 session(s)
2025-11-02 09:05:20.597 [info] [getSessions] [all] starting
2025-11-02 09:05:20.597 [info] [getSessions] [all] returned 0 session(s)
2025-11-02 09:52:08.686 [info] [aebc6443-996d-45c2-90f0-388ff96faa56] Native Broker is only available on Windows and macOS
2025-11-02 09:52:08.883 [info] [getSessions] [all] starting
2025-11-02 09:52:08.883 [info] [getSessions] [all] returned 0 session(s)
2025-11-02 09:52:08.883 [info] [getSessions] [all] starting
2025-11-02 09:52:08.883 [info] [getSessions] [all] returned 0 session(s)
2025-11-02 09:52:08.883 [info] [getSessions] [all] starting
2025-11-02 09:52:08.883 [info] [getSessions] [all] returned 0 session(s)
2025-11-02 09:52:08.883 [info] [getSessions] [all] starting
2025-11-02 09:52:08.883 [info] [getSessions] [all] returned 0 session(s)
2025-11-02 09:52:08.900 [info] [getSessions] [499b84ac-1321-427f-aa17-267ca6975798/.default offline_access] starting
2025-11-02 09:52:08.900 [info] [aebc6443-996d-45c2-90f0-388ff96faa56] Native Broker is only available on Windows and macOS
2025-11-02 09:52:09.022 [info] [getSessions] [499b84ac-1321-427f-aa17-267ca6975798/.default offline_access] returned 0 session(s)
2025-11-02 09:52:09.303 [info] [getSessions] [499b84ac-1321-427f-aa17-267ca6975798/.default offline_access] starting
2025-11-02 09:52:09.303 [info] [getSessions] [499b84ac-1321-427f-aa17-267ca6975798/.default offline_access] returned 0 session(s)
2025-11-02 09:52:09.783 [info] [getSessions] [all] starting
2025-11-02 09:52:09.783 [info] [getSessions] [all] returned 0 session(s)
2025-11-02 09:54:03.801 [info] [aebc6443-996d-45c2-90f0-388ff96faa56] Native Broker is only available on Windows and macOS
2025-11-02 09:54:03.881 [info] [getSessions] [all] starting
2025-11-02 09:54:03.881 [info] [getSessions] [all] returned 0 session(s)
2025-11-02 09:54:03.881 [info] [getSessions] [all] starting
2025-11-02 09:54:03.881 [info] [getSessions] [all] returned 0 session(s)
2025-11-02 09:54:03.881 [info] [getSessions] [all] starting
2025-11-02 09:54:03.881 [info] [getSessions] [all] returned 0 session(s)
2025-11-02 09:54:03.881 [info] [getSessions] [all] starting
2025-11-02 09:54:03.881 [info] [getSessions] [all] returned 0 session(s)
2025-11-02 09:54:03.913 [info] [getSessions] [499b84ac-1321-427f-aa17-267ca6975798/.default offline_access] starting
2025-11-02 09:54:03.913 [info] [aebc6443-996d-45c2-90f0-388ff96faa56] Native Broker is only available on Windows and macOS
2025-11-02 09:54:04.050 [info] [getSessions] [499b84ac-1321-427f-aa17-267ca6975798/.default offline_access] returned 0 session(s)
2025-11-02 09:54:04.142 [info] [getSessions] [499b84ac-1321-427f-aa17-267ca6975798/.default offline_access] starting
2025-11-02 09:54:04.142 [info] [getSessions] [499b84ac-1321-427f-aa17-267ca6975798/.default offline_access] returned 0 session(s)
2025-11-02 09:54:04.390 [info] [getSessions] [all] starting
2025-11-02 09:54:04.390 [info] [getSessions] [all] returned 0 session(s)
2025-11-02 09:55:31.508 [info] [aebc6443-996d-45c2-90f0-388ff96faa56] Native Broker is only available on Windows and macOS
2025-11-02 09:55:31.641 [info] [getSessions] [all] starting
2025-11-02 09:55:31.641 [info] [getSessions] [all] returned 0 session(s)
2025-11-02 09:55:31.641 [info] [getSessions] [all] starting
2025-11-02 09:55:31.641 [info] [getSessions] [all] returned 0 session(s)
2025-11-02 09:55:31.641 [info] [getSessions] [all] starting
2025-11-02 09:55:31.641 [info] [getSessions] [all] returned 0 session(s)
2025-11-02 09:55:31.641 [info] [getSessions] [all] starting
2025-11-02 09:55:31.641 [info] [getSessions] [all] returned 0 session(s)
2025-11-02 09:55:31.754 [info] [getSessions] [499b84ac-1321-427f-aa17-267ca6975798/.default offline_access] starting
2025-11-02 09:55:31.754 [info] [aebc6443-996d-45c2-90f0-388ff96faa56] Native Broker is only available on Windows and macOS
2025-11-02 09:55:31.760 [info] [getSessions] [499b84ac-1321-427f-aa17-267ca6975798/.default offline_access] returned 0 session(s)
2025-11-02 09:55:32.030 [info] [getSessions] [499b84ac-1321-427f-aa17-267ca6975798/.default offline_access] starting
2025-11-02 09:55:32.031 [info] [getSessions] [499b84ac-1321-427f-aa17-267ca6975798/.default offline_access] returned 0 session(s)
2025-11-02 09:55:32.327 [info] [getSessions] [all] starting
2025-11-02 09:55:32.327 [info] [getSessions] [all] returned 0 session(s)
2025-11-02 10:35:40.308 [info] [getSessions] [499b84ac-1321-427f-aa17-267ca6975798/.default offline_access] starting
2025-11-02 10:35:40.309 [info] [getSessions] [499b84ac-1321-427f-aa17-267ca6975798/.default offline_access] returned 0 session(s)
2025-11-02 17:37:48.232 [info] [aebc6443-996d-45c2-90f0-388ff96faa56] Native Broker is only available on Windows and macOS
2025-11-02 17:37:48.272 [info] [getSessions] [all] starting
2025-11-02 17:37:48.272 [info] [getSessions] [all] returned 0 session(s)
2025-11-02 17:37:48.273 [info] [getSessions] [all] starting
2025-11-02 17:37:48.273 [info] [getSessions] [all] returned 0 session(s)
2025-11-02 17:37:48.273 [info] [getSessions] [all] starting
2025-11-02 17:37:48.273 [info] [getSessions] [all] returned 0 session(s)
2025-11-02 17:37:48.273 [info] [getSessions] [all] starting
2025-11-02 17:37:48.273 [info] [getSessions] [all] returned 0 session(s)
2025-11-02 17:37:48.453 [info] [getSessions] [499b84ac-1321-427f-aa17-267ca6975798/.default offline_access] starting
2025-11-02 17:37:48.453 [info] [aebc6443-996d-45c2-90f0-388ff96faa56] Native Broker is only available on Windows and macOS
2025-11-02 17:37:48.456 [info] [getSessions] [499b84ac-1321-427f-aa17-267ca6975798/.default offline_access] returned 0 session(s)
2025-11-02 17:37:48.500 [info] [getSessions] [499b84ac-1321-427f-aa17-267ca6975798/.default offline_access] starting
2025-11-02 17:37:48.500 [info] [getSessions] [499b84ac-1321-427f-aa17-267ca6975798/.default offline_access] returned 0 session(s)
2025-11-02 17:37:49.023 [info] [getSessions] [all] starting
2025-11-02 17:37:49.023 [info] [getSessions] [all] returned 0 session(s)
2025-11-02 17:43:20.464 [info] [aebc6443-996d-45c2-90f0-388ff96faa56] Native Broker is only available on Windows and macOS
2025-11-02 17:43:20.668 [info] [getSessions] [all] starting
2025-11-02 17:43:20.668 [info] [getSessions] [all] returned 0 session(s)
2025-11-02 17:43:20.668 [info] [getSessions] [all] starting
2025-11-02 17:43:20.668 [info] [getSessions] [all] returned 0 session(s)
2025-11-02 17:43:20.668 [info] [getSessions] [all] starting
2025-11-02 17:43:20.668 [info] [getSessions] [all] returned 0 session(s)
2025-11-02 17:43:20.668 [info] [getSessions] [all] starting
2025-11-02 17:43:20.668 [info] [getSessions] [all] returned 0 session(s)
2025-11-02 17:43:20.846 [info] [getSessions] [499b84ac-1321-427f-aa17-267ca6975798/.default offline_access] starting
2025-11-02 17:43:20.846 [info] [aebc6443-996d-45c2-90f0-388ff96faa56] Native Broker is only available on Windows and macOS
2025-11-02 17:43:20.871 [info] [getSessions] [499b84ac-1321-427f-aa17-267ca6975798/.default offline_access] returned 0 session(s)
2025-11-02 17:43:21.221 [info] [getSessions] [499b84ac-1321-427f-aa17-267ca6975798/.default offline_access] starting
2025-11-02 17:43:21.221 [info] [getSessions] [499b84ac-1321-427f-aa17-267ca6975798/.default offline_access] returned 0 session(s)
2025-11-02 17:43:21.384 [info] [getSessions] [all] starting
2025-11-02 17:43:21.384 [info] [getSessions] [all] returned 0 session(s)
2025-11-02 21:22:13.140 [info] [getSessions] [499b84ac-1321-427f-aa17-267ca6975798/.default offline_access] starting
2025-11-02 21:22:13.141 [info] [getSessions] [499b84ac-1321-427f-aa17-267ca6975798/.default offline_access] returned 0 session(s)
