2025-11-17 18:23:16.240 [info] [aebc6443-996d-45c2-90f0-388ff96faa56] Native Broker is only available on Windows and macOS
2025-11-17 18:23:16.276 [info] [getSessions] [all] starting
2025-11-17 18:23:16.276 [info] [getSessions] [all] returned 0 session(s)
2025-11-17 18:23:16.276 [info] [getSessions] [all] starting
2025-11-17 18:23:16.276 [info] [getSessions] [all] returned 0 session(s)
2025-11-17 18:23:16.276 [info] [getSessions] [all] starting
2025-11-17 18:23:16.276 [info] [getSessions] [all] returned 0 session(s)
2025-11-17 18:23:16.276 [info] [getSessions] [all] starting
2025-11-17 18:23:16.276 [info] [getSessions] [all] returned 0 session(s)
2025-11-17 18:23:16.457 [info] [getSessions] [499b84ac-1321-427f-aa17-267ca6975798/.default offline_access] starting
2025-11-17 18:23:16.457 [info] [aebc6443-996d-45c2-90f0-388ff96faa56] Native Broker is only available on Windows and macOS
2025-11-17 18:23:16.472 [info] [getSessions] [499b84ac-1321-427f-aa17-267ca6975798/.default offline_access] returned 0 session(s)
2025-11-17 18:23:16.919 [info] [getSessions] [499b84ac-1321-427f-aa17-267ca6975798/.default offline_access] starting
2025-11-17 18:23:16.919 [info] [getSessions] [499b84ac-1321-427f-aa17-267ca6975798/.default offline_access] returned 0 session(s)
2025-11-17 18:23:17.498 [info] [getSessions] [all] starting
2025-11-17 18:23:17.498 [info] [getSessions] [all] returned 0 session(s)
2025-11-17 18:34:30.537 [info] [aebc6443-996d-45c2-90f0-388ff96faa56] Native Broker is only available on Windows and macOS
2025-11-17 18:34:30.573 [info] [getSessions] [all] starting
2025-11-17 18:34:30.573 [info] [getSessions] [all] returned 0 session(s)
2025-11-17 18:34:30.573 [info] [getSessions] [all] starting
2025-11-17 18:34:30.573 [info] [getSessions] [all] returned 0 session(s)
2025-11-17 18:34:30.573 [info] [getSessions] [all] starting
2025-11-17 18:34:30.573 [info] [getSessions] [all] returned 0 session(s)
2025-11-17 18:34:30.591 [info] [getSessions] [499b84ac-1321-427f-aa17-267ca6975798/.default offline_access] starting
2025-11-17 18:34:30.591 [info] [aebc6443-996d-45c2-90f0-388ff96faa56] Native Broker is only available on Windows and macOS
2025-11-17 18:34:30.628 [info] [getSessions] [499b84ac-1321-427f-aa17-267ca6975798/.default offline_access] returned 0 session(s)
2025-11-17 18:34:32.366 [info] [getSessions] [all] starting
2025-11-17 18:34:32.366 [info] [getSessions] [all] returned 0 session(s)
2025-11-17 18:34:32.367 [info] [getSessions] [all] starting
2025-11-17 18:34:32.367 [info] [getSessions] [all] returned 0 session(s)
2025-11-17 18:34:32.367 [info] [getSessions] [all] starting
2025-11-17 18:34:32.367 [info] [getSessions] [all] returned 0 session(s)
2025-11-17 18:34:33.510 [info] [getSessions] [499b84ac-1321-427f-aa17-267ca6975798/.default offline_access] starting
2025-11-17 18:34:33.510 [info] [getSessions] [499b84ac-1321-427f-aa17-267ca6975798/.default offline_access] returned 0 session(s)
2025-11-17 18:34:33.992 [info] [getSessions] [all] starting
2025-11-17 18:34:33.992 [info] [getSessions] [all] returned 0 session(s)
2025-11-17 18:35:07.225 [info] [aebc6443-996d-45c2-90f0-388ff96faa56] Native Broker is only available on Windows and macOS
2025-11-17 18:35:09.024 [info] [getSessions] [all] starting
2025-11-17 18:35:09.024 [info] [getSessions] [all] returned 0 session(s)
2025-11-17 18:35:09.024 [info] [getSessions] [all] starting
2025-11-17 18:35:09.024 [info] [getSessions] [all] returned 0 session(s)
2025-11-17 18:35:09.024 [info] [getSessions] [all] starting
2025-11-17 18:35:09.024 [info] [getSessions] [all] returned 0 session(s)
2025-11-17 18:35:09.024 [info] [getSessions] [all] starting
2025-11-17 18:35:09.024 [info] [getSessions] [all] returned 0 session(s)
2025-11-17 18:35:09.088 [info] [getSessions] [499b84ac-1321-427f-aa17-267ca6975798/.default offline_access] starting
2025-11-17 18:35:09.088 [info] [aebc6443-996d-45c2-90f0-388ff96faa56] Native Broker is only available on Windows and macOS
2025-11-17 18:35:09.636 [info] [getSessions] [499b84ac-1321-427f-aa17-267ca6975798/.default offline_access] returned 0 session(s)
2025-11-17 18:35:10.019 [info] [getSessions] [499b84ac-1321-427f-aa17-267ca6975798/.default offline_access] starting
2025-11-17 18:35:10.019 [info] [getSessions] [499b84ac-1321-427f-aa17-267ca6975798/.default offline_access] returned 0 session(s)
2025-11-17 18:35:10.212 [info] [getSessions] [all] starting
2025-11-17 18:35:10.212 [info] [getSessions] [all] returned 0 session(s)
