2025-11-24 19:02:17.073 [info] [main] Log level: Info
2025-11-24 19:02:17.073 [info] [main] Validating found git in: "git"
2025-11-24 19:02:17.073 [info] [main] Using git "2.52.0" from "git"
2025-11-24 19:02:17.073 [info] [Model][doInitialScan] Initial repository scan started
2025-11-24 19:02:17.073 [info] > git rev-parse --show-toplevel [6ms]
2025-11-24 19:02:17.073 [info] > git rev-parse --git-dir --git-common-dir --show-superproject-working-tree [4ms]
2025-11-24 19:02:17.073 [info] [Model][openRepository] Opened repository (path): /home/pancake/Documents/part-2-team-28
2025-11-24 19:02:17.073 [info] [Model][openRepository] Opened repository (real path): /home/pancake/Documents/part-2-team-28
2025-11-24 19:02:17.073 [info] [Model][openRepository] Opened repository (kind): repository
2025-11-24 19:02:17.073 [info] > git config --get commit.template [7ms]
2025-11-24 19:02:17.073 [info] > git rev-parse --show-toplevel [4ms]
2025-11-24 19:02:17.073 [info] > git rev-parse --show-toplevel [27ms]
2025-11-24 19:02:17.073 [info] > git for-each-ref --format=%(refname)%00%(upstream:short)%00%(objectname)%00%(upstream:track)%00%(upstream:remotename)%00%(upstream:remoteref) refs/heads/refactor1 refs/remotes/refactor1 [33ms]
2025-11-24 19:02:17.073 [info] > git rev-parse --show-toplevel [4ms]
2025-11-24 19:02:17.097 [info] > git status -z -uall [9ms]
2025-11-24 19:02:17.097 [info] > git rev-parse --show-toplevel [15ms]
2025-11-24 19:02:19.544 [info] > git fetch [2541ms]
2025-11-24 19:02:19.546 [info] > git for-each-ref --sort -committerdate --format %(refname)%00%(objectname)%00%(*objectname) [2452ms] (cancelled)
2025-11-24 19:02:19.687 [info] > git check-ignore -v -z --stdin [118ms]
2025-11-24 19:02:19.689 [info] > git for-each-ref --format=%(refname)%00%(upstream:short)%00%(objectname)%00%(upstream:track)%00%(upstream:remotename)%00%(upstream:remoteref) refs/heads/refactor1 refs/remotes/refactor1 [132ms]
2025-11-24 19:02:19.700 [info] > git rev-parse --show-toplevel [173ms]
2025-11-24 19:02:19.704 [info] [Model][doInitialScan] Initial repository scan completed - repositories (1), closed repositories (0), parent repositories (0), unsafe repositories (0)
