2025-11-02 09:05:08.322 [error] Invalid path provided: /home/pancake/Documents/team5, ENOENT: no such file or directory, stat '/home/pancake/Documents/team5'
2025-11-02 09:05:08.402 [info] update#setState idle
2025-11-02 09:05:15.367 [info] Extension host with pid 257718 exited with code: 0, signal: unknown.
2025-11-02 09:05:38.403 [info] update#setState checking for updates
2025-11-02 09:05:38.494 [info] update#setState idle
2025-11-02 09:52:02.557 [info] Extension host with pid 258630 exited with code: 0, signal: unknown.
2025-11-02 09:52:02.726 [error] [UtilityProcess id: 1, type: fileWatcher, pid: 258618]: crashed with code 15 and reason 'killed'
2025-11-02 09:53:57.511 [info] Extension host with pid 266292 exited with code: 0, signal: unknown.
2025-11-02 09:55:25.366 [info] Extension host with pid 267242 exited with code: 0, signal: unknown.
2025-11-02 10:05:38.405 [info] update#setState checking for updates
2025-11-02 10:05:38.699 [info] update#setState idle
2025-11-02 11:05:38.408 [info] update#setState checking for updates
2025-11-02 11:05:49.293 [info] update#setState idle
2025-11-02 12:05:38.416 [info] update#setState checking for updates
2025-11-02 12:05:41.668 [info] update#setState idle
2025-11-02 13:05:38.423 [info] update#setState checking for updates
2025-11-02 13:05:38.515 [info] update#setState idle
2025-11-02 14:05:38.427 [info] update#setState checking for updates
2025-11-02 14:05:38.652 [info] update#setState idle
2025-11-02 15:05:38.428 [info] update#setState checking for updates
2025-11-02 15:05:38.541 [info] update#setState idle
2025-11-02 16:05:38.432 [info] update#setState checking for updates
2025-11-02 16:05:38.509 [info] update#setState idle
2025-11-02 17:05:38.436 [info] update#setState checking for updates
2025-11-02 17:05:38.539 [info] update#setState idle
2025-11-02 17:37:41.115 [info] Extension host with pid 268118 exited with code: 0, signal: unknown.
2025-11-02 17:37:41.239 [error] [UtilityProcess id: 1, type: fileWatcher, pid: 268119]: crashed with code 15 and reason 'killed'
2025-11-02 17:43:13.137 [info] Extension host with pid 315661 exited with code: 0, signal: unknown.
2025-11-02 17:43:13.221 [error] [UtilityProcess id: 1, type: fileWatcher, pid: 315662]: crashed with code 15 and reason 'killed'
2025-11-02 18:05:38.440 [info] update#setState checking for updates
2025-11-02 18:05:38.612 [info] update#setState idle
2025-11-02 19:05:38.442 [info] update#setState checking for updates
2025-11-02 19:05:38.530 [info] update#setState idle
2025-11-02 20:05:38.444 [info] update#setState checking for updates
2025-11-02 20:05:38.586 [info] update#setState idle
2025-11-02 21:05:38.446 [info] update#setState checking for updates
2025-11-02 21:05:38.560 [info] update#setState idle
2025-11-02 22:05:38.447 [info] update#setState checking for updates
2025-11-02 22:05:38.564 [info] update#setState idle
2025-11-02 23:05:38.448 [info] update#setState checking for updates
2025-11-02 23:05:38.545 [info] update#setState idle
2025-11-03 00:05:38.453 [info] update#setState checking for updates
2025-11-03 00:05:38.588 [info] update#setState idle
2025-11-03 01:05:38.454 [info] update#setState checking for updates
2025-11-03 01:05:38.571 [info] update#setState idle
2025-11-03 11:09:49.679 [info] update#setState checking for updates
2025-11-03 11:09:49.695 [error] #25: https://update.code.visualstudio.com/api/update/linux-x64/stable/7d842fb85a0275a4a8e4d7e040d2625abbf7f084?bg=true - error undefined net::ERR_INTERNET_DISCONNECTED
2025-11-03 11:09:49.696 [error] Error: net::ERR_INTERNET_DISCONNECTED
    at SimpleURLLoaderWrapper.<anonymous> (node:electron/js2c/browser_init:2:123921)
    at SimpleURLLoaderWrapper.emit (node:events:519:28)
2025-11-03 11:09:49.696 [info] update#setState idle
2025-11-03 12:09:49.696 [info] update#setState checking for updates
2025-11-03 12:09:49.943 [info] update#setState idle
2025-11-03 13:09:49.698 [info] update#setState checking for updates
2025-11-03 13:09:49.810 [info] update#setState idle
2025-11-03 14:09:49.701 [info] update#setState checking for updates
2025-11-03 14:09:49.831 [info] update#setState idle
2025-11-03 15:26:32.341 [info] update#setState checking for updates
2025-11-03 15:26:32.448 [info] update#setState idle
2025-11-03 16:26:32.343 [info] update#setState checking for updates
2025-11-03 16:26:32.498 [info] update#setState idle
2025-11-03 17:31:22.156 [info] update#setState checking for updates
2025-11-03 17:31:22.372 [info] update#setState idle
2025-11-03 19:13:59.657 [info] update#setState checking for updates
2025-11-03 19:13:59.779 [info] update#setState idle
2025-11-04 14:01:05.774 [info] update#setState checking for updates
2025-11-04 14:01:05.943 [info] update#setState idle
2025-11-04 15:01:05.781 [info] update#setState checking for updates
2025-11-04 15:01:05.977 [info] update#setState idle
2025-11-04 15:15:45.679 [info] Extension host with pid 316759 exited with code: 0, signal: unknown.
