2025-11-02 09:52:03.336 [info] Revived process, old id c8412d8388aca0d4521678d77452e217-1 -> new id 2
2025-11-02 09:52:03.464 [info] Expanding terminal instance, old id c8412d8388aca0d4521678d77452e217-1 -> new id 2
2025-11-02 09:52:04.380 [warning] Persistent process "2": Process had no disconnect runners but was an orphan
2025-11-02 09:52:04.380 [info] Persistent process reconnection "2"
2025-11-02 09:52:04.427 [info] Persistent process "2": Replaying 8140 chars and 1 size events
2025-11-02 09:53:58.118 [info] Revived process, old id ba4c0d7fe5803279736170a7fd3d614a-1 -> new id 3
2025-11-02 09:53:58.193 [info] Expanding terminal instance, old id ba4c0d7fe5803279736170a7fd3d614a-1 -> new id 3
2025-11-02 09:53:58.881 [warning] Persistent process "3": Process had no disconnect runners but was an orphan
2025-11-02 09:53:58.882 [info] Persistent process reconnection "3"
2025-11-02 09:53:58.906 [info] Persistent process "3": Replaying 5171 chars and 1 size events
2025-11-02 09:55:26.108 [info] Revived process, old id c8412d8388aca0d4521678d77452e217-2 -> new id 4
2025-11-02 09:55:26.229 [info] Expanding terminal instance, old id c8412d8388aca0d4521678d77452e217-2 -> new id 4
2025-11-02 09:55:27.075 [warning] Persistent process "4": Process had no disconnect runners but was an orphan
2025-11-02 09:55:27.075 [info] Persistent process reconnection "4"
2025-11-02 09:55:27.130 [info] Persistent process "4": Replaying 7919 chars and 1 size events
2025-11-02 17:37:41.937 [info] Revived process, old id ba4c0d7fe5803279736170a7fd3d614a-3 -> new id 5
2025-11-02 17:37:41.996 [info] Expanding terminal instance, old id ba4c0d7fe5803279736170a7fd3d614a-3 -> new id 5
2025-11-02 17:37:42.809 [warning] Persistent process "5": Process had no disconnect runners but was an orphan
2025-11-02 17:37:42.809 [info] Persistent process reconnection "5"
2025-11-02 17:37:42.852 [info] Persistent process "5": Replaying 4605 chars and 1 size events
2025-11-02 17:43:14.703 [info] Revived process, old id c8412d8388aca0d4521678d77452e217-4 -> new id 6
2025-11-02 17:43:14.907 [info] Expanding terminal instance, old id c8412d8388aca0d4521678d77452e217-4 -> new id 6
2025-11-02 17:43:15.203 [warning] Persistent process "6": Process had no disconnect runners but was an orphan
2025-11-02 17:43:15.203 [info] Persistent process reconnection "6"
2025-11-02 17:43:15.210 [info] Persistent process "6": Replaying 2695 chars and 1 size events
