2025-11-24 19:02:16.595 [info] Reading sessions from keychain...
2025-11-24 19:02:16.595 [info] Getting sessions for all scopes...
2025-11-24 19:02:16.595 [info] Got stored sessions!
2025-11-24 19:02:16.595 [info] Got 1 verified sessions.
2025-11-24 19:02:16.595 [info] Got 1 sessions for ...
2025-11-24 19:02:16.595 [info] Getting sessions for all scopes...
2025-11-24 19:02:16.595 [info] Got 1 sessions for ...
2025-11-24 19:02:16.595 [info] Getting sessions for all scopes...
2025-11-24 19:02:16.595 [info] Got 1 sessions for ...
2025-11-24 19:02:16.595 [info] Getting sessions for all scopes...
2025-11-24 19:02:16.595 [info] Got 1 sessions for ...
2025-11-24 19:02:16.595 [info] Getting sessions for all scopes...
2025-11-24 19:02:16.595 [info] Got 1 sessions for ...
2025-11-24 19:02:16.595 [info] Getting sessions for all scopes...
2025-11-24 19:02:16.595 [info] Got 1 sessions for ...
2025-11-24 19:02:16.595 [info] Getting sessions for all scopes...
2025-11-24 19:02:16.595 [info] Got 1 sessions for ...
2025-11-24 19:02:16.630 [info] Getting sessions for all scopes...
2025-11-24 19:02:16.630 [info] Got 1 sessions for ...
2025-11-24 19:02:16.631 [info] Getting sessions for all scopes...
2025-11-24 19:02:16.631 [info] Got 1 sessions for ...
2025-11-24 19:02:16.632 [info] Getting sessions for all scopes...
2025-11-24 19:02:16.632 [info] Got 1 sessions for ...
2025-11-24 19:02:16.632 [info] Getting sessions for all scopes...
2025-11-24 19:02:16.632 [info] Got 1 sessions for ...
2025-11-24 19:02:16.633 [info] Getting sessions for all scopes...
2025-11-24 19:02:16.633 [info] Got 1 sessions for ...
2025-11-24 19:02:16.633 [info] Getting sessions for all scopes...
2025-11-24 19:02:16.633 [info] Got 1 sessions for ...
2025-11-24 19:02:16.924 [info] Getting sessions for all scopes...
2025-11-24 19:02:16.924 [info] Got 1 sessions for ...
2025-11-24 19:02:19.606 [info] Getting sessions for all scopes...
2025-11-24 19:02:19.606 [info] Got 1 sessions for ...
2025-11-24 19:02:19.622 [info] Getting sessions for all scopes...
2025-11-24 19:02:19.622 [info] Got 1 sessions for ...
2025-11-24 19:02:19.622 [info] Getting sessions for all scopes...
2025-11-24 19:02:19.622 [info] Got 1 sessions for ...
2025-11-24 19:02:19.622 [info] Getting sessions for all scopes...
2025-11-24 19:02:19.622 [info] Got 1 sessions for ...
